CRITICAL - 2024-10-13 02:31:56 --> ErrorException: Undefined array key "site_name"
[Method: GET, Route: /]
in APPPATH\Controllers\Home.php on line 40.
 1 APPPATH\Controllers\Home.php(40): CodeIgniter\Debug\Exceptions->errorHandler(2, 'Undefined array key "site_name"', 'C:\\xampp\\htdocs\\sipbs\\app\\Controllers\\Home.php', 40)
 2 SYSTEMPATH\CodeIgniter.php(933): App\Controllers\Home->index()
 3 SYSTEMPATH\CodeIgniter.php(509): CodeIgniter\CodeIgniter->runController(Object(App\Controllers\Home))
 4 SYSTEMPATH\CodeIgniter.php(355): CodeIgniter\CodeIgniter->handleRequest(null, Object(Config\Cache), false)
 5 SYSTEMPATH\Boot.php(325): CodeIgniter\CodeIgniter->run()
 6 SYSTEMPATH\Boot.php(67): CodeIgniter\Boot::runCodeIgniter(Object(CodeIgniter\CodeIgniter))
 7 FCPATH\index.php(56): CodeIgniter\Boot::bootWeb(Object(Config\Paths))
 8 SYSTEMPATH\rewrite.php(44): require_once('C:\\xampp\\htdocs\\sipbs\\public\\index.php')
CRITICAL - 2024-10-13 04:36:50 --> ErrorException: Cannot redeclare dd() (previously declared in C:\xampp\htdocs\sipbs\system\Helpers\kint_helper.php:27)
[Method: GET, Route: /]
in APPPATH\Helpers\my_helper.php on line 359.
 1 [internal function]: CodeIgniter\Debug\Exceptions->shutdownHandler()
CRITICAL - 2024-10-13 04:36:52 --> ErrorException: Cannot redeclare dd() (previously declared in C:\xampp\htdocs\sipbs\system\Helpers\kint_helper.php:27)
[Method: GET, Route: /]
in APPPATH\Helpers\my_helper.php on line 359.
 1 [internal function]: CodeIgniter\Debug\Exceptions->shutdownHandler()
CRITICAL - 2024-10-13 04:36:52 --> ErrorException: Cannot redeclare dd() (previously declared in C:\xampp\htdocs\sipbs\system\Helpers\kint_helper.php:27)
[Method: GET, Route: /]
in APPPATH\Helpers\my_helper.php on line 359.
 1 [internal function]: CodeIgniter\Debug\Exceptions->shutdownHandler()
CRITICAL - 2024-10-13 04:36:52 --> ErrorException: Cannot redeclare dd() (previously declared in C:\xampp\htdocs\sipbs\system\Helpers\kint_helper.php:27)
[Method: GET, Route: /]
in APPPATH\Helpers\my_helper.php on line 359.
 1 [internal function]: CodeIgniter\Debug\Exceptions->shutdownHandler()
CRITICAL - 2024-10-13 04:36:53 --> ErrorException: Cannot redeclare dd() (previously declared in C:\xampp\htdocs\sipbs\system\Helpers\kint_helper.php:27)
[Method: GET, Route: /]
in APPPATH\Helpers\my_helper.php on line 359.
 1 [internal function]: CodeIgniter\Debug\Exceptions->shutdownHandler()
CRITICAL - 2024-10-13 04:36:53 --> ErrorException: Cannot redeclare dd() (previously declared in C:\xampp\htdocs\sipbs\system\Helpers\kint_helper.php:27)
[Method: GET, Route: /]
in APPPATH\Helpers\my_helper.php on line 359.
 1 [internal function]: CodeIgniter\Debug\Exceptions->shutdownHandler()
CRITICAL - 2024-10-13 04:36:53 --> ErrorException: Cannot redeclare dd() (previously declared in C:\xampp\htdocs\sipbs\system\Helpers\kint_helper.php:27)
[Method: GET, Route: /]
in APPPATH\Helpers\my_helper.php on line 359.
 1 [internal function]: CodeIgniter\Debug\Exceptions->shutdownHandler()
CRITICAL - 2024-10-13 04:36:53 --> ErrorException: Cannot redeclare dd() (previously declared in C:\xampp\htdocs\sipbs\system\Helpers\kint_helper.php:27)
[Method: GET, Route: /]
in APPPATH\Helpers\my_helper.php on line 359.
 1 [internal function]: CodeIgniter\Debug\Exceptions->shutdownHandler()
CRITICAL - 2024-10-13 04:36:53 --> ErrorException: Cannot redeclare dd() (previously declared in C:\xampp\htdocs\sipbs\system\Helpers\kint_helper.php:27)
[Method: GET, Route: /]
in APPPATH\Helpers\my_helper.php on line 359.
 1 [internal function]: CodeIgniter\Debug\Exceptions->shutdownHandler()
CRITICAL - 2024-10-13 04:36:53 --> ErrorException: Cannot redeclare dd() (previously declared in C:\xampp\htdocs\sipbs\system\Helpers\kint_helper.php:27)
[Method: GET, Route: /]
in APPPATH\Helpers\my_helper.php on line 359.
 1 [internal function]: CodeIgniter\Debug\Exceptions->shutdownHandler()
CRITICAL - 2024-10-13 04:36:54 --> ErrorException: Cannot redeclare dd() (previously declared in C:\xampp\htdocs\sipbs\system\Helpers\kint_helper.php:27)
[Method: GET, Route: /]
in APPPATH\Helpers\my_helper.php on line 359.
 1 [internal function]: CodeIgniter\Debug\Exceptions->shutdownHandler()
CRITICAL - 2024-10-13 04:36:54 --> ErrorException: Cannot redeclare dd() (previously declared in C:\xampp\htdocs\sipbs\system\Helpers\kint_helper.php:27)
[Method: GET, Route: /]
in APPPATH\Helpers\my_helper.php on line 359.
 1 [internal function]: CodeIgniter\Debug\Exceptions->shutdownHandler()
CRITICAL - 2024-10-13 04:36:54 --> ErrorException: Cannot redeclare dd() (previously declared in C:\xampp\htdocs\sipbs\system\Helpers\kint_helper.php:27)
[Method: GET, Route: /]
in APPPATH\Helpers\my_helper.php on line 359.
 1 [internal function]: CodeIgniter\Debug\Exceptions->shutdownHandler()
CRITICAL - 2024-10-13 04:36:54 --> ErrorException: Cannot redeclare dd() (previously declared in C:\xampp\htdocs\sipbs\system\Helpers\kint_helper.php:27)
[Method: GET, Route: /]
in APPPATH\Helpers\my_helper.php on line 359.
 1 [internal function]: CodeIgniter\Debug\Exceptions->shutdownHandler()
CRITICAL - 2024-10-13 04:36:55 --> ErrorException: Cannot redeclare dd() (previously declared in C:\xampp\htdocs\sipbs\system\Helpers\kint_helper.php:27)
[Method: GET, Route: /]
in APPPATH\Helpers\my_helper.php on line 359.
 1 [internal function]: CodeIgniter\Debug\Exceptions->shutdownHandler()
CRITICAL - 2024-10-13 04:36:55 --> ErrorException: Cannot redeclare dd() (previously declared in C:\xampp\htdocs\sipbs\system\Helpers\kint_helper.php:27)
[Method: GET, Route: /]
in APPPATH\Helpers\my_helper.php on line 359.
 1 [internal function]: CodeIgniter\Debug\Exceptions->shutdownHandler()
CRITICAL - 2024-10-13 04:36:55 --> ErrorException: Cannot redeclare dd() (previously declared in C:\xampp\htdocs\sipbs\system\Helpers\kint_helper.php:27)
[Method: GET, Route: /]
in APPPATH\Helpers\my_helper.php on line 359.
 1 [internal function]: CodeIgniter\Debug\Exceptions->shutdownHandler()
CRITICAL - 2024-10-13 04:36:56 --> ErrorException: Cannot redeclare dd() (previously declared in C:\xampp\htdocs\sipbs\system\Helpers\kint_helper.php:27)
[Method: GET, Route: /]
in APPPATH\Helpers\my_helper.php on line 359.
 1 [internal function]: CodeIgniter\Debug\Exceptions->shutdownHandler()
CRITICAL - 2024-10-13 04:36:56 --> ErrorException: Cannot redeclare dd() (previously declared in C:\xampp\htdocs\sipbs\system\Helpers\kint_helper.php:27)
[Method: GET, Route: /]
in APPPATH\Helpers\my_helper.php on line 359.
 1 [internal function]: CodeIgniter\Debug\Exceptions->shutdownHandler()
CRITICAL - 2024-10-13 04:36:56 --> ErrorException: Cannot redeclare dd() (previously declared in C:\xampp\htdocs\sipbs\system\Helpers\kint_helper.php:27)
[Method: GET, Route: /]
in APPPATH\Helpers\my_helper.php on line 359.
 1 [internal function]: CodeIgniter\Debug\Exceptions->shutdownHandler()
CRITICAL - 2024-10-13 04:36:57 --> ErrorException: Cannot redeclare dd() (previously declared in C:\xampp\htdocs\sipbs\system\Helpers\kint_helper.php:27)
[Method: GET, Route: /]
in APPPATH\Helpers\my_helper.php on line 359.
 1 [internal function]: CodeIgniter\Debug\Exceptions->shutdownHandler()
CRITICAL - 2024-10-13 04:36:57 --> ErrorException: Cannot redeclare dd() (previously declared in C:\xampp\htdocs\sipbs\system\Helpers\kint_helper.php:27)
[Method: GET, Route: /]
in APPPATH\Helpers\my_helper.php on line 359.
 1 [internal function]: CodeIgniter\Debug\Exceptions->shutdownHandler()
CRITICAL - 2024-10-13 04:36:57 --> ErrorException: Cannot redeclare dd() (previously declared in C:\xampp\htdocs\sipbs\system\Helpers\kint_helper.php:27)
[Method: GET, Route: /]
in APPPATH\Helpers\my_helper.php on line 359.
 1 [internal function]: CodeIgniter\Debug\Exceptions->shutdownHandler()
CRITICAL - 2024-10-13 04:36:57 --> ErrorException: Cannot redeclare dd() (previously declared in C:\xampp\htdocs\sipbs\system\Helpers\kint_helper.php:27)
[Method: GET, Route: /]
in APPPATH\Helpers\my_helper.php on line 359.
 1 [internal function]: CodeIgniter\Debug\Exceptions->shutdownHandler()
CRITICAL - 2024-10-13 04:38:14 --> ErrorException: Cannot redeclare dd() (previously declared in C:\xampp\htdocs\sipbs\system\Helpers\kint_helper.php:27)
[Method: GET, Route: /]
in APPPATH\Helpers\my_helper.php on line 359.
 1 [internal function]: CodeIgniter\Debug\Exceptions->shutdownHandler()
CRITICAL - 2024-10-13 04:38:15 --> ErrorException: Cannot redeclare dd() (previously declared in C:\xampp\htdocs\sipbs\system\Helpers\kint_helper.php:27)
[Method: GET, Route: /]
in APPPATH\Helpers\my_helper.php on line 359.
 1 [internal function]: CodeIgniter\Debug\Exceptions->shutdownHandler()
CRITICAL - 2024-10-13 04:38:15 --> ErrorException: Cannot redeclare dd() (previously declared in C:\xampp\htdocs\sipbs\system\Helpers\kint_helper.php:27)
[Method: GET, Route: /]
in APPPATH\Helpers\my_helper.php on line 359.
 1 [internal function]: CodeIgniter\Debug\Exceptions->shutdownHandler()
CRITICAL - 2024-10-13 04:38:16 --> ErrorException: Cannot redeclare dd() (previously declared in C:\xampp\htdocs\sipbs\system\Helpers\kint_helper.php:27)
[Method: GET, Route: /]
in APPPATH\Helpers\my_helper.php on line 359.
 1 [internal function]: CodeIgniter\Debug\Exceptions->shutdownHandler()
CRITICAL - 2024-10-13 02:39:07 --> ErrorException: Undefined array key "site_name"
[Method: GET, Route: /]
in APPPATH\Controllers\Home.php on line 40.
 1 APPPATH\Controllers\Home.php(40): CodeIgniter\Debug\Exceptions->errorHandler(2, 'Undefined array key "site_name"', 'C:\\xampp\\htdocs\\sipbs\\app\\Controllers\\Home.php', 40)
 2 SYSTEMPATH\CodeIgniter.php(933): App\Controllers\Home->index()
 3 SYSTEMPATH\CodeIgniter.php(509): CodeIgniter\CodeIgniter->runController(Object(App\Controllers\Home))
 4 SYSTEMPATH\CodeIgniter.php(355): CodeIgniter\CodeIgniter->handleRequest(null, Object(Config\Cache), false)
 5 SYSTEMPATH\Boot.php(325): CodeIgniter\CodeIgniter->run()
 6 SYSTEMPATH\Boot.php(67): CodeIgniter\Boot::runCodeIgniter(Object(CodeIgniter\CodeIgniter))
 7 FCPATH\index.php(56): CodeIgniter\Boot::bootWeb(Object(Config\Paths))
 8 SYSTEMPATH\rewrite.php(44): require_once('C:\\xampp\\htdocs\\sipbs\\public\\index.php')
CRITICAL - 2024-10-13 02:39:51 --> ErrorException: Undefined array key "site_name"
[Method: GET, Route: /]
in APPPATH\Controllers\Home.php on line 40.
 1 APPPATH\Controllers\Home.php(40): CodeIgniter\Debug\Exceptions->errorHandler(2, 'Undefined array key "site_name"', 'C:\\xampp\\htdocs\\sipbs\\app\\Controllers\\Home.php', 40)
 2 SYSTEMPATH\CodeIgniter.php(933): App\Controllers\Home->index()
 3 SYSTEMPATH\CodeIgniter.php(509): CodeIgniter\CodeIgniter->runController(Object(App\Controllers\Home))
 4 SYSTEMPATH\CodeIgniter.php(355): CodeIgniter\CodeIgniter->handleRequest(null, Object(Config\Cache), false)
 5 SYSTEMPATH\Boot.php(325): CodeIgniter\CodeIgniter->run()
 6 SYSTEMPATH\Boot.php(67): CodeIgniter\Boot::runCodeIgniter(Object(CodeIgniter\CodeIgniter))
 7 FCPATH\index.php(56): CodeIgniter\Boot::bootWeb(Object(Config\Paths))
 8 SYSTEMPATH\rewrite.php(44): require_once('C:\\xampp\\htdocs\\sipbs\\public\\index.php')
CRITICAL - 2024-10-13 02:42:37 --> Error: Call to undefined method CodeIgniter\Database\MySQLi\Result::result()
[Method: GET, Route: /]
in APPPATH\Views\HomeView.php on line 145.
 1 SYSTEMPATH\View\View.php(234): include()
 2 SYSTEMPATH\View\View.php(237): CodeIgniter\View\View->CodeIgniter\View\{closure}()
 3 SYSTEMPATH\Common.php(1171): CodeIgniter\View\View->render('HomeView', [], true)
 4 APPPATH\Controllers\Home.php(88): view('HomeView', [...])
 5 SYSTEMPATH\CodeIgniter.php(933): App\Controllers\Home->index()
 6 SYSTEMPATH\CodeIgniter.php(509): CodeIgniter\CodeIgniter->runController(Object(App\Controllers\Home))
 7 SYSTEMPATH\CodeIgniter.php(355): CodeIgniter\CodeIgniter->handleRequest(null, Object(Config\Cache), false)
 8 SYSTEMPATH\Boot.php(325): CodeIgniter\CodeIgniter->run()
 9 SYSTEMPATH\Boot.php(67): CodeIgniter\Boot::runCodeIgniter(Object(CodeIgniter\CodeIgniter))
10 FCPATH\index.php(56): CodeIgniter\Boot::bootWeb(Object(Config\Paths))
11 SYSTEMPATH\rewrite.php(44): require_once('C:\\xampp\\htdocs\\sipbs\\public\\index.php')
CRITICAL - 2024-10-13 02:42:38 --> Error: Call to undefined method CodeIgniter\Database\MySQLi\Result::result()
[Method: GET, Route: /]
in APPPATH\Views\HomeView.php on line 145.
 1 SYSTEMPATH\View\View.php(234): include()
 2 SYSTEMPATH\View\View.php(237): CodeIgniter\View\View->CodeIgniter\View\{closure}()
 3 SYSTEMPATH\Common.php(1171): CodeIgniter\View\View->render('HomeView', [], true)
 4 APPPATH\Controllers\Home.php(88): view('HomeView', [...])
 5 SYSTEMPATH\CodeIgniter.php(933): App\Controllers\Home->index()
 6 SYSTEMPATH\CodeIgniter.php(509): CodeIgniter\CodeIgniter->runController(Object(App\Controllers\Home))
 7 SYSTEMPATH\CodeIgniter.php(355): CodeIgniter\CodeIgniter->handleRequest(null, Object(Config\Cache), false)
 8 SYSTEMPATH\Boot.php(325): CodeIgniter\CodeIgniter->run()
 9 SYSTEMPATH\Boot.php(67): CodeIgniter\Boot::runCodeIgniter(Object(CodeIgniter\CodeIgniter))
10 FCPATH\index.php(56): CodeIgniter\Boot::bootWeb(Object(Config\Paths))
11 SYSTEMPATH\rewrite.php(44): require_once('C:\\xampp\\htdocs\\sipbs\\public\\index.php')
CRITICAL - 2024-10-13 02:42:38 --> Error: Call to undefined method CodeIgniter\Database\MySQLi\Result::result()
[Method: GET, Route: /]
in APPPATH\Views\HomeView.php on line 145.
 1 SYSTEMPATH\View\View.php(234): include()
 2 SYSTEMPATH\View\View.php(237): CodeIgniter\View\View->CodeIgniter\View\{closure}()
 3 SYSTEMPATH\Common.php(1171): CodeIgniter\View\View->render('HomeView', [], true)
 4 APPPATH\Controllers\Home.php(88): view('HomeView', [...])
 5 SYSTEMPATH\CodeIgniter.php(933): App\Controllers\Home->index()
 6 SYSTEMPATH\CodeIgniter.php(509): CodeIgniter\CodeIgniter->runController(Object(App\Controllers\Home))
 7 SYSTEMPATH\CodeIgniter.php(355): CodeIgniter\CodeIgniter->handleRequest(null, Object(Config\Cache), false)
 8 SYSTEMPATH\Boot.php(325): CodeIgniter\CodeIgniter->run()
 9 SYSTEMPATH\Boot.php(67): CodeIgniter\Boot::runCodeIgniter(Object(CodeIgniter\CodeIgniter))
10 FCPATH\index.php(56): CodeIgniter\Boot::bootWeb(Object(Config\Paths))
11 SYSTEMPATH\rewrite.php(44): require_once('C:\\xampp\\htdocs\\sipbs\\public\\index.php')
CRITICAL - 2024-10-13 02:42:39 --> Error: Call to undefined method CodeIgniter\Database\MySQLi\Result::result()
[Method: GET, Route: /]
in APPPATH\Views\HomeView.php on line 145.
 1 SYSTEMPATH\View\View.php(234): include()
 2 SYSTEMPATH\View\View.php(237): CodeIgniter\View\View->CodeIgniter\View\{closure}()
 3 SYSTEMPATH\Common.php(1171): CodeIgniter\View\View->render('HomeView', [], true)
 4 APPPATH\Controllers\Home.php(88): view('HomeView', [...])
 5 SYSTEMPATH\CodeIgniter.php(933): App\Controllers\Home->index()
 6 SYSTEMPATH\CodeIgniter.php(509): CodeIgniter\CodeIgniter->runController(Object(App\Controllers\Home))
 7 SYSTEMPATH\CodeIgniter.php(355): CodeIgniter\CodeIgniter->handleRequest(null, Object(Config\Cache), false)
 8 SYSTEMPATH\Boot.php(325): CodeIgniter\CodeIgniter->run()
 9 SYSTEMPATH\Boot.php(67): CodeIgniter\Boot::runCodeIgniter(Object(CodeIgniter\CodeIgniter))
10 FCPATH\index.php(56): CodeIgniter\Boot::bootWeb(Object(Config\Paths))
11 SYSTEMPATH\rewrite.php(44): require_once('C:\\xampp\\htdocs\\sipbs\\public\\index.php')
CRITICAL - 2024-10-13 02:43:38 --> Error: Call to undefined method CodeIgniter\Database\MySQLi\Result::result()
[Method: GET, Route: /]
in APPPATH\Views\HomeView.php on line 171.
 1 SYSTEMPATH\View\View.php(234): include()
 2 SYSTEMPATH\View\View.php(237): CodeIgniter\View\View->CodeIgniter\View\{closure}()
 3 SYSTEMPATH\Common.php(1171): CodeIgniter\View\View->render('HomeView', [], true)
 4 APPPATH\Controllers\Home.php(88): view('HomeView', [...])
 5 SYSTEMPATH\CodeIgniter.php(933): App\Controllers\Home->index()
 6 SYSTEMPATH\CodeIgniter.php(509): CodeIgniter\CodeIgniter->runController(Object(App\Controllers\Home))
 7 SYSTEMPATH\CodeIgniter.php(355): CodeIgniter\CodeIgniter->handleRequest(null, Object(Config\Cache), false)
 8 SYSTEMPATH\Boot.php(325): CodeIgniter\CodeIgniter->run()
 9 SYSTEMPATH\Boot.php(67): CodeIgniter\Boot::runCodeIgniter(Object(CodeIgniter\CodeIgniter))
10 FCPATH\index.php(56): CodeIgniter\Boot::bootWeb(Object(Config\Paths))
11 SYSTEMPATH\rewrite.php(44): require_once('C:\\xampp\\htdocs\\sipbs\\public\\index.php')
CRITICAL - 2024-10-13 02:48:23 --> Error: Call to undefined method CodeIgniter\Database\MySQLi\Result::result()
[Method: GET, Route: /]
in APPPATH\Views\HomeView.php on line 145.
 1 SYSTEMPATH\View\View.php(234): include()
 2 SYSTEMPATH\View\View.php(237): CodeIgniter\View\View->CodeIgniter\View\{closure}()
 3 SYSTEMPATH\Common.php(1171): CodeIgniter\View\View->render('HomeView', [], true)
 4 APPPATH\Controllers\Home.php(88): view('HomeView', [...])
 5 SYSTEMPATH\CodeIgniter.php(933): App\Controllers\Home->index()
 6 SYSTEMPATH\CodeIgniter.php(509): CodeIgniter\CodeIgniter->runController(Object(App\Controllers\Home))
 7 SYSTEMPATH\CodeIgniter.php(355): CodeIgniter\CodeIgniter->handleRequest(null, Object(Config\Cache), false)
 8 SYSTEMPATH\Boot.php(325): CodeIgniter\CodeIgniter->run()
 9 SYSTEMPATH\Boot.php(67): CodeIgniter\Boot::runCodeIgniter(Object(CodeIgniter\CodeIgniter))
10 FCPATH\index.php(56): CodeIgniter\Boot::bootWeb(Object(Config\Paths))
CRITICAL - 2024-10-13 03:52:16 --> Error: Call to undefined method CodeIgniter\Database\MySQLi\Result::result()
[Method: GET, Route: /]
in APPPATH\Views\HomeView.php on line 145.
 1 SYSTEMPATH\View\View.php(234): include()
 2 SYSTEMPATH\View\View.php(237): CodeIgniter\View\View->CodeIgniter\View\{closure}()
 3 SYSTEMPATH\Common.php(1171): CodeIgniter\View\View->render('HomeView', [], true)
 4 APPPATH\Controllers\Home.php(88): view('HomeView', [...])
 5 SYSTEMPATH\CodeIgniter.php(933): App\Controllers\Home->index()
 6 SYSTEMPATH\CodeIgniter.php(509): CodeIgniter\CodeIgniter->runController(Object(App\Controllers\Home))
 7 SYSTEMPATH\CodeIgniter.php(355): CodeIgniter\CodeIgniter->handleRequest(null, Object(Config\Cache), false)
 8 SYSTEMPATH\Boot.php(325): CodeIgniter\CodeIgniter->run()
 9 SYSTEMPATH\Boot.php(67): CodeIgniter\Boot::runCodeIgniter(Object(CodeIgniter\CodeIgniter))
10 FCPATH\index.php(56): CodeIgniter\Boot::bootWeb(Object(Config\Paths))
ERROR - 2024-10-13 04:13:31 --> Error connecting to the database: mysqli_sql_exception: No connection could be made because the target machine actively refused it in C:\xampp\htdocs\sipbs\system\Database\MySQLi\Connection.php:187
Stack trace:
#0 C:\xampp\htdocs\sipbs\system\Database\MySQLi\Connection.php(187): mysqli->real_connect('localhost', 'root', '', 'sipbs_db', 3306, '', 0)
#1 C:\xampp\htdocs\sipbs\system\Database\BaseConnection.php(421): CodeIgniter\Database\MySQLi\Connection->connect(false)
#2 C:\xampp\htdocs\sipbs\system\Database\BaseConnection.php(616): CodeIgniter\Database\BaseConnection->initialize()
#3 C:\xampp\htdocs\sipbs\app\Models\VisitorModel.php(31): CodeIgniter\Database\BaseConnection->query('SELECT * FROM t...')
#4 C:\xampp\htdocs\sipbs\app\Controllers\Home.php(30): App\Models\VisitorModel->countVisitor()
#5 C:\xampp\htdocs\sipbs\system\CodeIgniter.php(903): App\Controllers\Home->__construct()
#6 C:\xampp\htdocs\sipbs\system\CodeIgniter.php(500): CodeIgniter\CodeIgniter->createController()
#7 C:\xampp\htdocs\sipbs\system\CodeIgniter.php(355): CodeIgniter\CodeIgniter->handleRequest(NULL, Object(Config\Cache), false)
#8 C:\xampp\htdocs\sipbs\system\Boot.php(325): CodeIgniter\CodeIgniter->run()
#9 C:\xampp\htdocs\sipbs\system\Boot.php(67): CodeIgniter\Boot::runCodeIgniter(Object(CodeIgniter\CodeIgniter))
#10 C:\xampp\htdocs\sipbs\public\index.php(56): CodeIgniter\Boot::bootWeb(Object(Config\Paths))
#11 C:\xampp\htdocs\sipbs\system\rewrite.php(44): require_once('C:\\xampp\\htdocs...')
#12 {main}

Next CodeIgniter\Database\Exceptions\DatabaseException: No connection could be made because the target machine actively refused it in C:\xampp\htdocs\sipbs\system\Database\MySQLi\Connection.php:231
Stack trace:
#0 C:\xampp\htdocs\sipbs\system\Database\BaseConnection.php(421): CodeIgniter\Database\MySQLi\Connection->connect(false)
#1 C:\xampp\htdocs\sipbs\system\Database\BaseConnection.php(616): CodeIgniter\Database\BaseConnection->initialize()
#2 C:\xampp\htdocs\sipbs\app\Models\VisitorModel.php(31): CodeIgniter\Database\BaseConnection->query('SELECT * FROM t...')
#3 C:\xampp\htdocs\sipbs\app\Controllers\Home.php(30): App\Models\VisitorModel->countVisitor()
#4 C:\xampp\htdocs\sipbs\system\CodeIgniter.php(903): App\Controllers\Home->__construct()
#5 C:\xampp\htdocs\sipbs\system\CodeIgniter.php(500): CodeIgniter\CodeIgniter->createController()
#6 C:\xampp\htdocs\sipbs\system\CodeIgniter.php(355): CodeIgniter\CodeIgniter->handleRequest(NULL, Object(Config\Cache), false)
#7 C:\xampp\htdocs\sipbs\system\Boot.php(325): CodeIgniter\CodeIgniter->run()
#8 C:\xampp\htdocs\sipbs\system\Boot.php(67): CodeIgniter\Boot::runCodeIgniter(Object(CodeIgniter\CodeIgniter))
#9 C:\xampp\htdocs\sipbs\public\index.php(56): CodeIgniter\Boot::bootWeb(Object(Config\Paths))
#10 C:\xampp\htdocs\sipbs\system\rewrite.php(44): require_once('C:\\xampp\\htdocs...')
#11 {main}
CRITICAL - 2024-10-13 04:13:31 --> CodeIgniter\Database\Exceptions\DatabaseException: Unable to connect to the database.
Main connection [MySQLi]: No connection could be made because the target machine actively refused it
[Method: GET, Route: /]
in SYSTEMPATH\Database\BaseConnection.php on line 467.
 1 SYSTEMPATH\Database\BaseConnection.php(616): CodeIgniter\Database\BaseConnection->initialize()
 2 APPPATH\Models\VisitorModel.php(31): CodeIgniter\Database\BaseConnection->query('SELECT * FROM tbl_visitors WHERE visit_ip=\'::1\' AND DATE(visit_date)=CURDATE()')
 3 APPPATH\Controllers\Home.php(30): App\Models\VisitorModel->countVisitor()
 4 SYSTEMPATH\CodeIgniter.php(903): App\Controllers\Home->__construct()
 5 SYSTEMPATH\CodeIgniter.php(500): CodeIgniter\CodeIgniter->createController()
 6 SYSTEMPATH\CodeIgniter.php(355): CodeIgniter\CodeIgniter->handleRequest(null, Object(Config\Cache), false)
 7 SYSTEMPATH\Boot.php(325): CodeIgniter\CodeIgniter->run()
 8 SYSTEMPATH\Boot.php(67): CodeIgniter\Boot::runCodeIgniter(Object(CodeIgniter\CodeIgniter))
 9 FCPATH\index.php(56): CodeIgniter\Boot::bootWeb(Object(Config\Paths))
10 SYSTEMPATH\rewrite.php(44): require_once('C:\\xampp\\htdocs\\sipbs\\public\\index.php')
CRITICAL - 2024-10-13 04:14:07 --> Error: Call to undefined method CodeIgniter\Database\MySQLi\Result::result()
[Method: GET, Route: /]
in APPPATH\Views\HomeView.php on line 145.
 1 SYSTEMPATH\View\View.php(234): include()
 2 SYSTEMPATH\View\View.php(237): CodeIgniter\View\View->CodeIgniter\View\{closure}()
 3 SYSTEMPATH\Common.php(1171): CodeIgniter\View\View->render('HomeView', [], true)
 4 APPPATH\Controllers\Home.php(88): view('HomeView', [...])
 5 SYSTEMPATH\CodeIgniter.php(933): App\Controllers\Home->index()
 6 SYSTEMPATH\CodeIgniter.php(509): CodeIgniter\CodeIgniter->runController(Object(App\Controllers\Home))
 7 SYSTEMPATH\CodeIgniter.php(355): CodeIgniter\CodeIgniter->handleRequest(null, Object(Config\Cache), false)
 8 SYSTEMPATH\Boot.php(325): CodeIgniter\CodeIgniter->run()
 9 SYSTEMPATH\Boot.php(67): CodeIgniter\Boot::runCodeIgniter(Object(CodeIgniter\CodeIgniter))
10 FCPATH\index.php(56): CodeIgniter\Boot::bootWeb(Object(Config\Paths))
11 SYSTEMPATH\rewrite.php(44): require_once('C:\\xampp\\htdocs\\sipbs\\public\\index.php')
CRITICAL - 2024-10-13 04:15:18 --> Error: Call to undefined method CodeIgniter\Database\MySQLi\Result::result()
[Method: GET, Route: /]
in APPPATH\Views\HomeView.php on line 145.
 1 SYSTEMPATH\View\View.php(234): include()
 2 SYSTEMPATH\View\View.php(237): CodeIgniter\View\View->CodeIgniter\View\{closure}()
 3 SYSTEMPATH\Common.php(1171): CodeIgniter\View\View->render('HomeView', [], true)
 4 APPPATH\Controllers\Home.php(88): view('HomeView', [...])
 5 SYSTEMPATH\CodeIgniter.php(933): App\Controllers\Home->index()
 6 SYSTEMPATH\CodeIgniter.php(509): CodeIgniter\CodeIgniter->runController(Object(App\Controllers\Home))
 7 SYSTEMPATH\CodeIgniter.php(355): CodeIgniter\CodeIgniter->handleRequest(null, Object(Config\Cache), false)
 8 SYSTEMPATH\Boot.php(325): CodeIgniter\CodeIgniter->run()
 9 SYSTEMPATH\Boot.php(67): CodeIgniter\Boot::runCodeIgniter(Object(CodeIgniter\CodeIgniter))
10 FCPATH\index.php(56): CodeIgniter\Boot::bootWeb(Object(Config\Paths))
11 SYSTEMPATH\rewrite.php(44): require_once('C:\\xampp\\htdocs\\sipbs\\public\\index.php')
CRITICAL - 2024-10-13 04:24:27 --> Error: Call to undefined method CodeIgniter\Database\MySQLi\Result::result()
[Method: GET, Route: /]
in APPPATH\Views\HomeView.php on line 145.
 1 SYSTEMPATH\View\View.php(234): include()
 2 SYSTEMPATH\View\View.php(237): CodeIgniter\View\View->CodeIgniter\View\{closure}()
 3 SYSTEMPATH\Common.php(1171): CodeIgniter\View\View->render('HomeView', [], true)
 4 APPPATH\Controllers\Home.php(88): view('HomeView', [...])
 5 SYSTEMPATH\CodeIgniter.php(933): App\Controllers\Home->index()
 6 SYSTEMPATH\CodeIgniter.php(509): CodeIgniter\CodeIgniter->runController(Object(App\Controllers\Home))
 7 SYSTEMPATH\CodeIgniter.php(355): CodeIgniter\CodeIgniter->handleRequest(null, Object(Config\Cache), false)
 8 SYSTEMPATH\Boot.php(325): CodeIgniter\CodeIgniter->run()
 9 SYSTEMPATH\Boot.php(67): CodeIgniter\Boot::runCodeIgniter(Object(CodeIgniter\CodeIgniter))
10 FCPATH\index.php(56): CodeIgniter\Boot::bootWeb(Object(Config\Paths))
11 SYSTEMPATH\rewrite.php(44): require_once('C:\\xampp\\htdocs\\sipbs\\public\\index.php')
CRITICAL - 2024-10-13 06:42:38 --> Error: Call to undefined method CodeIgniter\Database\MySQLi\Result::result()
[Method: GET, Route: /]
in APPPATH\Views\HomeView.php on line 192.
 1 SYSTEMPATH\View\View.php(234): include()
 2 SYSTEMPATH\View\View.php(237): CodeIgniter\View\View->CodeIgniter\View\{closure}()
 3 SYSTEMPATH\Common.php(1171): CodeIgniter\View\View->render('HomeView', [], true)
 4 APPPATH\Controllers\Home.php(88): view('HomeView', [...])
 5 SYSTEMPATH\CodeIgniter.php(933): App\Controllers\Home->index()
 6 SYSTEMPATH\CodeIgniter.php(509): CodeIgniter\CodeIgniter->runController(Object(App\Controllers\Home))
 7 SYSTEMPATH\CodeIgniter.php(355): CodeIgniter\CodeIgniter->handleRequest(null, Object(Config\Cache), false)
 8 SYSTEMPATH\Boot.php(325): CodeIgniter\CodeIgniter->run()
 9 SYSTEMPATH\Boot.php(67): CodeIgniter\Boot::runCodeIgniter(Object(CodeIgniter\CodeIgniter))
10 FCPATH\index.php(56): CodeIgniter\Boot::bootWeb(Object(Config\Paths))
11 SYSTEMPATH\rewrite.php(44): require_once('C:\\xampp\\htdocs\\sipbs\\public\\index.php')
