INFO - 2024-10-20 15:11:29 --> Session: Class initialized using 'CodeIgniter\Session\Handlers\FileHandler' driver.
INFO - 2024-10-20 15:11:38 --> Session: Class initialized using 'CodeIgniter\Session\Handlers\FileHandler' driver.
INFO - 2024-10-20 15:11:44 --> Session: Class initialized using 'CodeIgniter\Session\Handlers\FileHandler' driver.
INFO - 2024-10-20 15:12:02 --> Session: Class initialized using 'CodeIgniter\Session\Handlers\FileHandler' driver.
INFO - 2024-10-20 15:12:18 --> Session: Class initialized using 'CodeIgniter\Session\Handlers\FileHandler' driver.
INFO - 2024-10-20 15:26:17 --> Session: Class initialized using 'CodeIgniter\Session\Handlers\FileHandler' driver.
INFO - 2024-10-20 15:26:48 --> Session: Class initialized using 'CodeIgniter\Session\Handlers\FileHandler' driver.
CRITICAL - 2024-10-20 15:26:48 --> Error: Class "CI_Controller" not found
[Method: GET, Route: backend/dashboard]
in APPPATH\Controllers\Backend\Dashboard.php on line 2.
 1 SYSTEMPATH\Router\AutoRouter.php(147): include_once()
 2 SYSTEMPATH\Router\Router.php(563): CodeIgniter\Router\AutoRouter->getRoute('backend/dashboard', 'GET')
 3 SYSTEMPATH\Router\Router.php(228): CodeIgniter\Router\Router->autoRoute('backend/dashboard')
 4 SYSTEMPATH\CodeIgniter.php(834): CodeIgniter\Router\Router->handle('backend/dashboard')
 5 SYSTEMPATH\CodeIgniter.php(457): CodeIgniter\CodeIgniter->tryToRouteIt(Object(CodeIgniter\Router\RouteCollection))
 6 SYSTEMPATH\CodeIgniter.php(355): CodeIgniter\CodeIgniter->handleRequest(null, Object(Config\Cache), false)
 7 SYSTEMPATH\Boot.php(325): CodeIgniter\CodeIgniter->run()
 8 SYSTEMPATH\Boot.php(67): CodeIgniter\Boot::runCodeIgniter(Object(CodeIgniter\CodeIgniter))
 9 FCPATH\index.php(56): CodeIgniter\Boot::bootWeb(Object(Config\Paths))
10 SYSTEMPATH\rewrite.php(44): require_once('C:\\xampp\\htdocs\\sipbs\\public\\index.php')
INFO - 2024-10-20 15:43:27 --> Session: Class initialized using 'CodeIgniter\Session\Handlers\FileHandler' driver.
CRITICAL - 2024-10-20 15:43:28 --> ErrorException: Undefined property: CodeIgniter\View\View::$session
[Method: GET, Route: backend/dashboard]
in APPPATH\Views\Backend\v_dashboard.php on line 68.
 1 APPPATH\Views\Backend\v_dashboard.php(68): CodeIgniter\Debug\Exceptions->errorHandler(2, 'Undefined property: CodeIgniter\\View\\View::$session', 'C:\\xampp\\htdocs\\sipbs\\app\\Views\\Backend\\v_dashboard.php', 68)
 2 SYSTEMPATH\View\View.php(234): include('C:\\xampp\\htdocs\\sipbs\\app\\Views\\Backend\\v_dashboard.php')
 3 SYSTEMPATH\View\View.php(237): CodeIgniter\View\View->CodeIgniter\View\{closure}()
 4 SYSTEMPATH\Common.php(1171): CodeIgniter\View\View->render('Backend/v_dashboard', [], true)
 5 APPPATH\Controllers\Backend\Dashboard.php(32): view('Backend/v_dashboard', [...])
 6 SYSTEMPATH\CodeIgniter.php(933): App\Controllers\Backend\Dashboard->index()
 7 SYSTEMPATH\CodeIgniter.php(509): CodeIgniter\CodeIgniter->runController(Object(App\Controllers\Backend\Dashboard))
 8 SYSTEMPATH\CodeIgniter.php(355): CodeIgniter\CodeIgniter->handleRequest(null, Object(Config\Cache), false)
 9 SYSTEMPATH\Boot.php(325): CodeIgniter\CodeIgniter->run()
10 SYSTEMPATH\Boot.php(67): CodeIgniter\Boot::runCodeIgniter(Object(CodeIgniter\CodeIgniter))
11 FCPATH\index.php(56): CodeIgniter\Boot::bootWeb(Object(Config\Paths))
12 SYSTEMPATH\rewrite.php(44): require_once('C:\\xampp\\htdocs\\sipbs\\public\\index.php')
INFO - 2024-10-20 15:44:26 --> Session: Class initialized using 'CodeIgniter\Session\Handlers\FileHandler' driver.
CRITICAL - 2024-10-20 15:44:26 --> Error: Call to undefined method CodeIgniter\View\View::userdata()
[Method: GET, Route: backend/dashboard]
in APPPATH\Views\Backend\v_dashboard.php on line 68.
 1 SYSTEMPATH\View\View.php(234): include()
 2 SYSTEMPATH\View\View.php(237): CodeIgniter\View\View->CodeIgniter\View\{closure}()
 3 SYSTEMPATH\Common.php(1171): CodeIgniter\View\View->render('Backend/v_dashboard', [], true)
 4 APPPATH\Controllers\Backend\Dashboard.php(32): view('Backend/v_dashboard', [...])
 5 SYSTEMPATH\CodeIgniter.php(933): App\Controllers\Backend\Dashboard->index()
 6 SYSTEMPATH\CodeIgniter.php(509): CodeIgniter\CodeIgniter->runController(Object(App\Controllers\Backend\Dashboard))
 7 SYSTEMPATH\CodeIgniter.php(355): CodeIgniter\CodeIgniter->handleRequest(null, Object(Config\Cache), false)
 8 SYSTEMPATH\Boot.php(325): CodeIgniter\CodeIgniter->run()
 9 SYSTEMPATH\Boot.php(67): CodeIgniter\Boot::runCodeIgniter(Object(CodeIgniter\CodeIgniter))
10 FCPATH\index.php(56): CodeIgniter\Boot::bootWeb(Object(Config\Paths))
11 SYSTEMPATH\rewrite.php(44): require_once('C:\\xampp\\htdocs\\sipbs\\public\\index.php')
INFO - 2024-10-20 15:44:34 --> Session: Class initialized using 'CodeIgniter\Session\Handlers\FileHandler' driver.
CRITICAL - 2024-10-20 15:44:34 --> ErrorException: Undefined property: CodeIgniter\View\View::$session
[Method: GET, Route: backend/dashboard]
in APPPATH\Views\Backend\v_dashboard.php on line 68.
 1 APPPATH\Views\Backend\v_dashboard.php(68): CodeIgniter\Debug\Exceptions->errorHandler(2, 'Undefined property: CodeIgniter\\View\\View::$session', 'C:\\xampp\\htdocs\\sipbs\\app\\Views\\Backend\\v_dashboard.php', 68)
 2 SYSTEMPATH\View\View.php(234): include('C:\\xampp\\htdocs\\sipbs\\app\\Views\\Backend\\v_dashboard.php')
 3 SYSTEMPATH\View\View.php(237): CodeIgniter\View\View->CodeIgniter\View\{closure}()
 4 SYSTEMPATH\Common.php(1171): CodeIgniter\View\View->render('Backend/v_dashboard', [], true)
 5 APPPATH\Controllers\Backend\Dashboard.php(32): view('Backend/v_dashboard', [...])
 6 SYSTEMPATH\CodeIgniter.php(933): App\Controllers\Backend\Dashboard->index()
 7 SYSTEMPATH\CodeIgniter.php(509): CodeIgniter\CodeIgniter->runController(Object(App\Controllers\Backend\Dashboard))
 8 SYSTEMPATH\CodeIgniter.php(355): CodeIgniter\CodeIgniter->handleRequest(null, Object(Config\Cache), false)
 9 SYSTEMPATH\Boot.php(325): CodeIgniter\CodeIgniter->run()
10 SYSTEMPATH\Boot.php(67): CodeIgniter\Boot::runCodeIgniter(Object(CodeIgniter\CodeIgniter))
11 FCPATH\index.php(56): CodeIgniter\Boot::bootWeb(Object(Config\Paths))
12 SYSTEMPATH\rewrite.php(44): require_once('C:\\xampp\\htdocs\\sipbs\\public\\index.php')
INFO - 2024-10-20 15:46:55 --> Session: Class initialized using 'CodeIgniter\Session\Handlers\FileHandler' driver.
CRITICAL - 2024-10-20 15:46:56 --> ErrorException: Undefined property: CodeIgniter\View\View::$session
[Method: GET, Route: backend/dashboard]
in APPPATH\Views\Backend\v_dashboard.php on line 68.
 1 APPPATH\Views\Backend\v_dashboard.php(68): CodeIgniter\Debug\Exceptions->errorHandler(2, 'Undefined property: CodeIgniter\\View\\View::$session', 'C:\\xampp\\htdocs\\sipbs\\app\\Views\\Backend\\v_dashboard.php', 68)
 2 SYSTEMPATH\View\View.php(234): include('C:\\xampp\\htdocs\\sipbs\\app\\Views\\Backend\\v_dashboard.php')
 3 SYSTEMPATH\View\View.php(237): CodeIgniter\View\View->CodeIgniter\View\{closure}()
 4 SYSTEMPATH\Common.php(1171): CodeIgniter\View\View->render('Backend/v_dashboard', [], true)
 5 APPPATH\Controllers\Backend\Dashboard.php(35): view('Backend/v_dashboard', [...])
 6 SYSTEMPATH\CodeIgniter.php(933): App\Controllers\Backend\Dashboard->index()
 7 SYSTEMPATH\CodeIgniter.php(509): CodeIgniter\CodeIgniter->runController(Object(App\Controllers\Backend\Dashboard))
 8 SYSTEMPATH\CodeIgniter.php(355): CodeIgniter\CodeIgniter->handleRequest(null, Object(Config\Cache), false)
 9 SYSTEMPATH\Boot.php(325): CodeIgniter\CodeIgniter->run()
10 SYSTEMPATH\Boot.php(67): CodeIgniter\Boot::runCodeIgniter(Object(CodeIgniter\CodeIgniter))
11 FCPATH\index.php(56): CodeIgniter\Boot::bootWeb(Object(Config\Paths))
12 SYSTEMPATH\rewrite.php(44): require_once('C:\\xampp\\htdocs\\sipbs\\public\\index.php')
INFO - 2024-10-20 15:46:59 --> Session: Class initialized using 'CodeIgniter\Session\Handlers\FileHandler' driver.
CRITICAL - 2024-10-20 15:46:59 --> ErrorException: Undefined property: CodeIgniter\View\View::$session
[Method: GET, Route: backend/dashboard]
in APPPATH\Views\Backend\v_dashboard.php on line 68.
 1 APPPATH\Views\Backend\v_dashboard.php(68): CodeIgniter\Debug\Exceptions->errorHandler(2, 'Undefined property: CodeIgniter\\View\\View::$session', 'C:\\xampp\\htdocs\\sipbs\\app\\Views\\Backend\\v_dashboard.php', 68)
 2 SYSTEMPATH\View\View.php(234): include('C:\\xampp\\htdocs\\sipbs\\app\\Views\\Backend\\v_dashboard.php')
 3 SYSTEMPATH\View\View.php(237): CodeIgniter\View\View->CodeIgniter\View\{closure}()
 4 SYSTEMPATH\Common.php(1171): CodeIgniter\View\View->render('Backend/v_dashboard', [], true)
 5 APPPATH\Controllers\Backend\Dashboard.php(35): view('Backend/v_dashboard', [...])
 6 SYSTEMPATH\CodeIgniter.php(933): App\Controllers\Backend\Dashboard->index()
 7 SYSTEMPATH\CodeIgniter.php(509): CodeIgniter\CodeIgniter->runController(Object(App\Controllers\Backend\Dashboard))
 8 SYSTEMPATH\CodeIgniter.php(355): CodeIgniter\CodeIgniter->handleRequest(null, Object(Config\Cache), false)
 9 SYSTEMPATH\Boot.php(325): CodeIgniter\CodeIgniter->run()
10 SYSTEMPATH\Boot.php(67): CodeIgniter\Boot::runCodeIgniter(Object(CodeIgniter\CodeIgniter))
11 FCPATH\index.php(56): CodeIgniter\Boot::bootWeb(Object(Config\Paths))
12 SYSTEMPATH\rewrite.php(44): require_once('C:\\xampp\\htdocs\\sipbs\\public\\index.php')
INFO - 2024-10-20 15:47:00 --> Session: Class initialized using 'CodeIgniter\Session\Handlers\FileHandler' driver.
CRITICAL - 2024-10-20 15:47:00 --> ErrorException: Undefined property: CodeIgniter\View\View::$session
[Method: GET, Route: backend/dashboard]
in APPPATH\Views\Backend\v_dashboard.php on line 68.
 1 APPPATH\Views\Backend\v_dashboard.php(68): CodeIgniter\Debug\Exceptions->errorHandler(2, 'Undefined property: CodeIgniter\\View\\View::$session', 'C:\\xampp\\htdocs\\sipbs\\app\\Views\\Backend\\v_dashboard.php', 68)
 2 SYSTEMPATH\View\View.php(234): include('C:\\xampp\\htdocs\\sipbs\\app\\Views\\Backend\\v_dashboard.php')
 3 SYSTEMPATH\View\View.php(237): CodeIgniter\View\View->CodeIgniter\View\{closure}()
 4 SYSTEMPATH\Common.php(1171): CodeIgniter\View\View->render('Backend/v_dashboard', [], true)
 5 APPPATH\Controllers\Backend\Dashboard.php(35): view('Backend/v_dashboard', [...])
 6 SYSTEMPATH\CodeIgniter.php(933): App\Controllers\Backend\Dashboard->index()
 7 SYSTEMPATH\CodeIgniter.php(509): CodeIgniter\CodeIgniter->runController(Object(App\Controllers\Backend\Dashboard))
 8 SYSTEMPATH\CodeIgniter.php(355): CodeIgniter\CodeIgniter->handleRequest(null, Object(Config\Cache), false)
 9 SYSTEMPATH\Boot.php(325): CodeIgniter\CodeIgniter->run()
10 SYSTEMPATH\Boot.php(67): CodeIgniter\Boot::runCodeIgniter(Object(CodeIgniter\CodeIgniter))
11 FCPATH\index.php(56): CodeIgniter\Boot::bootWeb(Object(Config\Paths))
12 SYSTEMPATH\rewrite.php(44): require_once('C:\\xampp\\htdocs\\sipbs\\public\\index.php')
INFO - 2024-10-20 15:48:29 --> Session: Class initialized using 'CodeIgniter\Session\Handlers\FileHandler' driver.
CRITICAL - 2024-10-20 15:48:29 --> ErrorException: Undefined property: CodeIgniter\View\View::$session
[Method: GET, Route: backend/dashboard]
in APPPATH\Views\Backend\v_dashboard.php on line 68.
 1 APPPATH\Views\Backend\v_dashboard.php(68): CodeIgniter\Debug\Exceptions->errorHandler(2, 'Undefined property: CodeIgniter\\View\\View::$session', 'C:\\xampp\\htdocs\\sipbs\\app\\Views\\Backend\\v_dashboard.php', 68)
 2 SYSTEMPATH\View\View.php(234): include('C:\\xampp\\htdocs\\sipbs\\app\\Views\\Backend\\v_dashboard.php')
 3 SYSTEMPATH\View\View.php(237): CodeIgniter\View\View->CodeIgniter\View\{closure}()
 4 SYSTEMPATH\Common.php(1171): CodeIgniter\View\View->render('Backend/v_dashboard', [], true)
 5 APPPATH\Controllers\Backend\Dashboard.php(35): view('Backend/v_dashboard', [...])
 6 SYSTEMPATH\CodeIgniter.php(933): App\Controllers\Backend\Dashboard->index()
 7 SYSTEMPATH\CodeIgniter.php(509): CodeIgniter\CodeIgniter->runController(Object(App\Controllers\Backend\Dashboard))
 8 SYSTEMPATH\CodeIgniter.php(355): CodeIgniter\CodeIgniter->handleRequest(null, Object(Config\Cache), false)
 9 SYSTEMPATH\Boot.php(325): CodeIgniter\CodeIgniter->run()
10 SYSTEMPATH\Boot.php(67): CodeIgniter\Boot::runCodeIgniter(Object(CodeIgniter\CodeIgniter))
11 FCPATH\index.php(56): CodeIgniter\Boot::bootWeb(Object(Config\Paths))
12 SYSTEMPATH\rewrite.php(44): require_once('C:\\xampp\\htdocs\\sipbs\\public\\index.php')
INFO - 2024-10-20 15:48:30 --> Session: Class initialized using 'CodeIgniter\Session\Handlers\FileHandler' driver.
CRITICAL - 2024-10-20 15:48:30 --> ErrorException: Undefined property: CodeIgniter\View\View::$session
[Method: GET, Route: backend/dashboard]
in APPPATH\Views\Backend\v_dashboard.php on line 68.
 1 APPPATH\Views\Backend\v_dashboard.php(68): CodeIgniter\Debug\Exceptions->errorHandler(2, 'Undefined property: CodeIgniter\\View\\View::$session', 'C:\\xampp\\htdocs\\sipbs\\app\\Views\\Backend\\v_dashboard.php', 68)
 2 SYSTEMPATH\View\View.php(234): include('C:\\xampp\\htdocs\\sipbs\\app\\Views\\Backend\\v_dashboard.php')
 3 SYSTEMPATH\View\View.php(237): CodeIgniter\View\View->CodeIgniter\View\{closure}()
 4 SYSTEMPATH\Common.php(1171): CodeIgniter\View\View->render('Backend/v_dashboard', [], true)
 5 APPPATH\Controllers\Backend\Dashboard.php(35): view('Backend/v_dashboard', [...])
 6 SYSTEMPATH\CodeIgniter.php(933): App\Controllers\Backend\Dashboard->index()
 7 SYSTEMPATH\CodeIgniter.php(509): CodeIgniter\CodeIgniter->runController(Object(App\Controllers\Backend\Dashboard))
 8 SYSTEMPATH\CodeIgniter.php(355): CodeIgniter\CodeIgniter->handleRequest(null, Object(Config\Cache), false)
 9 SYSTEMPATH\Boot.php(325): CodeIgniter\CodeIgniter->run()
10 SYSTEMPATH\Boot.php(67): CodeIgniter\Boot::runCodeIgniter(Object(CodeIgniter\CodeIgniter))
11 FCPATH\index.php(56): CodeIgniter\Boot::bootWeb(Object(Config\Paths))
12 SYSTEMPATH\rewrite.php(44): require_once('C:\\xampp\\htdocs\\sipbs\\public\\index.php')
INFO - 2024-10-20 15:48:54 --> Session: Class initialized using 'CodeIgniter\Session\Handlers\FileHandler' driver.
CRITICAL - 2024-10-20 15:48:55 --> ErrorException: Undefined property: CodeIgniter\View\View::$session
[Method: GET, Route: backend/dashboard]
in APPPATH\Views\Backend\v_dashboard.php on line 68.
 1 APPPATH\Views\Backend\v_dashboard.php(68): CodeIgniter\Debug\Exceptions->errorHandler(2, 'Undefined property: CodeIgniter\\View\\View::$session', 'C:\\xampp\\htdocs\\sipbs\\app\\Views\\Backend\\v_dashboard.php', 68)
 2 SYSTEMPATH\View\View.php(234): include('C:\\xampp\\htdocs\\sipbs\\app\\Views\\Backend\\v_dashboard.php')
 3 SYSTEMPATH\View\View.php(237): CodeIgniter\View\View->CodeIgniter\View\{closure}()
 4 SYSTEMPATH\Common.php(1171): CodeIgniter\View\View->render('Backend/v_dashboard', [], true)
 5 APPPATH\Controllers\Backend\Dashboard.php(31): view('Backend/v_dashboard', [...])
 6 SYSTEMPATH\CodeIgniter.php(933): App\Controllers\Backend\Dashboard->index()
 7 SYSTEMPATH\CodeIgniter.php(509): CodeIgniter\CodeIgniter->runController(Object(App\Controllers\Backend\Dashboard))
 8 SYSTEMPATH\CodeIgniter.php(355): CodeIgniter\CodeIgniter->handleRequest(null, Object(Config\Cache), false)
 9 SYSTEMPATH\Boot.php(325): CodeIgniter\CodeIgniter->run()
10 SYSTEMPATH\Boot.php(67): CodeIgniter\Boot::runCodeIgniter(Object(CodeIgniter\CodeIgniter))
11 FCPATH\index.php(56): CodeIgniter\Boot::bootWeb(Object(Config\Paths))
12 SYSTEMPATH\rewrite.php(44): require_once('C:\\xampp\\htdocs\\sipbs\\public\\index.php')
INFO - 2024-10-20 15:49:29 --> Session: Class initialized using 'CodeIgniter\Session\Handlers\FileHandler' driver.
CRITICAL - 2024-10-20 15:49:29 --> Error: Call to undefined method CodeIgniter\View\View::userdata()
[Method: GET, Route: backend/dashboard]
in APPPATH\Views\Backend\v_dashboard.php on line 68.
 1 SYSTEMPATH\View\View.php(234): include()
 2 SYSTEMPATH\View\View.php(237): CodeIgniter\View\View->CodeIgniter\View\{closure}()
 3 SYSTEMPATH\Common.php(1171): CodeIgniter\View\View->render('Backend/v_dashboard', [], true)
 4 APPPATH\Controllers\Backend\Dashboard.php(31): view('Backend/v_dashboard', [...])
 5 SYSTEMPATH\CodeIgniter.php(933): App\Controllers\Backend\Dashboard->index()
 6 SYSTEMPATH\CodeIgniter.php(509): CodeIgniter\CodeIgniter->runController(Object(App\Controllers\Backend\Dashboard))
 7 SYSTEMPATH\CodeIgniter.php(355): CodeIgniter\CodeIgniter->handleRequest(null, Object(Config\Cache), false)
 8 SYSTEMPATH\Boot.php(325): CodeIgniter\CodeIgniter->run()
 9 SYSTEMPATH\Boot.php(67): CodeIgniter\Boot::runCodeIgniter(Object(CodeIgniter\CodeIgniter))
10 FCPATH\index.php(56): CodeIgniter\Boot::bootWeb(Object(Config\Paths))
11 SYSTEMPATH\rewrite.php(44): require_once('C:\\xampp\\htdocs\\sipbs\\public\\index.php')
INFO - 2024-10-20 15:51:20 --> Session: Class initialized using 'CodeIgniter\Session\Handlers\FileHandler' driver.
CRITICAL - 2024-10-20 15:51:20 --> ErrorException: Undefined variable $name
[Method: GET, Route: backend/dashboard]
in APPPATH\Views\Backend\v_dashboard.php on line 68.
 1 APPPATH\Views\Backend\v_dashboard.php(68): CodeIgniter\Debug\Exceptions->errorHandler(2, 'Undefined variable $name', 'C:\\xampp\\htdocs\\sipbs\\app\\Views\\Backend\\v_dashboard.php', 68)
 2 SYSTEMPATH\View\View.php(234): include('C:\\xampp\\htdocs\\sipbs\\app\\Views\\Backend\\v_dashboard.php')
 3 SYSTEMPATH\View\View.php(237): CodeIgniter\View\View->CodeIgniter\View\{closure}()
 4 SYSTEMPATH\Common.php(1171): CodeIgniter\View\View->render('Backend/v_dashboard', [], true)
 5 APPPATH\Controllers\Backend\Dashboard.php(31): view('Backend/v_dashboard', [...])
 6 SYSTEMPATH\CodeIgniter.php(933): App\Controllers\Backend\Dashboard->index()
 7 SYSTEMPATH\CodeIgniter.php(509): CodeIgniter\CodeIgniter->runController(Object(App\Controllers\Backend\Dashboard))
 8 SYSTEMPATH\CodeIgniter.php(355): CodeIgniter\CodeIgniter->handleRequest(null, Object(Config\Cache), false)
 9 SYSTEMPATH\Boot.php(325): CodeIgniter\CodeIgniter->run()
10 SYSTEMPATH\Boot.php(67): CodeIgniter\Boot::runCodeIgniter(Object(CodeIgniter\CodeIgniter))
11 FCPATH\index.php(56): CodeIgniter\Boot::bootWeb(Object(Config\Paths))
12 SYSTEMPATH\rewrite.php(44): require_once('C:\\xampp\\htdocs\\sipbs\\public\\index.php')
INFO - 2024-10-20 15:51:22 --> Session: Class initialized using 'CodeIgniter\Session\Handlers\FileHandler' driver.
CRITICAL - 2024-10-20 15:51:22 --> ErrorException: Undefined variable $name
[Method: GET, Route: backend/dashboard]
in APPPATH\Views\Backend\v_dashboard.php on line 68.
 1 APPPATH\Views\Backend\v_dashboard.php(68): CodeIgniter\Debug\Exceptions->errorHandler(2, 'Undefined variable $name', 'C:\\xampp\\htdocs\\sipbs\\app\\Views\\Backend\\v_dashboard.php', 68)
 2 SYSTEMPATH\View\View.php(234): include('C:\\xampp\\htdocs\\sipbs\\app\\Views\\Backend\\v_dashboard.php')
 3 SYSTEMPATH\View\View.php(237): CodeIgniter\View\View->CodeIgniter\View\{closure}()
 4 SYSTEMPATH\Common.php(1171): CodeIgniter\View\View->render('Backend/v_dashboard', [], true)
 5 APPPATH\Controllers\Backend\Dashboard.php(31): view('Backend/v_dashboard', [...])
 6 SYSTEMPATH\CodeIgniter.php(933): App\Controllers\Backend\Dashboard->index()
 7 SYSTEMPATH\CodeIgniter.php(509): CodeIgniter\CodeIgniter->runController(Object(App\Controllers\Backend\Dashboard))
 8 SYSTEMPATH\CodeIgniter.php(355): CodeIgniter\CodeIgniter->handleRequest(null, Object(Config\Cache), false)
 9 SYSTEMPATH\Boot.php(325): CodeIgniter\CodeIgniter->run()
10 SYSTEMPATH\Boot.php(67): CodeIgniter\Boot::runCodeIgniter(Object(CodeIgniter\CodeIgniter))
11 FCPATH\index.php(56): CodeIgniter\Boot::bootWeb(Object(Config\Paths))
12 SYSTEMPATH\rewrite.php(44): require_once('C:\\xampp\\htdocs\\sipbs\\public\\index.php')
INFO - 2024-10-20 15:51:24 --> Session: Class initialized using 'CodeIgniter\Session\Handlers\FileHandler' driver.
CRITICAL - 2024-10-20 15:51:24 --> ErrorException: Undefined variable $name
[Method: GET, Route: backend/dashboard]
in APPPATH\Views\Backend\v_dashboard.php on line 68.
 1 APPPATH\Views\Backend\v_dashboard.php(68): CodeIgniter\Debug\Exceptions->errorHandler(2, 'Undefined variable $name', 'C:\\xampp\\htdocs\\sipbs\\app\\Views\\Backend\\v_dashboard.php', 68)
 2 SYSTEMPATH\View\View.php(234): include('C:\\xampp\\htdocs\\sipbs\\app\\Views\\Backend\\v_dashboard.php')
 3 SYSTEMPATH\View\View.php(237): CodeIgniter\View\View->CodeIgniter\View\{closure}()
 4 SYSTEMPATH\Common.php(1171): CodeIgniter\View\View->render('Backend/v_dashboard', [], true)
 5 APPPATH\Controllers\Backend\Dashboard.php(31): view('Backend/v_dashboard', [...])
 6 SYSTEMPATH\CodeIgniter.php(933): App\Controllers\Backend\Dashboard->index()
 7 SYSTEMPATH\CodeIgniter.php(509): CodeIgniter\CodeIgniter->runController(Object(App\Controllers\Backend\Dashboard))
 8 SYSTEMPATH\CodeIgniter.php(355): CodeIgniter\CodeIgniter->handleRequest(null, Object(Config\Cache), false)
 9 SYSTEMPATH\Boot.php(325): CodeIgniter\CodeIgniter->run()
10 SYSTEMPATH\Boot.php(67): CodeIgniter\Boot::runCodeIgniter(Object(CodeIgniter\CodeIgniter))
11 FCPATH\index.php(56): CodeIgniter\Boot::bootWeb(Object(Config\Paths))
12 SYSTEMPATH\rewrite.php(44): require_once('C:\\xampp\\htdocs\\sipbs\\public\\index.php')
INFO - 2024-10-20 15:51:39 --> Session: Class initialized using 'CodeIgniter\Session\Handlers\FileHandler' driver.
CRITICAL - 2024-10-20 15:51:39 --> ErrorException: Undefined property: CodeIgniter\View\View::$session
[Method: GET, Route: backend/dashboard]
in APPPATH\Views\Backend\v_dashboard.php on line 70.
 1 APPPATH\Views\Backend\v_dashboard.php(70): CodeIgniter\Debug\Exceptions->errorHandler(2, 'Undefined property: CodeIgniter\\View\\View::$session', 'C:\\xampp\\htdocs\\sipbs\\app\\Views\\Backend\\v_dashboard.php', 70)
 2 SYSTEMPATH\View\View.php(234): include('C:\\xampp\\htdocs\\sipbs\\app\\Views\\Backend\\v_dashboard.php')
 3 SYSTEMPATH\View\View.php(237): CodeIgniter\View\View->CodeIgniter\View\{closure}()
 4 SYSTEMPATH\Common.php(1171): CodeIgniter\View\View->render('Backend/v_dashboard', [], true)
 5 APPPATH\Controllers\Backend\Dashboard.php(35): view('Backend/v_dashboard', [...])
 6 SYSTEMPATH\CodeIgniter.php(933): App\Controllers\Backend\Dashboard->index()
 7 SYSTEMPATH\CodeIgniter.php(509): CodeIgniter\CodeIgniter->runController(Object(App\Controllers\Backend\Dashboard))
 8 SYSTEMPATH\CodeIgniter.php(355): CodeIgniter\CodeIgniter->handleRequest(null, Object(Config\Cache), false)
 9 SYSTEMPATH\Boot.php(325): CodeIgniter\CodeIgniter->run()
10 SYSTEMPATH\Boot.php(67): CodeIgniter\Boot::runCodeIgniter(Object(CodeIgniter\CodeIgniter))
11 FCPATH\index.php(56): CodeIgniter\Boot::bootWeb(Object(Config\Paths))
12 SYSTEMPATH\rewrite.php(44): require_once('C:\\xampp\\htdocs\\sipbs\\public\\index.php')
INFO - 2024-10-20 15:51:41 --> Session: Class initialized using 'CodeIgniter\Session\Handlers\FileHandler' driver.
CRITICAL - 2024-10-20 15:51:41 --> ErrorException: Undefined property: CodeIgniter\View\View::$session
[Method: GET, Route: backend/dashboard]
in APPPATH\Views\Backend\v_dashboard.php on line 70.
 1 APPPATH\Views\Backend\v_dashboard.php(70): CodeIgniter\Debug\Exceptions->errorHandler(2, 'Undefined property: CodeIgniter\\View\\View::$session', 'C:\\xampp\\htdocs\\sipbs\\app\\Views\\Backend\\v_dashboard.php', 70)
 2 SYSTEMPATH\View\View.php(234): include('C:\\xampp\\htdocs\\sipbs\\app\\Views\\Backend\\v_dashboard.php')
 3 SYSTEMPATH\View\View.php(237): CodeIgniter\View\View->CodeIgniter\View\{closure}()
 4 SYSTEMPATH\Common.php(1171): CodeIgniter\View\View->render('Backend/v_dashboard', [], true)
 5 APPPATH\Controllers\Backend\Dashboard.php(35): view('Backend/v_dashboard', [...])
 6 SYSTEMPATH\CodeIgniter.php(933): App\Controllers\Backend\Dashboard->index()
 7 SYSTEMPATH\CodeIgniter.php(509): CodeIgniter\CodeIgniter->runController(Object(App\Controllers\Backend\Dashboard))
 8 SYSTEMPATH\CodeIgniter.php(355): CodeIgniter\CodeIgniter->handleRequest(null, Object(Config\Cache), false)
 9 SYSTEMPATH\Boot.php(325): CodeIgniter\CodeIgniter->run()
10 SYSTEMPATH\Boot.php(67): CodeIgniter\Boot::runCodeIgniter(Object(CodeIgniter\CodeIgniter))
11 FCPATH\index.php(56): CodeIgniter\Boot::bootWeb(Object(Config\Paths))
12 SYSTEMPATH\rewrite.php(44): require_once('C:\\xampp\\htdocs\\sipbs\\public\\index.php')
INFO - 2024-10-20 15:51:55 --> Session: Class initialized using 'CodeIgniter\Session\Handlers\FileHandler' driver.
CRITICAL - 2024-10-20 15:51:55 --> Error: Call to undefined method CodeIgniter\View\View::userdata()
[Method: GET, Route: backend/dashboard]
in APPPATH\Views\Backend\v_dashboard.php on line 70.
 1 SYSTEMPATH\View\View.php(234): include()
 2 SYSTEMPATH\View\View.php(237): CodeIgniter\View\View->CodeIgniter\View\{closure}()
 3 SYSTEMPATH\Common.php(1171): CodeIgniter\View\View->render('Backend/v_dashboard', [], true)
 4 APPPATH\Controllers\Backend\Dashboard.php(35): view('Backend/v_dashboard', [...])
 5 SYSTEMPATH\CodeIgniter.php(933): App\Controllers\Backend\Dashboard->index()
 6 SYSTEMPATH\CodeIgniter.php(509): CodeIgniter\CodeIgniter->runController(Object(App\Controllers\Backend\Dashboard))
 7 SYSTEMPATH\CodeIgniter.php(355): CodeIgniter\CodeIgniter->handleRequest(null, Object(Config\Cache), false)
 8 SYSTEMPATH\Boot.php(325): CodeIgniter\CodeIgniter->run()
 9 SYSTEMPATH\Boot.php(67): CodeIgniter\Boot::runCodeIgniter(Object(CodeIgniter\CodeIgniter))
10 FCPATH\index.php(56): CodeIgniter\Boot::bootWeb(Object(Config\Paths))
11 SYSTEMPATH\rewrite.php(44): require_once('C:\\xampp\\htdocs\\sipbs\\public\\index.php')
INFO - 2024-10-20 15:52:50 --> Session: Class initialized using 'CodeIgniter\Session\Handlers\FileHandler' driver.
CRITICAL - 2024-10-20 15:52:50 --> Error: Call to undefined method CodeIgniter\View\View::userdata()
[Method: GET, Route: backend/dashboard]
in APPPATH\Views\Backend\v_dashboard.php on line 70.
 1 SYSTEMPATH\View\View.php(234): include()
 2 SYSTEMPATH\View\View.php(237): CodeIgniter\View\View->CodeIgniter\View\{closure}()
 3 SYSTEMPATH\Common.php(1171): CodeIgniter\View\View->render('Backend/v_dashboard', [], true)
 4 APPPATH\Controllers\Backend\Dashboard.php(37): view('Backend/v_dashboard', [...])
 5 SYSTEMPATH\CodeIgniter.php(933): App\Controllers\Backend\Dashboard->index()
 6 SYSTEMPATH\CodeIgniter.php(509): CodeIgniter\CodeIgniter->runController(Object(App\Controllers\Backend\Dashboard))
 7 SYSTEMPATH\CodeIgniter.php(355): CodeIgniter\CodeIgniter->handleRequest(null, Object(Config\Cache), false)
 8 SYSTEMPATH\Boot.php(325): CodeIgniter\CodeIgniter->run()
 9 SYSTEMPATH\Boot.php(67): CodeIgniter\Boot::runCodeIgniter(Object(CodeIgniter\CodeIgniter))
10 FCPATH\index.php(56): CodeIgniter\Boot::bootWeb(Object(Config\Paths))
11 SYSTEMPATH\rewrite.php(44): require_once('C:\\xampp\\htdocs\\sipbs\\public\\index.php')
INFO - 2024-10-20 15:52:52 --> Session: Class initialized using 'CodeIgniter\Session\Handlers\FileHandler' driver.
CRITICAL - 2024-10-20 15:52:52 --> Error: Call to undefined method CodeIgniter\View\View::userdata()
[Method: GET, Route: backend/dashboard]
in APPPATH\Views\Backend\v_dashboard.php on line 70.
 1 SYSTEMPATH\View\View.php(234): include()
 2 SYSTEMPATH\View\View.php(237): CodeIgniter\View\View->CodeIgniter\View\{closure}()
 3 SYSTEMPATH\Common.php(1171): CodeIgniter\View\View->render('Backend/v_dashboard', [], true)
 4 APPPATH\Controllers\Backend\Dashboard.php(37): view('Backend/v_dashboard', [...])
 5 SYSTEMPATH\CodeIgniter.php(933): App\Controllers\Backend\Dashboard->index()
 6 SYSTEMPATH\CodeIgniter.php(509): CodeIgniter\CodeIgniter->runController(Object(App\Controllers\Backend\Dashboard))
 7 SYSTEMPATH\CodeIgniter.php(355): CodeIgniter\CodeIgniter->handleRequest(null, Object(Config\Cache), false)
 8 SYSTEMPATH\Boot.php(325): CodeIgniter\CodeIgniter->run()
 9 SYSTEMPATH\Boot.php(67): CodeIgniter\Boot::runCodeIgniter(Object(CodeIgniter\CodeIgniter))
10 FCPATH\index.php(56): CodeIgniter\Boot::bootWeb(Object(Config\Paths))
11 SYSTEMPATH\rewrite.php(44): require_once('C:\\xampp\\htdocs\\sipbs\\public\\index.php')
INFO - 2024-10-20 15:52:53 --> Session: Class initialized using 'CodeIgniter\Session\Handlers\FileHandler' driver.
CRITICAL - 2024-10-20 15:52:53 --> Error: Call to undefined method CodeIgniter\View\View::userdata()
[Method: GET, Route: backend/dashboard]
in APPPATH\Views\Backend\v_dashboard.php on line 70.
 1 SYSTEMPATH\View\View.php(234): include()
 2 SYSTEMPATH\View\View.php(237): CodeIgniter\View\View->CodeIgniter\View\{closure}()
 3 SYSTEMPATH\Common.php(1171): CodeIgniter\View\View->render('Backend/v_dashboard', [], true)
 4 APPPATH\Controllers\Backend\Dashboard.php(37): view('Backend/v_dashboard', [...])
 5 SYSTEMPATH\CodeIgniter.php(933): App\Controllers\Backend\Dashboard->index()
 6 SYSTEMPATH\CodeIgniter.php(509): CodeIgniter\CodeIgniter->runController(Object(App\Controllers\Backend\Dashboard))
 7 SYSTEMPATH\CodeIgniter.php(355): CodeIgniter\CodeIgniter->handleRequest(null, Object(Config\Cache), false)
 8 SYSTEMPATH\Boot.php(325): CodeIgniter\CodeIgniter->run()
 9 SYSTEMPATH\Boot.php(67): CodeIgniter\Boot::runCodeIgniter(Object(CodeIgniter\CodeIgniter))
10 FCPATH\index.php(56): CodeIgniter\Boot::bootWeb(Object(Config\Paths))
11 SYSTEMPATH\rewrite.php(44): require_once('C:\\xampp\\htdocs\\sipbs\\public\\index.php')
INFO - 2024-10-20 15:53:43 --> Session: Class initialized using 'CodeIgniter\Session\Handlers\FileHandler' driver.
CRITICAL - 2024-10-20 15:53:43 --> ErrorException: Undefined property: CodeIgniter\View\View::$db
[Method: GET, Route: backend/dashboard]
in APPPATH\Views\Backend\v_dashboard.php on line 71.
 1 APPPATH\Views\Backend\v_dashboard.php(71): CodeIgniter\Debug\Exceptions->errorHandler(2, 'Undefined property: CodeIgniter\\View\\View::$db', 'C:\\xampp\\htdocs\\sipbs\\app\\Views\\Backend\\v_dashboard.php', 71)
 2 SYSTEMPATH\View\View.php(234): include('C:\\xampp\\htdocs\\sipbs\\app\\Views\\Backend\\v_dashboard.php')
 3 SYSTEMPATH\View\View.php(237): CodeIgniter\View\View->CodeIgniter\View\{closure}()
 4 SYSTEMPATH\Common.php(1171): CodeIgniter\View\View->render('Backend/v_dashboard', [], true)
 5 APPPATH\Controllers\Backend\Dashboard.php(37): view('Backend/v_dashboard', [...])
 6 SYSTEMPATH\CodeIgniter.php(933): App\Controllers\Backend\Dashboard->index()
 7 SYSTEMPATH\CodeIgniter.php(509): CodeIgniter\CodeIgniter->runController(Object(App\Controllers\Backend\Dashboard))
 8 SYSTEMPATH\CodeIgniter.php(355): CodeIgniter\CodeIgniter->handleRequest(null, Object(Config\Cache), false)
 9 SYSTEMPATH\Boot.php(325): CodeIgniter\CodeIgniter->run()
10 SYSTEMPATH\Boot.php(67): CodeIgniter\Boot::runCodeIgniter(Object(CodeIgniter\CodeIgniter))
11 FCPATH\index.php(56): CodeIgniter\Boot::bootWeb(Object(Config\Paths))
12 SYSTEMPATH\rewrite.php(44): require_once('C:\\xampp\\htdocs\\sipbs\\public\\index.php')
INFO - 2024-10-20 15:53:44 --> Session: Class initialized using 'CodeIgniter\Session\Handlers\FileHandler' driver.
CRITICAL - 2024-10-20 15:53:44 --> ErrorException: Undefined property: CodeIgniter\View\View::$db
[Method: GET, Route: backend/dashboard]
in APPPATH\Views\Backend\v_dashboard.php on line 71.
 1 APPPATH\Views\Backend\v_dashboard.php(71): CodeIgniter\Debug\Exceptions->errorHandler(2, 'Undefined property: CodeIgniter\\View\\View::$db', 'C:\\xampp\\htdocs\\sipbs\\app\\Views\\Backend\\v_dashboard.php', 71)
 2 SYSTEMPATH\View\View.php(234): include('C:\\xampp\\htdocs\\sipbs\\app\\Views\\Backend\\v_dashboard.php')
 3 SYSTEMPATH\View\View.php(237): CodeIgniter\View\View->CodeIgniter\View\{closure}()
 4 SYSTEMPATH\Common.php(1171): CodeIgniter\View\View->render('Backend/v_dashboard', [], true)
 5 APPPATH\Controllers\Backend\Dashboard.php(37): view('Backend/v_dashboard', [...])
 6 SYSTEMPATH\CodeIgniter.php(933): App\Controllers\Backend\Dashboard->index()
 7 SYSTEMPATH\CodeIgniter.php(509): CodeIgniter\CodeIgniter->runController(Object(App\Controllers\Backend\Dashboard))
 8 SYSTEMPATH\CodeIgniter.php(355): CodeIgniter\CodeIgniter->handleRequest(null, Object(Config\Cache), false)
 9 SYSTEMPATH\Boot.php(325): CodeIgniter\CodeIgniter->run()
10 SYSTEMPATH\Boot.php(67): CodeIgniter\Boot::runCodeIgniter(Object(CodeIgniter\CodeIgniter))
11 FCPATH\index.php(56): CodeIgniter\Boot::bootWeb(Object(Config\Paths))
12 SYSTEMPATH\rewrite.php(44): require_once('C:\\xampp\\htdocs\\sipbs\\public\\index.php')
INFO - 2024-10-20 15:53:53 --> Session: Class initialized using 'CodeIgniter\Session\Handlers\FileHandler' driver.
CRITICAL - 2024-10-20 15:53:53 --> ErrorException: Undefined property: CodeIgniter\View\View::$db
[Method: GET, Route: backend/dashboard]
in APPPATH\Views\Backend\v_dashboard.php on line 71.
 1 APPPATH\Views\Backend\v_dashboard.php(71): CodeIgniter\Debug\Exceptions->errorHandler(2, 'Undefined property: CodeIgniter\\View\\View::$db', 'C:\\xampp\\htdocs\\sipbs\\app\\Views\\Backend\\v_dashboard.php', 71)
 2 SYSTEMPATH\View\View.php(234): include('C:\\xampp\\htdocs\\sipbs\\app\\Views\\Backend\\v_dashboard.php')
 3 SYSTEMPATH\View\View.php(237): CodeIgniter\View\View->CodeIgniter\View\{closure}()
 4 SYSTEMPATH\Common.php(1171): CodeIgniter\View\View->render('Backend/v_dashboard', [], true)
 5 APPPATH\Controllers\Backend\Dashboard.php(35): view('Backend/v_dashboard', [...])
 6 SYSTEMPATH\CodeIgniter.php(933): App\Controllers\Backend\Dashboard->index()
 7 SYSTEMPATH\CodeIgniter.php(509): CodeIgniter\CodeIgniter->runController(Object(App\Controllers\Backend\Dashboard))
 8 SYSTEMPATH\CodeIgniter.php(355): CodeIgniter\CodeIgniter->handleRequest(null, Object(Config\Cache), false)
 9 SYSTEMPATH\Boot.php(325): CodeIgniter\CodeIgniter->run()
10 SYSTEMPATH\Boot.php(67): CodeIgniter\Boot::runCodeIgniter(Object(CodeIgniter\CodeIgniter))
11 FCPATH\index.php(56): CodeIgniter\Boot::bootWeb(Object(Config\Paths))
12 SYSTEMPATH\rewrite.php(44): require_once('C:\\xampp\\htdocs\\sipbs\\public\\index.php')
INFO - 2024-10-20 15:53:55 --> Session: Class initialized using 'CodeIgniter\Session\Handlers\FileHandler' driver.
CRITICAL - 2024-10-20 15:53:55 --> ErrorException: Undefined property: CodeIgniter\View\View::$db
[Method: GET, Route: backend/dashboard]
in APPPATH\Views\Backend\v_dashboard.php on line 71.
 1 APPPATH\Views\Backend\v_dashboard.php(71): CodeIgniter\Debug\Exceptions->errorHandler(2, 'Undefined property: CodeIgniter\\View\\View::$db', 'C:\\xampp\\htdocs\\sipbs\\app\\Views\\Backend\\v_dashboard.php', 71)
 2 SYSTEMPATH\View\View.php(234): include('C:\\xampp\\htdocs\\sipbs\\app\\Views\\Backend\\v_dashboard.php')
 3 SYSTEMPATH\View\View.php(237): CodeIgniter\View\View->CodeIgniter\View\{closure}()
 4 SYSTEMPATH\Common.php(1171): CodeIgniter\View\View->render('Backend/v_dashboard', [], true)
 5 APPPATH\Controllers\Backend\Dashboard.php(35): view('Backend/v_dashboard', [...])
 6 SYSTEMPATH\CodeIgniter.php(933): App\Controllers\Backend\Dashboard->index()
 7 SYSTEMPATH\CodeIgniter.php(509): CodeIgniter\CodeIgniter->runController(Object(App\Controllers\Backend\Dashboard))
 8 SYSTEMPATH\CodeIgniter.php(355): CodeIgniter\CodeIgniter->handleRequest(null, Object(Config\Cache), false)
 9 SYSTEMPATH\Boot.php(325): CodeIgniter\CodeIgniter->run()
10 SYSTEMPATH\Boot.php(67): CodeIgniter\Boot::runCodeIgniter(Object(CodeIgniter\CodeIgniter))
11 FCPATH\index.php(56): CodeIgniter\Boot::bootWeb(Object(Config\Paths))
12 SYSTEMPATH\rewrite.php(44): require_once('C:\\xampp\\htdocs\\sipbs\\public\\index.php')
