INFO - 2024-11-11 07:49:21 --> Session: Class initialized using 'CodeIgniter\Session\Handlers\FileHandler' driver.
INFO - 2024-11-11 07:49:28 --> Session: Class initialized using 'CodeIgniter\Session\Handlers\FileHandler' driver.
INFO - 2024-11-11 07:49:28 --> Session: Class initialized using 'CodeIgniter\Session\Handlers\FileHandler' driver.
INFO - 2024-11-11 07:49:30 --> Session: Class initialized using 'CodeIgniter\Session\Handlers\FileHandler' driver.
INFO - 2024-11-11 07:49:30 --> Session: Class initialized using 'CodeIgniter\Session\Handlers\FileHandler' driver.
INFO - 2024-11-11 07:49:30 --> Session: Class initialized using 'CodeIgniter\Session\Handlers\FileHandler' driver.
INFO - 2024-11-11 07:49:32 --> Session: Class initialized using 'CodeIgniter\Session\Handlers\FileHandler' driver.
INFO - 2024-11-11 07:49:45 --> Session: Class initialized using 'CodeIgniter\Session\Handlers\FileHandler' driver.
INFO - 2024-11-11 07:49:45 --> Session: Class initialized using 'CodeIgniter\Session\Handlers\FileHandler' driver.
INFO - 2024-11-11 07:51:45 --> Session: Class initialized using 'CodeIgniter\Session\Handlers\FileHandler' driver.
INFO - 2024-11-11 07:51:46 --> Session: Class initialized using 'CodeIgniter\Session\Handlers\FileHandler' driver.
INFO - 2024-11-11 07:52:04 --> Session: Class initialized using 'CodeIgniter\Session\Handlers\FileHandler' driver.
INFO - 2024-11-11 07:53:44 --> Session: Class initialized using 'CodeIgniter\Session\Handlers\FileHandler' driver.
INFO - 2024-11-11 07:56:51 --> Session: Class initialized using 'CodeIgniter\Session\Handlers\FileHandler' driver.
INFO - 2024-11-11 07:57:01 --> Session: Class initialized using 'CodeIgniter\Session\Handlers\FileHandler' driver.
INFO - 2024-11-11 07:57:15 --> Session: Class initialized using 'CodeIgniter\Session\Handlers\FileHandler' driver.
INFO - 2024-11-11 14:26:16 --> Session: Class initialized using 'CodeIgniter\Session\Handlers\FileHandler' driver.
INFO - 2024-11-11 14:26:23 --> Session: Class initialized using 'CodeIgniter\Session\Handlers\FileHandler' driver.
INFO - 2024-11-11 14:26:23 --> Session: Class initialized using 'CodeIgniter\Session\Handlers\FileHandler' driver.
INFO - 2024-11-11 14:26:25 --> Session: Class initialized using 'CodeIgniter\Session\Handlers\FileHandler' driver.
INFO - 2024-11-11 14:26:25 --> Session: Class initialized using 'CodeIgniter\Session\Handlers\FileHandler' driver.
INFO - 2024-11-11 14:26:25 --> Session: Class initialized using 'CodeIgniter\Session\Handlers\FileHandler' driver.
INFO - 2024-11-11 14:26:29 --> Session: Class initialized using 'CodeIgniter\Session\Handlers\FileHandler' driver.
INFO - 2024-11-11 14:26:31 --> Session: Class initialized using 'CodeIgniter\Session\Handlers\FileHandler' driver.
INFO - 2024-11-11 14:26:35 --> Session: Class initialized using 'CodeIgniter\Session\Handlers\FileHandler' driver.
INFO - 2024-11-11 14:28:03 --> Session: Class initialized using 'CodeIgniter\Session\Handlers\FileHandler' driver.
INFO - 2024-11-11 14:28:37 --> Session: Class initialized using 'CodeIgniter\Session\Handlers\FileHandler' driver.
INFO - 2024-11-11 14:28:40 --> Session: Class initialized using 'CodeIgniter\Session\Handlers\FileHandler' driver.
ERROR - 2024-11-11 14:28:40 --> mysqli_sql_exception: You have an error in your SQL syntax; check the manual that corresponds to your MariaDB server version for the right syntax to use near ''2', 10' at line 7 in C:\xampp\htdocs\sipbs\system\Database\MySQLi\Connection.php:312
Stack trace:
#0 C:\xampp\htdocs\sipbs\system\Database\MySQLi\Connection.php(312): mysqli->query('SELECT comment_...', 0)
#1 C:\xampp\htdocs\sipbs\system\Database\BaseConnection.php(734): CodeIgniter\Database\MySQLi\Connection->execute('SELECT comment_...')
#2 C:\xampp\htdocs\sipbs\system\Database\BaseConnection.php(648): CodeIgniter\Database\BaseConnection->simpleQuery('SELECT comment_...')
#3 C:\xampp\htdocs\sipbs\app\Models\Backend\CommentModel.php(30): CodeIgniter\Database\BaseConnection->query('SELECT comment_...', Array)
#4 C:\xampp\htdocs\sipbs\app\Controllers\Backend\Comment.php(30): App\Models\Backend\CommentModel->getAllComment('2', 10)
#5 C:\xampp\htdocs\sipbs\system\CodeIgniter.php(933): App\Controllers\Backend\Comment->index()
#6 C:\xampp\htdocs\sipbs\system\CodeIgniter.php(509): CodeIgniter\CodeIgniter->runController(Object(App\Controllers\Backend\Comment))
#7 C:\xampp\htdocs\sipbs\system\CodeIgniter.php(355): CodeIgniter\CodeIgniter->handleRequest(NULL, Object(Config\Cache), false)
#8 C:\xampp\htdocs\sipbs\system\Boot.php(325): CodeIgniter\CodeIgniter->run()
#9 C:\xampp\htdocs\sipbs\system\Boot.php(67): CodeIgniter\Boot::runCodeIgniter(Object(CodeIgniter\CodeIgniter))
#10 C:\xampp\htdocs\sipbs\public\index.php(56): CodeIgniter\Boot::bootWeb(Object(Config\Paths))
#11 C:\xampp\htdocs\sipbs\system\rewrite.php(44): require_once('C:\\xampp\\htdocs...')
#12 {main}
CRITICAL - 2024-11-11 14:28:40 --> CodeIgniter\Database\Exceptions\DatabaseException: You have an error in your SQL syntax; check the manual that corresponds to your MariaDB server version for the right syntax to use near ''2', 10' at line 7
[Method: GET, Route: backend/comment]
in SYSTEMPATH\Database\BaseConnection.php on line 688.
 1 APPPATH\Models\Backend\CommentModel.php(30): CodeIgniter\Database\BaseConnection->query('SELECT comment_id, DATE_FORMAT(comment_date,\'%d %M %Y %H:%i\') AS comment_date,
                comment_name, comment_email, comment_status, comment_message, comment_image,
                post_id, post_title, post_slug 
                FROM tbl_comment 
                JOIN tbl_post ON comment_post_id = post_id 
                WHERE comment_parent = \'0\' 
                ORDER BY comment_id DESC LIMIT ?, ?', [...])
 2 APPPATH\Controllers\Backend\Comment.php(30): App\Models\Backend\CommentModel->getAllComment('2', 10)
 3 SYSTEMPATH\CodeIgniter.php(933): App\Controllers\Backend\Comment->index()
 4 SYSTEMPATH\CodeIgniter.php(509): CodeIgniter\CodeIgniter->runController(Object(App\Controllers\Backend\Comment))
 5 SYSTEMPATH\CodeIgniter.php(355): CodeIgniter\CodeIgniter->handleRequest(null, Object(Config\Cache), false)
 6 SYSTEMPATH\Boot.php(325): CodeIgniter\CodeIgniter->run()
 7 SYSTEMPATH\Boot.php(67): CodeIgniter\Boot::runCodeIgniter(Object(CodeIgniter\CodeIgniter))
 8 FCPATH\index.php(56): CodeIgniter\Boot::bootWeb(Object(Config\Paths))
 9 SYSTEMPATH\rewrite.php(44): require_once('C:\\xampp\\htdocs\\sipbs\\public\\index.php')
CRITICAL - 2024-11-11 14:28:40 --> [Caused by] CodeIgniter\Database\Exceptions\DatabaseException: You have an error in your SQL syntax; check the manual that corresponds to your MariaDB server version for the right syntax to use near ''2', 10' at line 7
in SYSTEMPATH\Database\MySQLi\Connection.php on line 317.
 1 SYSTEMPATH\Database\BaseConnection.php(734): CodeIgniter\Database\MySQLi\Connection->execute('SELECT comment_id, DATE_FORMAT(comment_date,\'%d %M %Y %H:%i\') AS comment_date,
                comment_name, comment_email, comment_status, comment_message, comment_image,
                post_id, post_title, post_slug 
                FROM tbl_comment 
                JOIN tbl_post ON comment_post_id = post_id 
                WHERE comment_parent = \'0\' 
                ORDER BY comment_id DESC LIMIT \'2\', 10')
 2 SYSTEMPATH\Database\BaseConnection.php(648): CodeIgniter\Database\BaseConnection->simpleQuery('SELECT comment_id, DATE_FORMAT(comment_date,\'%d %M %Y %H:%i\') AS comment_date,
                comment_name, comment_email, comment_status, comment_message, comment_image,
                post_id, post_title, post_slug 
                FROM tbl_comment 
                JOIN tbl_post ON comment_post_id = post_id 
                WHERE comment_parent = \'0\' 
                ORDER BY comment_id DESC LIMIT \'2\', 10')
 3 APPPATH\Models\Backend\CommentModel.php(30): CodeIgniter\Database\BaseConnection->query('SELECT comment_id, DATE_FORMAT(comment_date,\'%d %M %Y %H:%i\') AS comment_date,
                comment_name, comment_email, comment_status, comment_message, comment_image,
                post_id, post_title, post_slug 
                FROM tbl_comment 
                JOIN tbl_post ON comment_post_id = post_id 
                WHERE comment_parent = \'0\' 
                ORDER BY comment_id DESC LIMIT ?, ?', [...])
 4 APPPATH\Controllers\Backend\Comment.php(30): App\Models\Backend\CommentModel->getAllComment('2', 10)
 5 SYSTEMPATH\CodeIgniter.php(933): App\Controllers\Backend\Comment->index()
 6 SYSTEMPATH\CodeIgniter.php(509): CodeIgniter\CodeIgniter->runController(Object(App\Controllers\Backend\Comment))
 7 SYSTEMPATH\CodeIgniter.php(355): CodeIgniter\CodeIgniter->handleRequest(null, Object(Config\Cache), false)
 8 SYSTEMPATH\Boot.php(325): CodeIgniter\CodeIgniter->run()
 9 SYSTEMPATH\Boot.php(67): CodeIgniter\Boot::runCodeIgniter(Object(CodeIgniter\CodeIgniter))
10 FCPATH\index.php(56): CodeIgniter\Boot::bootWeb(Object(Config\Paths))
11 SYSTEMPATH\rewrite.php(44): require_once('C:\\xampp\\htdocs\\sipbs\\public\\index.php')
CRITICAL - 2024-11-11 14:28:40 --> [Caused by] mysqli_sql_exception: You have an error in your SQL syntax; check the manual that corresponds to your MariaDB server version for the right syntax to use near ''2', 10' at line 7
in SYSTEMPATH\Database\MySQLi\Connection.php on line 312.
 1 SYSTEMPATH\Database\MySQLi\Connection.php(312): mysqli->query('SELECT comment_id, DATE_FORMAT(comment_date,\'%d %M %Y %H:%i\') AS comment_date,
                comment_name, comment_email, comment_status, comment_message, comment_image,
                post_id, post_title, post_slug 
                FROM tbl_comment 
                JOIN tbl_post ON comment_post_id = post_id 
                WHERE comment_parent = \'0\' 
                ORDER BY comment_id DESC LIMIT \'2\', 10', 0)
 2 SYSTEMPATH\Database\BaseConnection.php(734): CodeIgniter\Database\MySQLi\Connection->execute('SELECT comment_id, DATE_FORMAT(comment_date,\'%d %M %Y %H:%i\') AS comment_date,
                comment_name, comment_email, comment_status, comment_message, comment_image,
                post_id, post_title, post_slug 
                FROM tbl_comment 
                JOIN tbl_post ON comment_post_id = post_id 
                WHERE comment_parent = \'0\' 
                ORDER BY comment_id DESC LIMIT \'2\', 10')
 3 SYSTEMPATH\Database\BaseConnection.php(648): CodeIgniter\Database\BaseConnection->simpleQuery('SELECT comment_id, DATE_FORMAT(comment_date,\'%d %M %Y %H:%i\') AS comment_date,
                comment_name, comment_email, comment_status, comment_message, comment_image,
                post_id, post_title, post_slug 
                FROM tbl_comment 
                JOIN tbl_post ON comment_post_id = post_id 
                WHERE comment_parent = \'0\' 
                ORDER BY comment_id DESC LIMIT \'2\', 10')
 4 APPPATH\Models\Backend\CommentModel.php(30): CodeIgniter\Database\BaseConnection->query('SELECT comment_id, DATE_FORMAT(comment_date,\'%d %M %Y %H:%i\') AS comment_date,
                comment_name, comment_email, comment_status, comment_message, comment_image,
                post_id, post_title, post_slug 
                FROM tbl_comment 
                JOIN tbl_post ON comment_post_id = post_id 
                WHERE comment_parent = \'0\' 
                ORDER BY comment_id DESC LIMIT ?, ?', [...])
 5 APPPATH\Controllers\Backend\Comment.php(30): App\Models\Backend\CommentModel->getAllComment('2', 10)
 6 SYSTEMPATH\CodeIgniter.php(933): App\Controllers\Backend\Comment->index()
 7 SYSTEMPATH\CodeIgniter.php(509): CodeIgniter\CodeIgniter->runController(Object(App\Controllers\Backend\Comment))
 8 SYSTEMPATH\CodeIgniter.php(355): CodeIgniter\CodeIgniter->handleRequest(null, Object(Config\Cache), false)
 9 SYSTEMPATH\Boot.php(325): CodeIgniter\CodeIgniter->run()
10 SYSTEMPATH\Boot.php(67): CodeIgniter\Boot::runCodeIgniter(Object(CodeIgniter\CodeIgniter))
11 FCPATH\index.php(56): CodeIgniter\Boot::bootWeb(Object(Config\Paths))
12 SYSTEMPATH\rewrite.php(44): require_once('C:\\xampp\\htdocs\\sipbs\\public\\index.php')
INFO - 2024-11-11 14:29:02 --> Session: Class initialized using 'CodeIgniter\Session\Handlers\FileHandler' driver.
INFO - 2024-11-11 14:29:05 --> Session: Class initialized using 'CodeIgniter\Session\Handlers\FileHandler' driver.
INFO - 2024-11-11 14:29:46 --> Session: Class initialized using 'CodeIgniter\Session\Handlers\FileHandler' driver.
INFO - 2024-11-11 14:29:47 --> Session: Class initialized using 'CodeIgniter\Session\Handlers\FileHandler' driver.
INFO - 2024-11-11 14:29:56 --> Session: Class initialized using 'CodeIgniter\Session\Handlers\FileHandler' driver.
INFO - 2024-11-11 14:30:20 --> Session: Class initialized using 'CodeIgniter\Session\Handlers\FileHandler' driver.
INFO - 2024-11-11 14:30:23 --> Session: Class initialized using 'CodeIgniter\Session\Handlers\FileHandler' driver.
INFO - 2024-11-11 14:30:25 --> Session: Class initialized using 'CodeIgniter\Session\Handlers\FileHandler' driver.
ERROR - 2024-11-11 14:30:25 --> mysqli_sql_exception: You have an error in your SQL syntax; check the manual that corresponds to your MariaDB server version for the right syntax to use near ''3', 10' at line 7 in C:\xampp\htdocs\sipbs\system\Database\MySQLi\Connection.php:312
Stack trace:
#0 C:\xampp\htdocs\sipbs\system\Database\MySQLi\Connection.php(312): mysqli->query('SELECT comment_...', 0)
#1 C:\xampp\htdocs\sipbs\system\Database\BaseConnection.php(734): CodeIgniter\Database\MySQLi\Connection->execute('SELECT comment_...')
#2 C:\xampp\htdocs\sipbs\system\Database\BaseConnection.php(648): CodeIgniter\Database\BaseConnection->simpleQuery('SELECT comment_...')
#3 C:\xampp\htdocs\sipbs\app\Models\Backend\CommentModel.php(30): CodeIgniter\Database\BaseConnection->query('SELECT comment_...', Array)
#4 C:\xampp\htdocs\sipbs\app\Controllers\Backend\Comment.php(30): App\Models\Backend\CommentModel->getAllComment('3', 10)
#5 C:\xampp\htdocs\sipbs\system\CodeIgniter.php(933): App\Controllers\Backend\Comment->index()
#6 C:\xampp\htdocs\sipbs\system\CodeIgniter.php(509): CodeIgniter\CodeIgniter->runController(Object(App\Controllers\Backend\Comment))
#7 C:\xampp\htdocs\sipbs\system\CodeIgniter.php(355): CodeIgniter\CodeIgniter->handleRequest(NULL, Object(Config\Cache), false)
#8 C:\xampp\htdocs\sipbs\system\Boot.php(325): CodeIgniter\CodeIgniter->run()
#9 C:\xampp\htdocs\sipbs\system\Boot.php(67): CodeIgniter\Boot::runCodeIgniter(Object(CodeIgniter\CodeIgniter))
#10 C:\xampp\htdocs\sipbs\public\index.php(56): CodeIgniter\Boot::bootWeb(Object(Config\Paths))
#11 C:\xampp\htdocs\sipbs\system\rewrite.php(44): require_once('C:\\xampp\\htdocs...')
#12 {main}
CRITICAL - 2024-11-11 14:30:25 --> CodeIgniter\Database\Exceptions\DatabaseException: You have an error in your SQL syntax; check the manual that corresponds to your MariaDB server version for the right syntax to use near ''3', 10' at line 7
[Method: GET, Route: backend/comment]
in SYSTEMPATH\Database\BaseConnection.php on line 688.
 1 APPPATH\Models\Backend\CommentModel.php(30): CodeIgniter\Database\BaseConnection->query('SELECT comment_id, DATE_FORMAT(comment_date,\'%d %M %Y %H:%i\') AS comment_date,
                comment_name, comment_email, comment_status, comment_message, comment_image,
                post_id, post_title, post_slug 
                FROM tbl_comment 
                JOIN tbl_post ON comment_post_id = post_id 
                WHERE comment_parent = \'0\' 
                ORDER BY comment_id DESC LIMIT ?, ?', [...])
 2 APPPATH\Controllers\Backend\Comment.php(30): App\Models\Backend\CommentModel->getAllComment('3', 10)
 3 SYSTEMPATH\CodeIgniter.php(933): App\Controllers\Backend\Comment->index()
 4 SYSTEMPATH\CodeIgniter.php(509): CodeIgniter\CodeIgniter->runController(Object(App\Controllers\Backend\Comment))
 5 SYSTEMPATH\CodeIgniter.php(355): CodeIgniter\CodeIgniter->handleRequest(null, Object(Config\Cache), false)
 6 SYSTEMPATH\Boot.php(325): CodeIgniter\CodeIgniter->run()
 7 SYSTEMPATH\Boot.php(67): CodeIgniter\Boot::runCodeIgniter(Object(CodeIgniter\CodeIgniter))
 8 FCPATH\index.php(56): CodeIgniter\Boot::bootWeb(Object(Config\Paths))
 9 SYSTEMPATH\rewrite.php(44): require_once('C:\\xampp\\htdocs\\sipbs\\public\\index.php')
CRITICAL - 2024-11-11 14:30:25 --> [Caused by] CodeIgniter\Database\Exceptions\DatabaseException: You have an error in your SQL syntax; check the manual that corresponds to your MariaDB server version for the right syntax to use near ''3', 10' at line 7
in SYSTEMPATH\Database\MySQLi\Connection.php on line 317.
 1 SYSTEMPATH\Database\BaseConnection.php(734): CodeIgniter\Database\MySQLi\Connection->execute('SELECT comment_id, DATE_FORMAT(comment_date,\'%d %M %Y %H:%i\') AS comment_date,
                comment_name, comment_email, comment_status, comment_message, comment_image,
                post_id, post_title, post_slug 
                FROM tbl_comment 
                JOIN tbl_post ON comment_post_id = post_id 
                WHERE comment_parent = \'0\' 
                ORDER BY comment_id DESC LIMIT \'3\', 10')
 2 SYSTEMPATH\Database\BaseConnection.php(648): CodeIgniter\Database\BaseConnection->simpleQuery('SELECT comment_id, DATE_FORMAT(comment_date,\'%d %M %Y %H:%i\') AS comment_date,
                comment_name, comment_email, comment_status, comment_message, comment_image,
                post_id, post_title, post_slug 
                FROM tbl_comment 
                JOIN tbl_post ON comment_post_id = post_id 
                WHERE comment_parent = \'0\' 
                ORDER BY comment_id DESC LIMIT \'3\', 10')
 3 APPPATH\Models\Backend\CommentModel.php(30): CodeIgniter\Database\BaseConnection->query('SELECT comment_id, DATE_FORMAT(comment_date,\'%d %M %Y %H:%i\') AS comment_date,
                comment_name, comment_email, comment_status, comment_message, comment_image,
                post_id, post_title, post_slug 
                FROM tbl_comment 
                JOIN tbl_post ON comment_post_id = post_id 
                WHERE comment_parent = \'0\' 
                ORDER BY comment_id DESC LIMIT ?, ?', [...])
 4 APPPATH\Controllers\Backend\Comment.php(30): App\Models\Backend\CommentModel->getAllComment('3', 10)
 5 SYSTEMPATH\CodeIgniter.php(933): App\Controllers\Backend\Comment->index()
 6 SYSTEMPATH\CodeIgniter.php(509): CodeIgniter\CodeIgniter->runController(Object(App\Controllers\Backend\Comment))
 7 SYSTEMPATH\CodeIgniter.php(355): CodeIgniter\CodeIgniter->handleRequest(null, Object(Config\Cache), false)
 8 SYSTEMPATH\Boot.php(325): CodeIgniter\CodeIgniter->run()
 9 SYSTEMPATH\Boot.php(67): CodeIgniter\Boot::runCodeIgniter(Object(CodeIgniter\CodeIgniter))
10 FCPATH\index.php(56): CodeIgniter\Boot::bootWeb(Object(Config\Paths))
11 SYSTEMPATH\rewrite.php(44): require_once('C:\\xampp\\htdocs\\sipbs\\public\\index.php')
CRITICAL - 2024-11-11 14:30:25 --> [Caused by] mysqli_sql_exception: You have an error in your SQL syntax; check the manual that corresponds to your MariaDB server version for the right syntax to use near ''3', 10' at line 7
in SYSTEMPATH\Database\MySQLi\Connection.php on line 312.
 1 SYSTEMPATH\Database\MySQLi\Connection.php(312): mysqli->query('SELECT comment_id, DATE_FORMAT(comment_date,\'%d %M %Y %H:%i\') AS comment_date,
                comment_name, comment_email, comment_status, comment_message, comment_image,
                post_id, post_title, post_slug 
                FROM tbl_comment 
                JOIN tbl_post ON comment_post_id = post_id 
                WHERE comment_parent = \'0\' 
                ORDER BY comment_id DESC LIMIT \'3\', 10', 0)
 2 SYSTEMPATH\Database\BaseConnection.php(734): CodeIgniter\Database\MySQLi\Connection->execute('SELECT comment_id, DATE_FORMAT(comment_date,\'%d %M %Y %H:%i\') AS comment_date,
                comment_name, comment_email, comment_status, comment_message, comment_image,
                post_id, post_title, post_slug 
                FROM tbl_comment 
                JOIN tbl_post ON comment_post_id = post_id 
                WHERE comment_parent = \'0\' 
                ORDER BY comment_id DESC LIMIT \'3\', 10')
 3 SYSTEMPATH\Database\BaseConnection.php(648): CodeIgniter\Database\BaseConnection->simpleQuery('SELECT comment_id, DATE_FORMAT(comment_date,\'%d %M %Y %H:%i\') AS comment_date,
                comment_name, comment_email, comment_status, comment_message, comment_image,
                post_id, post_title, post_slug 
                FROM tbl_comment 
                JOIN tbl_post ON comment_post_id = post_id 
                WHERE comment_parent = \'0\' 
                ORDER BY comment_id DESC LIMIT \'3\', 10')
 4 APPPATH\Models\Backend\CommentModel.php(30): CodeIgniter\Database\BaseConnection->query('SELECT comment_id, DATE_FORMAT(comment_date,\'%d %M %Y %H:%i\') AS comment_date,
                comment_name, comment_email, comment_status, comment_message, comment_image,
                post_id, post_title, post_slug 
                FROM tbl_comment 
                JOIN tbl_post ON comment_post_id = post_id 
                WHERE comment_parent = \'0\' 
                ORDER BY comment_id DESC LIMIT ?, ?', [...])
 5 APPPATH\Controllers\Backend\Comment.php(30): App\Models\Backend\CommentModel->getAllComment('3', 10)
 6 SYSTEMPATH\CodeIgniter.php(933): App\Controllers\Backend\Comment->index()
 7 SYSTEMPATH\CodeIgniter.php(509): CodeIgniter\CodeIgniter->runController(Object(App\Controllers\Backend\Comment))
 8 SYSTEMPATH\CodeIgniter.php(355): CodeIgniter\CodeIgniter->handleRequest(null, Object(Config\Cache), false)
 9 SYSTEMPATH\Boot.php(325): CodeIgniter\CodeIgniter->run()
10 SYSTEMPATH\Boot.php(67): CodeIgniter\Boot::runCodeIgniter(Object(CodeIgniter\CodeIgniter))
11 FCPATH\index.php(56): CodeIgniter\Boot::bootWeb(Object(Config\Paths))
12 SYSTEMPATH\rewrite.php(44): require_once('C:\\xampp\\htdocs\\sipbs\\public\\index.php')
INFO - 2024-11-11 14:33:00 --> Session: Class initialized using 'CodeIgniter\Session\Handlers\FileHandler' driver.
ERROR - 2024-11-11 14:33:00 --> mysqli_sql_exception: You have an error in your SQL syntax; check the manual that corresponds to your MariaDB server version for the right syntax to use near ''3', 10' at line 7 in C:\xampp\htdocs\sipbs\system\Database\MySQLi\Connection.php:312
Stack trace:
#0 C:\xampp\htdocs\sipbs\system\Database\MySQLi\Connection.php(312): mysqli->query('SELECT comment_...', 0)
#1 C:\xampp\htdocs\sipbs\system\Database\BaseConnection.php(734): CodeIgniter\Database\MySQLi\Connection->execute('SELECT comment_...')
#2 C:\xampp\htdocs\sipbs\system\Database\BaseConnection.php(648): CodeIgniter\Database\BaseConnection->simpleQuery('SELECT comment_...')
#3 C:\xampp\htdocs\sipbs\app\Models\Backend\CommentModel.php(30): CodeIgniter\Database\BaseConnection->query('SELECT comment_...', Array)
#4 C:\xampp\htdocs\sipbs\app\Controllers\Backend\Comment.php(30): App\Models\Backend\CommentModel->getAllComment('3', 10)
#5 C:\xampp\htdocs\sipbs\system\CodeIgniter.php(933): App\Controllers\Backend\Comment->index()
#6 C:\xampp\htdocs\sipbs\system\CodeIgniter.php(509): CodeIgniter\CodeIgniter->runController(Object(App\Controllers\Backend\Comment))
#7 C:\xampp\htdocs\sipbs\system\CodeIgniter.php(355): CodeIgniter\CodeIgniter->handleRequest(NULL, Object(Config\Cache), false)
#8 C:\xampp\htdocs\sipbs\system\Boot.php(325): CodeIgniter\CodeIgniter->run()
#9 C:\xampp\htdocs\sipbs\system\Boot.php(67): CodeIgniter\Boot::runCodeIgniter(Object(CodeIgniter\CodeIgniter))
#10 C:\xampp\htdocs\sipbs\public\index.php(56): CodeIgniter\Boot::bootWeb(Object(Config\Paths))
#11 C:\xampp\htdocs\sipbs\system\rewrite.php(44): require_once('C:\\xampp\\htdocs...')
#12 {main}
CRITICAL - 2024-11-11 14:33:00 --> CodeIgniter\Database\Exceptions\DatabaseException: You have an error in your SQL syntax; check the manual that corresponds to your MariaDB server version for the right syntax to use near ''3', 10' at line 7
[Method: GET, Route: backend/comment]
in SYSTEMPATH\Database\BaseConnection.php on line 688.
 1 APPPATH\Models\Backend\CommentModel.php(30): CodeIgniter\Database\BaseConnection->query('SELECT comment_id, DATE_FORMAT(comment_date,\'%d %M %Y %H:%i\') AS comment_date,
                comment_name, comment_email, comment_status, comment_message, comment_image,
                post_id, post_title, post_slug 
                FROM tbl_comment 
                JOIN tbl_post ON comment_post_id = post_id 
                WHERE comment_parent = \'0\' 
                ORDER BY comment_id DESC LIMIT ?, ?', [...])
 2 APPPATH\Controllers\Backend\Comment.php(30): App\Models\Backend\CommentModel->getAllComment('3', 10)
 3 SYSTEMPATH\CodeIgniter.php(933): App\Controllers\Backend\Comment->index()
 4 SYSTEMPATH\CodeIgniter.php(509): CodeIgniter\CodeIgniter->runController(Object(App\Controllers\Backend\Comment))
 5 SYSTEMPATH\CodeIgniter.php(355): CodeIgniter\CodeIgniter->handleRequest(null, Object(Config\Cache), false)
 6 SYSTEMPATH\Boot.php(325): CodeIgniter\CodeIgniter->run()
 7 SYSTEMPATH\Boot.php(67): CodeIgniter\Boot::runCodeIgniter(Object(CodeIgniter\CodeIgniter))
 8 FCPATH\index.php(56): CodeIgniter\Boot::bootWeb(Object(Config\Paths))
 9 SYSTEMPATH\rewrite.php(44): require_once('C:\\xampp\\htdocs\\sipbs\\public\\index.php')
CRITICAL - 2024-11-11 14:33:00 --> [Caused by] CodeIgniter\Database\Exceptions\DatabaseException: You have an error in your SQL syntax; check the manual that corresponds to your MariaDB server version for the right syntax to use near ''3', 10' at line 7
in SYSTEMPATH\Database\MySQLi\Connection.php on line 317.
 1 SYSTEMPATH\Database\BaseConnection.php(734): CodeIgniter\Database\MySQLi\Connection->execute('SELECT comment_id, DATE_FORMAT(comment_date,\'%d %M %Y %H:%i\') AS comment_date,
                comment_name, comment_email, comment_status, comment_message, comment_image,
                post_id, post_title, post_slug 
                FROM tbl_comment 
                JOIN tbl_post ON comment_post_id = post_id 
                WHERE comment_parent = \'0\' 
                ORDER BY comment_id DESC LIMIT \'3\', 10')
 2 SYSTEMPATH\Database\BaseConnection.php(648): CodeIgniter\Database\BaseConnection->simpleQuery('SELECT comment_id, DATE_FORMAT(comment_date,\'%d %M %Y %H:%i\') AS comment_date,
                comment_name, comment_email, comment_status, comment_message, comment_image,
                post_id, post_title, post_slug 
                FROM tbl_comment 
                JOIN tbl_post ON comment_post_id = post_id 
                WHERE comment_parent = \'0\' 
                ORDER BY comment_id DESC LIMIT \'3\', 10')
 3 APPPATH\Models\Backend\CommentModel.php(30): CodeIgniter\Database\BaseConnection->query('SELECT comment_id, DATE_FORMAT(comment_date,\'%d %M %Y %H:%i\') AS comment_date,
                comment_name, comment_email, comment_status, comment_message, comment_image,
                post_id, post_title, post_slug 
                FROM tbl_comment 
                JOIN tbl_post ON comment_post_id = post_id 
                WHERE comment_parent = \'0\' 
                ORDER BY comment_id DESC LIMIT ?, ?', [...])
 4 APPPATH\Controllers\Backend\Comment.php(30): App\Models\Backend\CommentModel->getAllComment('3', 10)
 5 SYSTEMPATH\CodeIgniter.php(933): App\Controllers\Backend\Comment->index()
 6 SYSTEMPATH\CodeIgniter.php(509): CodeIgniter\CodeIgniter->runController(Object(App\Controllers\Backend\Comment))
 7 SYSTEMPATH\CodeIgniter.php(355): CodeIgniter\CodeIgniter->handleRequest(null, Object(Config\Cache), false)
 8 SYSTEMPATH\Boot.php(325): CodeIgniter\CodeIgniter->run()
 9 SYSTEMPATH\Boot.php(67): CodeIgniter\Boot::runCodeIgniter(Object(CodeIgniter\CodeIgniter))
10 FCPATH\index.php(56): CodeIgniter\Boot::bootWeb(Object(Config\Paths))
11 SYSTEMPATH\rewrite.php(44): require_once('C:\\xampp\\htdocs\\sipbs\\public\\index.php')
CRITICAL - 2024-11-11 14:33:00 --> [Caused by] mysqli_sql_exception: You have an error in your SQL syntax; check the manual that corresponds to your MariaDB server version for the right syntax to use near ''3', 10' at line 7
in SYSTEMPATH\Database\MySQLi\Connection.php on line 312.
 1 SYSTEMPATH\Database\MySQLi\Connection.php(312): mysqli->query('SELECT comment_id, DATE_FORMAT(comment_date,\'%d %M %Y %H:%i\') AS comment_date,
                comment_name, comment_email, comment_status, comment_message, comment_image,
                post_id, post_title, post_slug 
                FROM tbl_comment 
                JOIN tbl_post ON comment_post_id = post_id 
                WHERE comment_parent = \'0\' 
                ORDER BY comment_id DESC LIMIT \'3\', 10', 0)
 2 SYSTEMPATH\Database\BaseConnection.php(734): CodeIgniter\Database\MySQLi\Connection->execute('SELECT comment_id, DATE_FORMAT(comment_date,\'%d %M %Y %H:%i\') AS comment_date,
                comment_name, comment_email, comment_status, comment_message, comment_image,
                post_id, post_title, post_slug 
                FROM tbl_comment 
                JOIN tbl_post ON comment_post_id = post_id 
                WHERE comment_parent = \'0\' 
                ORDER BY comment_id DESC LIMIT \'3\', 10')
 3 SYSTEMPATH\Database\BaseConnection.php(648): CodeIgniter\Database\BaseConnection->simpleQuery('SELECT comment_id, DATE_FORMAT(comment_date,\'%d %M %Y %H:%i\') AS comment_date,
                comment_name, comment_email, comment_status, comment_message, comment_image,
                post_id, post_title, post_slug 
                FROM tbl_comment 
                JOIN tbl_post ON comment_post_id = post_id 
                WHERE comment_parent = \'0\' 
                ORDER BY comment_id DESC LIMIT \'3\', 10')
 4 APPPATH\Models\Backend\CommentModel.php(30): CodeIgniter\Database\BaseConnection->query('SELECT comment_id, DATE_FORMAT(comment_date,\'%d %M %Y %H:%i\') AS comment_date,
                comment_name, comment_email, comment_status, comment_message, comment_image,
                post_id, post_title, post_slug 
                FROM tbl_comment 
                JOIN tbl_post ON comment_post_id = post_id 
                WHERE comment_parent = \'0\' 
                ORDER BY comment_id DESC LIMIT ?, ?', [...])
 5 APPPATH\Controllers\Backend\Comment.php(30): App\Models\Backend\CommentModel->getAllComment('3', 10)
 6 SYSTEMPATH\CodeIgniter.php(933): App\Controllers\Backend\Comment->index()
 7 SYSTEMPATH\CodeIgniter.php(509): CodeIgniter\CodeIgniter->runController(Object(App\Controllers\Backend\Comment))
 8 SYSTEMPATH\CodeIgniter.php(355): CodeIgniter\CodeIgniter->handleRequest(null, Object(Config\Cache), false)
 9 SYSTEMPATH\Boot.php(325): CodeIgniter\CodeIgniter->run()
10 SYSTEMPATH\Boot.php(67): CodeIgniter\Boot::runCodeIgniter(Object(CodeIgniter\CodeIgniter))
11 FCPATH\index.php(56): CodeIgniter\Boot::bootWeb(Object(Config\Paths))
12 SYSTEMPATH\rewrite.php(44): require_once('C:\\xampp\\htdocs\\sipbs\\public\\index.php')
INFO - 2024-11-11 14:37:40 --> Session: Class initialized using 'CodeIgniter\Session\Handlers\FileHandler' driver.
INFO - 2024-11-11 14:37:45 --> Session: Class initialized using 'CodeIgniter\Session\Handlers\FileHandler' driver.
INFO - 2024-11-11 14:37:47 --> Session: Class initialized using 'CodeIgniter\Session\Handlers\FileHandler' driver.
INFO - 2024-11-11 14:37:51 --> Session: Class initialized using 'CodeIgniter\Session\Handlers\FileHandler' driver.
INFO - 2024-11-11 14:37:54 --> Session: Class initialized using 'CodeIgniter\Session\Handlers\FileHandler' driver.
INFO - 2024-11-11 14:37:57 --> Session: Class initialized using 'CodeIgniter\Session\Handlers\FileHandler' driver.
INFO - 2024-11-11 14:37:59 --> Session: Class initialized using 'CodeIgniter\Session\Handlers\FileHandler' driver.
INFO - 2024-11-11 14:38:02 --> Session: Class initialized using 'CodeIgniter\Session\Handlers\FileHandler' driver.
INFO - 2024-11-11 14:38:04 --> Session: Class initialized using 'CodeIgniter\Session\Handlers\FileHandler' driver.
INFO - 2024-11-11 14:38:09 --> Session: Class initialized using 'CodeIgniter\Session\Handlers\FileHandler' driver.
INFO - 2024-11-11 14:38:11 --> Session: Class initialized using 'CodeIgniter\Session\Handlers\FileHandler' driver.
INFO - 2024-11-11 14:38:13 --> Session: Class initialized using 'CodeIgniter\Session\Handlers\FileHandler' driver.
INFO - 2024-11-11 14:38:16 --> Session: Class initialized using 'CodeIgniter\Session\Handlers\FileHandler' driver.
INFO - 2024-11-11 14:38:19 --> Session: Class initialized using 'CodeIgniter\Session\Handlers\FileHandler' driver.
INFO - 2024-11-11 14:38:30 --> Session: Class initialized using 'CodeIgniter\Session\Handlers\FileHandler' driver.
INFO - 2024-11-11 14:38:33 --> Session: Class initialized using 'CodeIgniter\Session\Handlers\FileHandler' driver.
INFO - 2024-11-11 14:38:48 --> Session: Class initialized using 'CodeIgniter\Session\Handlers\FileHandler' driver.
INFO - 2024-11-11 14:39:18 --> Session: Class initialized using 'CodeIgniter\Session\Handlers\FileHandler' driver.
INFO - 2024-11-11 14:39:21 --> Session: Class initialized using 'CodeIgniter\Session\Handlers\FileHandler' driver.
INFO - 2024-11-11 14:39:31 --> Session: Class initialized using 'CodeIgniter\Session\Handlers\FileHandler' driver.
INFO - 2024-11-11 14:39:33 --> Session: Class initialized using 'CodeIgniter\Session\Handlers\FileHandler' driver.
INFO - 2024-11-11 14:39:35 --> Session: Class initialized using 'CodeIgniter\Session\Handlers\FileHandler' driver.
ERROR - 2024-11-11 14:39:35 --> mysqli_sql_exception: You have an error in your SQL syntax; check the manual that corresponds to your MariaDB server version for the right syntax to use near ''2', 10' at line 7 in C:\xampp\htdocs\sipbs\system\Database\MySQLi\Connection.php:312
Stack trace:
#0 C:\xampp\htdocs\sipbs\system\Database\MySQLi\Connection.php(312): mysqli->query('SELECT comment_...', 0)
#1 C:\xampp\htdocs\sipbs\system\Database\BaseConnection.php(734): CodeIgniter\Database\MySQLi\Connection->execute('SELECT comment_...')
#2 C:\xampp\htdocs\sipbs\system\Database\BaseConnection.php(648): CodeIgniter\Database\BaseConnection->simpleQuery('SELECT comment_...')
#3 C:\xampp\htdocs\sipbs\app\Models\Backend\CommentModel.php(43): CodeIgniter\Database\BaseConnection->query('SELECT comment_...', Array)
#4 C:\xampp\htdocs\sipbs\app\Controllers\Backend\Comment.php(145): App\Models\Backend\CommentModel->getAllCommentsUnpublished('2', 10)
#5 C:\xampp\htdocs\sipbs\system\CodeIgniter.php(933): App\Controllers\Backend\Comment->unpublish()
#6 C:\xampp\htdocs\sipbs\system\CodeIgniter.php(509): CodeIgniter\CodeIgniter->runController(Object(App\Controllers\Backend\Comment))
#7 C:\xampp\htdocs\sipbs\system\CodeIgniter.php(355): CodeIgniter\CodeIgniter->handleRequest(NULL, Object(Config\Cache), false)
#8 C:\xampp\htdocs\sipbs\system\Boot.php(325): CodeIgniter\CodeIgniter->run()
#9 C:\xampp\htdocs\sipbs\system\Boot.php(67): CodeIgniter\Boot::runCodeIgniter(Object(CodeIgniter\CodeIgniter))
#10 C:\xampp\htdocs\sipbs\public\index.php(56): CodeIgniter\Boot::bootWeb(Object(Config\Paths))
#11 C:\xampp\htdocs\sipbs\system\rewrite.php(44): require_once('C:\\xampp\\htdocs...')
#12 {main}
CRITICAL - 2024-11-11 14:39:35 --> CodeIgniter\Database\Exceptions\DatabaseException: You have an error in your SQL syntax; check the manual that corresponds to your MariaDB server version for the right syntax to use near ''2', 10' at line 7
[Method: GET, Route: backend/comment/unpublish]
in SYSTEMPATH\Database\BaseConnection.php on line 688.
 1 APPPATH\Models\Backend\CommentModel.php(43): CodeIgniter\Database\BaseConnection->query('SELECT comment_id, DATE_FORMAT(comment_date,\'%d %M %Y %H:%i\') AS comment_date,
                comment_name, comment_email, comment_status, comment_message, comment_image,
                post_id, post_title, post_slug 
                FROM tbl_comment 
                JOIN tbl_post ON comment_post_id = post_id 
                WHERE comment_status = \'0\' 
                ORDER BY comment_id DESC LIMIT ?, ?', [...])
 2 APPPATH\Controllers\Backend\Comment.php(145): App\Models\Backend\CommentModel->getAllCommentsUnpublished('2', 10)
 3 SYSTEMPATH\CodeIgniter.php(933): App\Controllers\Backend\Comment->unpublish()
 4 SYSTEMPATH\CodeIgniter.php(509): CodeIgniter\CodeIgniter->runController(Object(App\Controllers\Backend\Comment))
 5 SYSTEMPATH\CodeIgniter.php(355): CodeIgniter\CodeIgniter->handleRequest(null, Object(Config\Cache), false)
 6 SYSTEMPATH\Boot.php(325): CodeIgniter\CodeIgniter->run()
 7 SYSTEMPATH\Boot.php(67): CodeIgniter\Boot::runCodeIgniter(Object(CodeIgniter\CodeIgniter))
 8 FCPATH\index.php(56): CodeIgniter\Boot::bootWeb(Object(Config\Paths))
 9 SYSTEMPATH\rewrite.php(44): require_once('C:\\xampp\\htdocs\\sipbs\\public\\index.php')
CRITICAL - 2024-11-11 14:39:35 --> [Caused by] CodeIgniter\Database\Exceptions\DatabaseException: You have an error in your SQL syntax; check the manual that corresponds to your MariaDB server version for the right syntax to use near ''2', 10' at line 7
in SYSTEMPATH\Database\MySQLi\Connection.php on line 317.
 1 SYSTEMPATH\Database\BaseConnection.php(734): CodeIgniter\Database\MySQLi\Connection->execute('SELECT comment_id, DATE_FORMAT(comment_date,\'%d %M %Y %H:%i\') AS comment_date,
                comment_name, comment_email, comment_status, comment_message, comment_image,
                post_id, post_title, post_slug 
                FROM tbl_comment 
                JOIN tbl_post ON comment_post_id = post_id 
                WHERE comment_status = \'0\' 
                ORDER BY comment_id DESC LIMIT \'2\', 10')
 2 SYSTEMPATH\Database\BaseConnection.php(648): CodeIgniter\Database\BaseConnection->simpleQuery('SELECT comment_id, DATE_FORMAT(comment_date,\'%d %M %Y %H:%i\') AS comment_date,
                comment_name, comment_email, comment_status, comment_message, comment_image,
                post_id, post_title, post_slug 
                FROM tbl_comment 
                JOIN tbl_post ON comment_post_id = post_id 
                WHERE comment_status = \'0\' 
                ORDER BY comment_id DESC LIMIT \'2\', 10')
 3 APPPATH\Models\Backend\CommentModel.php(43): CodeIgniter\Database\BaseConnection->query('SELECT comment_id, DATE_FORMAT(comment_date,\'%d %M %Y %H:%i\') AS comment_date,
                comment_name, comment_email, comment_status, comment_message, comment_image,
                post_id, post_title, post_slug 
                FROM tbl_comment 
                JOIN tbl_post ON comment_post_id = post_id 
                WHERE comment_status = \'0\' 
                ORDER BY comment_id DESC LIMIT ?, ?', [...])
 4 APPPATH\Controllers\Backend\Comment.php(145): App\Models\Backend\CommentModel->getAllCommentsUnpublished('2', 10)
 5 SYSTEMPATH\CodeIgniter.php(933): App\Controllers\Backend\Comment->unpublish()
 6 SYSTEMPATH\CodeIgniter.php(509): CodeIgniter\CodeIgniter->runController(Object(App\Controllers\Backend\Comment))
 7 SYSTEMPATH\CodeIgniter.php(355): CodeIgniter\CodeIgniter->handleRequest(null, Object(Config\Cache), false)
 8 SYSTEMPATH\Boot.php(325): CodeIgniter\CodeIgniter->run()
 9 SYSTEMPATH\Boot.php(67): CodeIgniter\Boot::runCodeIgniter(Object(CodeIgniter\CodeIgniter))
10 FCPATH\index.php(56): CodeIgniter\Boot::bootWeb(Object(Config\Paths))
11 SYSTEMPATH\rewrite.php(44): require_once('C:\\xampp\\htdocs\\sipbs\\public\\index.php')
CRITICAL - 2024-11-11 14:39:35 --> [Caused by] mysqli_sql_exception: You have an error in your SQL syntax; check the manual that corresponds to your MariaDB server version for the right syntax to use near ''2', 10' at line 7
in SYSTEMPATH\Database\MySQLi\Connection.php on line 312.
 1 SYSTEMPATH\Database\MySQLi\Connection.php(312): mysqli->query('SELECT comment_id, DATE_FORMAT(comment_date,\'%d %M %Y %H:%i\') AS comment_date,
                comment_name, comment_email, comment_status, comment_message, comment_image,
                post_id, post_title, post_slug 
                FROM tbl_comment 
                JOIN tbl_post ON comment_post_id = post_id 
                WHERE comment_status = \'0\' 
                ORDER BY comment_id DESC LIMIT \'2\', 10', 0)
 2 SYSTEMPATH\Database\BaseConnection.php(734): CodeIgniter\Database\MySQLi\Connection->execute('SELECT comment_id, DATE_FORMAT(comment_date,\'%d %M %Y %H:%i\') AS comment_date,
                comment_name, comment_email, comment_status, comment_message, comment_image,
                post_id, post_title, post_slug 
                FROM tbl_comment 
                JOIN tbl_post ON comment_post_id = post_id 
                WHERE comment_status = \'0\' 
                ORDER BY comment_id DESC LIMIT \'2\', 10')
 3 SYSTEMPATH\Database\BaseConnection.php(648): CodeIgniter\Database\BaseConnection->simpleQuery('SELECT comment_id, DATE_FORMAT(comment_date,\'%d %M %Y %H:%i\') AS comment_date,
                comment_name, comment_email, comment_status, comment_message, comment_image,
                post_id, post_title, post_slug 
                FROM tbl_comment 
                JOIN tbl_post ON comment_post_id = post_id 
                WHERE comment_status = \'0\' 
                ORDER BY comment_id DESC LIMIT \'2\', 10')
 4 APPPATH\Models\Backend\CommentModel.php(43): CodeIgniter\Database\BaseConnection->query('SELECT comment_id, DATE_FORMAT(comment_date,\'%d %M %Y %H:%i\') AS comment_date,
                comment_name, comment_email, comment_status, comment_message, comment_image,
                post_id, post_title, post_slug 
                FROM tbl_comment 
                JOIN tbl_post ON comment_post_id = post_id 
                WHERE comment_status = \'0\' 
                ORDER BY comment_id DESC LIMIT ?, ?', [...])
 5 APPPATH\Controllers\Backend\Comment.php(145): App\Models\Backend\CommentModel->getAllCommentsUnpublished('2', 10)
 6 SYSTEMPATH\CodeIgniter.php(933): App\Controllers\Backend\Comment->unpublish()
 7 SYSTEMPATH\CodeIgniter.php(509): CodeIgniter\CodeIgniter->runController(Object(App\Controllers\Backend\Comment))
 8 SYSTEMPATH\CodeIgniter.php(355): CodeIgniter\CodeIgniter->handleRequest(null, Object(Config\Cache), false)
 9 SYSTEMPATH\Boot.php(325): CodeIgniter\CodeIgniter->run()
10 SYSTEMPATH\Boot.php(67): CodeIgniter\Boot::runCodeIgniter(Object(CodeIgniter\CodeIgniter))
11 FCPATH\index.php(56): CodeIgniter\Boot::bootWeb(Object(Config\Paths))
12 SYSTEMPATH\rewrite.php(44): require_once('C:\\xampp\\htdocs\\sipbs\\public\\index.php')
INFO - 2024-11-11 14:40:14 --> Session: Class initialized using 'CodeIgniter\Session\Handlers\FileHandler' driver.
ERROR - 2024-11-11 14:40:14 --> mysqli_sql_exception: You have an error in your SQL syntax; check the manual that corresponds to your MariaDB server version for the right syntax to use near ''2', 10' at line 7 in C:\xampp\htdocs\sipbs\system\Database\MySQLi\Connection.php:312
Stack trace:
#0 C:\xampp\htdocs\sipbs\system\Database\MySQLi\Connection.php(312): mysqli->query('SELECT comment_...', 0)
#1 C:\xampp\htdocs\sipbs\system\Database\BaseConnection.php(734): CodeIgniter\Database\MySQLi\Connection->execute('SELECT comment_...')
#2 C:\xampp\htdocs\sipbs\system\Database\BaseConnection.php(648): CodeIgniter\Database\BaseConnection->simpleQuery('SELECT comment_...')
#3 C:\xampp\htdocs\sipbs\app\Models\Backend\CommentModel.php(43): CodeIgniter\Database\BaseConnection->query('SELECT comment_...', Array)
#4 C:\xampp\htdocs\sipbs\app\Controllers\Backend\Comment.php(145): App\Models\Backend\CommentModel->getAllCommentsUnpublished('2', 10)
#5 C:\xampp\htdocs\sipbs\system\CodeIgniter.php(933): App\Controllers\Backend\Comment->unpublish()
#6 C:\xampp\htdocs\sipbs\system\CodeIgniter.php(509): CodeIgniter\CodeIgniter->runController(Object(App\Controllers\Backend\Comment))
#7 C:\xampp\htdocs\sipbs\system\CodeIgniter.php(355): CodeIgniter\CodeIgniter->handleRequest(NULL, Object(Config\Cache), false)
#8 C:\xampp\htdocs\sipbs\system\Boot.php(325): CodeIgniter\CodeIgniter->run()
#9 C:\xampp\htdocs\sipbs\system\Boot.php(67): CodeIgniter\Boot::runCodeIgniter(Object(CodeIgniter\CodeIgniter))
#10 C:\xampp\htdocs\sipbs\public\index.php(56): CodeIgniter\Boot::bootWeb(Object(Config\Paths))
#11 C:\xampp\htdocs\sipbs\system\rewrite.php(44): require_once('C:\\xampp\\htdocs...')
#12 {main}
CRITICAL - 2024-11-11 14:40:14 --> CodeIgniter\Database\Exceptions\DatabaseException: You have an error in your SQL syntax; check the manual that corresponds to your MariaDB server version for the right syntax to use near ''2', 10' at line 7
[Method: GET, Route: backend/comment/unpublish]
in SYSTEMPATH\Database\BaseConnection.php on line 688.
 1 APPPATH\Models\Backend\CommentModel.php(43): CodeIgniter\Database\BaseConnection->query('SELECT comment_id, DATE_FORMAT(comment_date,\'%d %M %Y %H:%i\') AS comment_date,
                comment_name, comment_email, comment_status, comment_message, comment_image,
                post_id, post_title, post_slug 
                FROM tbl_comment 
                JOIN tbl_post ON comment_post_id = post_id 
                WHERE comment_status = \'0\' 
                ORDER BY comment_id DESC LIMIT ?, ?', [...])
 2 APPPATH\Controllers\Backend\Comment.php(145): App\Models\Backend\CommentModel->getAllCommentsUnpublished('2', 10)
 3 SYSTEMPATH\CodeIgniter.php(933): App\Controllers\Backend\Comment->unpublish()
 4 SYSTEMPATH\CodeIgniter.php(509): CodeIgniter\CodeIgniter->runController(Object(App\Controllers\Backend\Comment))
 5 SYSTEMPATH\CodeIgniter.php(355): CodeIgniter\CodeIgniter->handleRequest(null, Object(Config\Cache), false)
 6 SYSTEMPATH\Boot.php(325): CodeIgniter\CodeIgniter->run()
 7 SYSTEMPATH\Boot.php(67): CodeIgniter\Boot::runCodeIgniter(Object(CodeIgniter\CodeIgniter))
 8 FCPATH\index.php(56): CodeIgniter\Boot::bootWeb(Object(Config\Paths))
 9 SYSTEMPATH\rewrite.php(44): require_once('C:\\xampp\\htdocs\\sipbs\\public\\index.php')
CRITICAL - 2024-11-11 14:40:14 --> [Caused by] CodeIgniter\Database\Exceptions\DatabaseException: You have an error in your SQL syntax; check the manual that corresponds to your MariaDB server version for the right syntax to use near ''2', 10' at line 7
in SYSTEMPATH\Database\MySQLi\Connection.php on line 317.
 1 SYSTEMPATH\Database\BaseConnection.php(734): CodeIgniter\Database\MySQLi\Connection->execute('SELECT comment_id, DATE_FORMAT(comment_date,\'%d %M %Y %H:%i\') AS comment_date,
                comment_name, comment_email, comment_status, comment_message, comment_image,
                post_id, post_title, post_slug 
                FROM tbl_comment 
                JOIN tbl_post ON comment_post_id = post_id 
                WHERE comment_status = \'0\' 
                ORDER BY comment_id DESC LIMIT \'2\', 10')
 2 SYSTEMPATH\Database\BaseConnection.php(648): CodeIgniter\Database\BaseConnection->simpleQuery('SELECT comment_id, DATE_FORMAT(comment_date,\'%d %M %Y %H:%i\') AS comment_date,
                comment_name, comment_email, comment_status, comment_message, comment_image,
                post_id, post_title, post_slug 
                FROM tbl_comment 
                JOIN tbl_post ON comment_post_id = post_id 
                WHERE comment_status = \'0\' 
                ORDER BY comment_id DESC LIMIT \'2\', 10')
 3 APPPATH\Models\Backend\CommentModel.php(43): CodeIgniter\Database\BaseConnection->query('SELECT comment_id, DATE_FORMAT(comment_date,\'%d %M %Y %H:%i\') AS comment_date,
                comment_name, comment_email, comment_status, comment_message, comment_image,
                post_id, post_title, post_slug 
                FROM tbl_comment 
                JOIN tbl_post ON comment_post_id = post_id 
                WHERE comment_status = \'0\' 
                ORDER BY comment_id DESC LIMIT ?, ?', [...])
 4 APPPATH\Controllers\Backend\Comment.php(145): App\Models\Backend\CommentModel->getAllCommentsUnpublished('2', 10)
 5 SYSTEMPATH\CodeIgniter.php(933): App\Controllers\Backend\Comment->unpublish()
 6 SYSTEMPATH\CodeIgniter.php(509): CodeIgniter\CodeIgniter->runController(Object(App\Controllers\Backend\Comment))
 7 SYSTEMPATH\CodeIgniter.php(355): CodeIgniter\CodeIgniter->handleRequest(null, Object(Config\Cache), false)
 8 SYSTEMPATH\Boot.php(325): CodeIgniter\CodeIgniter->run()
 9 SYSTEMPATH\Boot.php(67): CodeIgniter\Boot::runCodeIgniter(Object(CodeIgniter\CodeIgniter))
10 FCPATH\index.php(56): CodeIgniter\Boot::bootWeb(Object(Config\Paths))
11 SYSTEMPATH\rewrite.php(44): require_once('C:\\xampp\\htdocs\\sipbs\\public\\index.php')
CRITICAL - 2024-11-11 14:40:14 --> [Caused by] mysqli_sql_exception: You have an error in your SQL syntax; check the manual that corresponds to your MariaDB server version for the right syntax to use near ''2', 10' at line 7
in SYSTEMPATH\Database\MySQLi\Connection.php on line 312.
 1 SYSTEMPATH\Database\MySQLi\Connection.php(312): mysqli->query('SELECT comment_id, DATE_FORMAT(comment_date,\'%d %M %Y %H:%i\') AS comment_date,
                comment_name, comment_email, comment_status, comment_message, comment_image,
                post_id, post_title, post_slug 
                FROM tbl_comment 
                JOIN tbl_post ON comment_post_id = post_id 
                WHERE comment_status = \'0\' 
                ORDER BY comment_id DESC LIMIT \'2\', 10', 0)
 2 SYSTEMPATH\Database\BaseConnection.php(734): CodeIgniter\Database\MySQLi\Connection->execute('SELECT comment_id, DATE_FORMAT(comment_date,\'%d %M %Y %H:%i\') AS comment_date,
                comment_name, comment_email, comment_status, comment_message, comment_image,
                post_id, post_title, post_slug 
                FROM tbl_comment 
                JOIN tbl_post ON comment_post_id = post_id 
                WHERE comment_status = \'0\' 
                ORDER BY comment_id DESC LIMIT \'2\', 10')
 3 SYSTEMPATH\Database\BaseConnection.php(648): CodeIgniter\Database\BaseConnection->simpleQuery('SELECT comment_id, DATE_FORMAT(comment_date,\'%d %M %Y %H:%i\') AS comment_date,
                comment_name, comment_email, comment_status, comment_message, comment_image,
                post_id, post_title, post_slug 
                FROM tbl_comment 
                JOIN tbl_post ON comment_post_id = post_id 
                WHERE comment_status = \'0\' 
                ORDER BY comment_id DESC LIMIT \'2\', 10')
 4 APPPATH\Models\Backend\CommentModel.php(43): CodeIgniter\Database\BaseConnection->query('SELECT comment_id, DATE_FORMAT(comment_date,\'%d %M %Y %H:%i\') AS comment_date,
                comment_name, comment_email, comment_status, comment_message, comment_image,
                post_id, post_title, post_slug 
                FROM tbl_comment 
                JOIN tbl_post ON comment_post_id = post_id 
                WHERE comment_status = \'0\' 
                ORDER BY comment_id DESC LIMIT ?, ?', [...])
 5 APPPATH\Controllers\Backend\Comment.php(145): App\Models\Backend\CommentModel->getAllCommentsUnpublished('2', 10)
 6 SYSTEMPATH\CodeIgniter.php(933): App\Controllers\Backend\Comment->unpublish()
 7 SYSTEMPATH\CodeIgniter.php(509): CodeIgniter\CodeIgniter->runController(Object(App\Controllers\Backend\Comment))
 8 SYSTEMPATH\CodeIgniter.php(355): CodeIgniter\CodeIgniter->handleRequest(null, Object(Config\Cache), false)
 9 SYSTEMPATH\Boot.php(325): CodeIgniter\CodeIgniter->run()
10 SYSTEMPATH\Boot.php(67): CodeIgniter\Boot::runCodeIgniter(Object(CodeIgniter\CodeIgniter))
11 FCPATH\index.php(56): CodeIgniter\Boot::bootWeb(Object(Config\Paths))
12 SYSTEMPATH\rewrite.php(44): require_once('C:\\xampp\\htdocs\\sipbs\\public\\index.php')
INFO - 2024-11-11 14:41:35 --> Session: Class initialized using 'CodeIgniter\Session\Handlers\FileHandler' driver.
INFO - 2024-11-11 14:41:38 --> Session: Class initialized using 'CodeIgniter\Session\Handlers\FileHandler' driver.
INFO - 2024-11-11 14:41:41 --> Session: Class initialized using 'CodeIgniter\Session\Handlers\FileHandler' driver.
INFO - 2024-11-11 14:41:44 --> Session: Class initialized using 'CodeIgniter\Session\Handlers\FileHandler' driver.
INFO - 2024-11-11 14:41:46 --> Session: Class initialized using 'CodeIgniter\Session\Handlers\FileHandler' driver.
INFO - 2024-11-11 14:41:46 --> Session: Class initialized using 'CodeIgniter\Session\Handlers\FileHandler' driver.
INFO - 2024-11-11 14:41:48 --> Session: Class initialized using 'CodeIgniter\Session\Handlers\FileHandler' driver.
INFO - 2024-11-11 14:41:59 --> Session: Class initialized using 'CodeIgniter\Session\Handlers\FileHandler' driver.
INFO - 2024-11-11 14:42:00 --> Session: Class initialized using 'CodeIgniter\Session\Handlers\FileHandler' driver.
INFO - 2024-11-11 14:42:02 --> Session: Class initialized using 'CodeIgniter\Session\Handlers\FileHandler' driver.
INFO - 2024-11-11 14:42:04 --> Session: Class initialized using 'CodeIgniter\Session\Handlers\FileHandler' driver.
INFO - 2024-11-11 14:42:07 --> Session: Class initialized using 'CodeIgniter\Session\Handlers\FileHandler' driver.
INFO - 2024-11-11 14:42:10 --> Session: Class initialized using 'CodeIgniter\Session\Handlers\FileHandler' driver.
INFO - 2024-11-11 14:42:56 --> Session: Class initialized using 'CodeIgniter\Session\Handlers\FileHandler' driver.
INFO - 2024-11-11 14:42:58 --> Session: Class initialized using 'CodeIgniter\Session\Handlers\FileHandler' driver.
INFO - 2024-11-11 14:43:00 --> Session: Class initialized using 'CodeIgniter\Session\Handlers\FileHandler' driver.
INFO - 2024-11-11 14:43:39 --> Session: Class initialized using 'CodeIgniter\Session\Handlers\FileHandler' driver.
INFO - 2024-11-11 14:43:39 --> Session: Class initialized using 'CodeIgniter\Session\Handlers\FileHandler' driver.
INFO - 2024-11-11 14:43:43 --> Session: Class initialized using 'CodeIgniter\Session\Handlers\FileHandler' driver.
INFO - 2024-11-11 14:43:45 --> Session: Class initialized using 'CodeIgniter\Session\Handlers\FileHandler' driver.
INFO - 2024-11-11 14:43:49 --> Session: Class initialized using 'CodeIgniter\Session\Handlers\FileHandler' driver.
INFO - 2024-11-11 14:43:51 --> Session: Class initialized using 'CodeIgniter\Session\Handlers\FileHandler' driver.
INFO - 2024-11-11 14:43:54 --> Session: Class initialized using 'CodeIgniter\Session\Handlers\FileHandler' driver.
INFO - 2024-11-11 14:43:57 --> Session: Class initialized using 'CodeIgniter\Session\Handlers\FileHandler' driver.
INFO - 2024-11-11 14:44:00 --> Session: Class initialized using 'CodeIgniter\Session\Handlers\FileHandler' driver.
INFO - 2024-11-11 14:44:12 --> Session: Class initialized using 'CodeIgniter\Session\Handlers\FileHandler' driver.
INFO - 2024-11-11 14:44:12 --> Session: Class initialized using 'CodeIgniter\Session\Handlers\FileHandler' driver.
INFO - 2024-11-11 14:44:14 --> Session: Class initialized using 'CodeIgniter\Session\Handlers\FileHandler' driver.
INFO - 2024-11-11 14:45:36 --> Session: Class initialized using 'CodeIgniter\Session\Handlers\FileHandler' driver.
INFO - 2024-11-11 14:45:46 --> Session: Class initialized using 'CodeIgniter\Session\Handlers\FileHandler' driver.
INFO - 2024-11-11 14:46:28 --> Session: Class initialized using 'CodeIgniter\Session\Handlers\FileHandler' driver.
INFO - 2024-11-11 14:46:30 --> Session: Class initialized using 'CodeIgniter\Session\Handlers\FileHandler' driver.
INFO - 2024-11-11 14:46:37 --> Session: Class initialized using 'CodeIgniter\Session\Handlers\FileHandler' driver.
WARNING - 2024-11-11 14:46:37 --> [DEPRECATED] Constant FILTER_SANITIZE_STRING is deprecated in APPPATH\Controllers\Backend\Testimonial.php on line 60.
 1 SYSTEMPATH\CodeIgniter.php(933): App\Controllers\Backend\Testimonial->update()
 2 SYSTEMPATH\CodeIgniter.php(509): CodeIgniter\CodeIgniter->runController(Object(App\Controllers\Backend\Testimonial))
 3 SYSTEMPATH\CodeIgniter.php(355): CodeIgniter\CodeIgniter->handleRequest(null, Object(Config\Cache), false)
 4 SYSTEMPATH\Boot.php(325): CodeIgniter\CodeIgniter->run()
 5 SYSTEMPATH\Boot.php(67): CodeIgniter\Boot::runCodeIgniter(Object(CodeIgniter\CodeIgniter))
 6 FCPATH\index.php(56): CodeIgniter\Boot::bootWeb(Object(Config\Paths))
 7 SYSTEMPATH\rewrite.php(44): require_once('C:\\xampp\\htdocs\\sipbs\\public\\index.php')
WARNING - 2024-11-11 14:46:37 --> [DEPRECATED] Constant FILTER_SANITIZE_STRING is deprecated in APPPATH\Controllers\Backend\Testimonial.php on line 61.
 1 SYSTEMPATH\CodeIgniter.php(933): App\Controllers\Backend\Testimonial->update()
 2 SYSTEMPATH\CodeIgniter.php(509): CodeIgniter\CodeIgniter->runController(Object(App\Controllers\Backend\Testimonial))
 3 SYSTEMPATH\CodeIgniter.php(355): CodeIgniter\CodeIgniter->handleRequest(null, Object(Config\Cache), false)
 4 SYSTEMPATH\Boot.php(325): CodeIgniter\CodeIgniter->run()
 5 SYSTEMPATH\Boot.php(67): CodeIgniter\Boot::runCodeIgniter(Object(CodeIgniter\CodeIgniter))
 6 FCPATH\index.php(56): CodeIgniter\Boot::bootWeb(Object(Config\Paths))
 7 SYSTEMPATH\rewrite.php(44): require_once('C:\\xampp\\htdocs\\sipbs\\public\\index.php')
WARNING - 2024-11-11 14:46:37 --> [DEPRECATED] Constant FILTER_SANITIZE_STRING is deprecated in APPPATH\Controllers\Backend\Testimonial.php on line 62.
 1 SYSTEMPATH\CodeIgniter.php(933): App\Controllers\Backend\Testimonial->update()
 2 SYSTEMPATH\CodeIgniter.php(509): CodeIgniter\CodeIgniter->runController(Object(App\Controllers\Backend\Testimonial))
 3 SYSTEMPATH\CodeIgniter.php(355): CodeIgniter\CodeIgniter->handleRequest(null, Object(Config\Cache), false)
 4 SYSTEMPATH\Boot.php(325): CodeIgniter\CodeIgniter->run()
 5 SYSTEMPATH\Boot.php(67): CodeIgniter\Boot::runCodeIgniter(Object(CodeIgniter\CodeIgniter))
 6 FCPATH\index.php(56): CodeIgniter\Boot::bootWeb(Object(Config\Paths))
 7 SYSTEMPATH\rewrite.php(44): require_once('C:\\xampp\\htdocs\\sipbs\\public\\index.php')
CRITICAL - 2024-11-11 14:46:37 --> BadMethodCallException: Call to undefined method App\Models\Backend\TestimonialModel::update_testimonial_noimg
[Method: POST, Route: backend/testimonial/update]
in SYSTEMPATH\Model.php on line 932.
 1 APPPATH\Controllers\Backend\Testimonial.php(78): CodeIgniter\Model->__call('update_testimonial_noimg', [...])
 2 SYSTEMPATH\CodeIgniter.php(933): App\Controllers\Backend\Testimonial->update()
 3 SYSTEMPATH\CodeIgniter.php(509): CodeIgniter\CodeIgniter->runController(Object(App\Controllers\Backend\Testimonial))
 4 SYSTEMPATH\CodeIgniter.php(355): CodeIgniter\CodeIgniter->handleRequest(null, Object(Config\Cache), false)
 5 SYSTEMPATH\Boot.php(325): CodeIgniter\CodeIgniter->run()
 6 SYSTEMPATH\Boot.php(67): CodeIgniter\Boot::runCodeIgniter(Object(CodeIgniter\CodeIgniter))
 7 FCPATH\index.php(56): CodeIgniter\Boot::bootWeb(Object(Config\Paths))
 8 SYSTEMPATH\rewrite.php(44): require_once('C:\\xampp\\htdocs\\sipbs\\public\\index.php')
INFO - 2024-11-11 14:46:53 --> Session: Class initialized using 'CodeIgniter\Session\Handlers\FileHandler' driver.
INFO - 2024-11-11 14:49:46 --> Session: Class initialized using 'CodeIgniter\Session\Handlers\FileHandler' driver.
WARNING - 2024-11-11 14:49:46 --> [DEPRECATED] Constant FILTER_SANITIZE_STRING is deprecated in APPPATH\Controllers\Backend\Testimonial.php on line 60.
 1 SYSTEMPATH\CodeIgniter.php(933): App\Controllers\Backend\Testimonial->update()
 2 SYSTEMPATH\CodeIgniter.php(509): CodeIgniter\CodeIgniter->runController(Object(App\Controllers\Backend\Testimonial))
 3 SYSTEMPATH\CodeIgniter.php(355): CodeIgniter\CodeIgniter->handleRequest(null, Object(Config\Cache), false)
 4 SYSTEMPATH\Boot.php(325): CodeIgniter\CodeIgniter->run()
 5 SYSTEMPATH\Boot.php(67): CodeIgniter\Boot::runCodeIgniter(Object(CodeIgniter\CodeIgniter))
 6 FCPATH\index.php(56): CodeIgniter\Boot::bootWeb(Object(Config\Paths))
 7 SYSTEMPATH\rewrite.php(44): require_once('C:\\xampp\\htdocs\\sipbs\\public\\index.php')
WARNING - 2024-11-11 14:49:46 --> [DEPRECATED] Constant FILTER_SANITIZE_STRING is deprecated in APPPATH\Controllers\Backend\Testimonial.php on line 61.
 1 SYSTEMPATH\CodeIgniter.php(933): App\Controllers\Backend\Testimonial->update()
 2 SYSTEMPATH\CodeIgniter.php(509): CodeIgniter\CodeIgniter->runController(Object(App\Controllers\Backend\Testimonial))
 3 SYSTEMPATH\CodeIgniter.php(355): CodeIgniter\CodeIgniter->handleRequest(null, Object(Config\Cache), false)
 4 SYSTEMPATH\Boot.php(325): CodeIgniter\CodeIgniter->run()
 5 SYSTEMPATH\Boot.php(67): CodeIgniter\Boot::runCodeIgniter(Object(CodeIgniter\CodeIgniter))
 6 FCPATH\index.php(56): CodeIgniter\Boot::bootWeb(Object(Config\Paths))
 7 SYSTEMPATH\rewrite.php(44): require_once('C:\\xampp\\htdocs\\sipbs\\public\\index.php')
WARNING - 2024-11-11 14:49:46 --> [DEPRECATED] Constant FILTER_SANITIZE_STRING is deprecated in APPPATH\Controllers\Backend\Testimonial.php on line 62.
 1 SYSTEMPATH\CodeIgniter.php(933): App\Controllers\Backend\Testimonial->update()
 2 SYSTEMPATH\CodeIgniter.php(509): CodeIgniter\CodeIgniter->runController(Object(App\Controllers\Backend\Testimonial))
 3 SYSTEMPATH\CodeIgniter.php(355): CodeIgniter\CodeIgniter->handleRequest(null, Object(Config\Cache), false)
 4 SYSTEMPATH\Boot.php(325): CodeIgniter\CodeIgniter->run()
 5 SYSTEMPATH\Boot.php(67): CodeIgniter\Boot::runCodeIgniter(Object(CodeIgniter\CodeIgniter))
 6 FCPATH\index.php(56): CodeIgniter\Boot::bootWeb(Object(Config\Paths))
 7 SYSTEMPATH\rewrite.php(44): require_once('C:\\xampp\\htdocs\\sipbs\\public\\index.php')
INFO - 2024-11-11 14:49:46 --> Session: Class initialized using 'CodeIgniter\Session\Handlers\FileHandler' driver.
INFO - 2024-11-11 14:49:59 --> Session: Class initialized using 'CodeIgniter\Session\Handlers\FileHandler' driver.
WARNING - 2024-11-11 14:49:59 --> [DEPRECATED] Constant FILTER_SANITIZE_STRING is deprecated in APPPATH\Controllers\Backend\Testimonial.php on line 60.
 1 SYSTEMPATH\CodeIgniter.php(933): App\Controllers\Backend\Testimonial->update()
 2 SYSTEMPATH\CodeIgniter.php(509): CodeIgniter\CodeIgniter->runController(Object(App\Controllers\Backend\Testimonial))
 3 SYSTEMPATH\CodeIgniter.php(355): CodeIgniter\CodeIgniter->handleRequest(null, Object(Config\Cache), false)
 4 SYSTEMPATH\Boot.php(325): CodeIgniter\CodeIgniter->run()
 5 SYSTEMPATH\Boot.php(67): CodeIgniter\Boot::runCodeIgniter(Object(CodeIgniter\CodeIgniter))
 6 FCPATH\index.php(56): CodeIgniter\Boot::bootWeb(Object(Config\Paths))
 7 SYSTEMPATH\rewrite.php(44): require_once('C:\\xampp\\htdocs\\sipbs\\public\\index.php')
WARNING - 2024-11-11 14:49:59 --> [DEPRECATED] Constant FILTER_SANITIZE_STRING is deprecated in APPPATH\Controllers\Backend\Testimonial.php on line 61.
 1 SYSTEMPATH\CodeIgniter.php(933): App\Controllers\Backend\Testimonial->update()
 2 SYSTEMPATH\CodeIgniter.php(509): CodeIgniter\CodeIgniter->runController(Object(App\Controllers\Backend\Testimonial))
 3 SYSTEMPATH\CodeIgniter.php(355): CodeIgniter\CodeIgniter->handleRequest(null, Object(Config\Cache), false)
 4 SYSTEMPATH\Boot.php(325): CodeIgniter\CodeIgniter->run()
 5 SYSTEMPATH\Boot.php(67): CodeIgniter\Boot::runCodeIgniter(Object(CodeIgniter\CodeIgniter))
 6 FCPATH\index.php(56): CodeIgniter\Boot::bootWeb(Object(Config\Paths))
 7 SYSTEMPATH\rewrite.php(44): require_once('C:\\xampp\\htdocs\\sipbs\\public\\index.php')
WARNING - 2024-11-11 14:49:59 --> [DEPRECATED] Constant FILTER_SANITIZE_STRING is deprecated in APPPATH\Controllers\Backend\Testimonial.php on line 62.
 1 SYSTEMPATH\CodeIgniter.php(933): App\Controllers\Backend\Testimonial->update()
 2 SYSTEMPATH\CodeIgniter.php(509): CodeIgniter\CodeIgniter->runController(Object(App\Controllers\Backend\Testimonial))
 3 SYSTEMPATH\CodeIgniter.php(355): CodeIgniter\CodeIgniter->handleRequest(null, Object(Config\Cache), false)
 4 SYSTEMPATH\Boot.php(325): CodeIgniter\CodeIgniter->run()
 5 SYSTEMPATH\Boot.php(67): CodeIgniter\Boot::runCodeIgniter(Object(CodeIgniter\CodeIgniter))
 6 FCPATH\index.php(56): CodeIgniter\Boot::bootWeb(Object(Config\Paths))
 7 SYSTEMPATH\rewrite.php(44): require_once('C:\\xampp\\htdocs\\sipbs\\public\\index.php')
CRITICAL - 2024-11-11 14:50:00 --> CodeIgniter\Images\Exceptions\ImageException: The framework needs the following extension(s) installed and loaded: "GD".
[Method: POST, Route: backend/testimonial/update]
in SYSTEMPATH\Exceptions\FrameworkException.php on line 78.
 1 SYSTEMPATH\Images\Handlers\GDHandler.php(36): CodeIgniter\Exceptions\FrameworkException::forMissingExtension('GD')
 2 SYSTEMPATH\Config\Services.php(351): CodeIgniter\Images\Handlers\GDHandler->__construct(Object(Config\Images))
 3 SYSTEMPATH\Config\BaseService.php(312): CodeIgniter\Config\Services::image('gd', Object(Config\Images), false)
 4 SYSTEMPATH\Config\BaseService.php(251): CodeIgniter\Config\BaseService::__callStatic('image', [...])
 5 SYSTEMPATH\Config\Services.php(342): CodeIgniter\Config\BaseService::getSharedInstance('image', null, null)
 6 SYSTEMPATH\Config\BaseService.php(321): CodeIgniter\Config\Services::image()
 7 APPPATH\Controllers\Backend\Testimonial.php(69): CodeIgniter\Config\BaseService::__callStatic('image', [])
 8 SYSTEMPATH\CodeIgniter.php(933): App\Controllers\Backend\Testimonial->update()
 9 SYSTEMPATH\CodeIgniter.php(509): CodeIgniter\CodeIgniter->runController(Object(App\Controllers\Backend\Testimonial))
10 SYSTEMPATH\CodeIgniter.php(355): CodeIgniter\CodeIgniter->handleRequest(null, Object(Config\Cache), false)
11 SYSTEMPATH\Boot.php(325): CodeIgniter\CodeIgniter->run()
12 SYSTEMPATH\Boot.php(67): CodeIgniter\Boot::runCodeIgniter(Object(CodeIgniter\CodeIgniter))
13 FCPATH\index.php(56): CodeIgniter\Boot::bootWeb(Object(Config\Paths))
14 SYSTEMPATH\rewrite.php(44): require_once('C:\\xampp\\htdocs\\sipbs\\public\\index.php')
INFO - 2024-11-11 14:52:08 --> Session: Class initialized using 'CodeIgniter\Session\Handlers\FileHandler' driver.
INFO - 2024-11-11 15:02:06 --> Session: Class initialized using 'CodeIgniter\Session\Handlers\FileHandler' driver.
INFO - 2024-11-11 15:02:24 --> Session: Class initialized using 'CodeIgniter\Session\Handlers\FileHandler' driver.
INFO - 2024-11-11 15:03:55 --> Session: Class initialized using 'CodeIgniter\Session\Handlers\FileHandler' driver.
INFO - 2024-11-11 15:07:01 --> Session: Class initialized using 'CodeIgniter\Session\Handlers\FileHandler' driver.
INFO - 2024-11-11 15:09:27 --> Session: Class initialized using 'CodeIgniter\Session\Handlers\FileHandler' driver.
INFO - 2024-11-11 15:15:37 --> Session: Class initialized using 'CodeIgniter\Session\Handlers\FileHandler' driver.
INFO - 2024-11-11 15:24:08 --> Session: Class initialized using 'CodeIgniter\Session\Handlers\FileHandler' driver.
INFO - 2024-11-11 15:24:16 --> Session: Class initialized using 'CodeIgniter\Session\Handlers\FileHandler' driver.
INFO - 2024-11-11 15:24:16 --> Session: Class initialized using 'CodeIgniter\Session\Handlers\FileHandler' driver.
INFO - 2024-11-11 15:24:16 --> Session: Class initialized using 'CodeIgniter\Session\Handlers\FileHandler' driver.
INFO - 2024-11-11 15:24:17 --> Session: Class initialized using 'CodeIgniter\Session\Handlers\FileHandler' driver.
INFO - 2024-11-11 15:24:17 --> Session: Class initialized using 'CodeIgniter\Session\Handlers\FileHandler' driver.
INFO - 2024-11-11 15:24:19 --> Session: Class initialized using 'CodeIgniter\Session\Handlers\FileHandler' driver.
INFO - 2024-11-11 15:24:23 --> Session: Class initialized using 'CodeIgniter\Session\Handlers\FileHandler' driver.
INFO - 2024-11-11 15:24:28 --> Session: Class initialized using 'CodeIgniter\Session\Handlers\FileHandler' driver.
INFO - 2024-11-11 15:24:30 --> Session: Class initialized using 'CodeIgniter\Session\Handlers\FileHandler' driver.
INFO - 2024-11-11 15:24:31 --> Session: Class initialized using 'CodeIgniter\Session\Handlers\FileHandler' driver.
INFO - 2024-11-11 15:24:32 --> Session: Class initialized using 'CodeIgniter\Session\Handlers\FileHandler' driver.
INFO - 2024-11-11 15:24:37 --> Session: Class initialized using 'CodeIgniter\Session\Handlers\FileHandler' driver.
