INFO - 2024-10-22 02:45:30 --> Session: Class initialized using 'CodeIgniter\Session\Handlers\FileHandler' driver.
INFO - 2024-10-22 02:45:32 --> Session: Class initialized using 'CodeIgniter\Session\Handlers\FileHandler' driver.
INFO - 2024-10-22 02:45:37 --> Session: Class initialized using 'CodeIgniter\Session\Handlers\FileHandler' driver.
INFO - 2024-10-22 02:45:38 --> Session: Class initialized using 'CodeIgniter\Session\Handlers\FileHandler' driver.
CRITICAL - 2024-10-22 02:45:38 --> ErrorException: Undefined property: CodeIgniter\View\View::$session
[Method: GET, Route: backend/dashboard]
in APPPATH\Views\Backend\v_dashboard.php on line 292.
 1 APPPATH\Views\Backend\v_dashboard.php(292): CodeIgniter\Debug\Exceptions->errorHandler(2, 'Undefined property: CodeIgniter\\View\\View::$session', 'C:\\xampp\\htdocs\\sipbs\\app\\Views\\Backend\\v_dashboard.php', 292)
 2 SYSTEMPATH\View\View.php(234): include('C:\\xampp\\htdocs\\sipbs\\app\\Views\\Backend\\v_dashboard.php')
 3 SYSTEMPATH\View\View.php(237): CodeIgniter\View\View->CodeIgniter\View\{closure}()
 4 SYSTEMPATH\Common.php(1171): CodeIgniter\View\View->render('Backend/v_dashboard', [], true)
 5 APPPATH\Controllers\Backend\Dashboard.php(31): view('Backend/v_dashboard', [...])
 6 SYSTEMPATH\CodeIgniter.php(933): App\Controllers\Backend\Dashboard->index()
 7 SYSTEMPATH\CodeIgniter.php(509): CodeIgniter\CodeIgniter->runController(Object(App\Controllers\Backend\Dashboard))
 8 SYSTEMPATH\CodeIgniter.php(355): CodeIgniter\CodeIgniter->handleRequest(null, Object(Config\Cache), false)
 9 SYSTEMPATH\Boot.php(325): CodeIgniter\CodeIgniter->run()
10 SYSTEMPATH\Boot.php(67): CodeIgniter\Boot::runCodeIgniter(Object(CodeIgniter\CodeIgniter))
11 FCPATH\index.php(56): CodeIgniter\Boot::bootWeb(Object(Config\Paths))
12 SYSTEMPATH\rewrite.php(44): require_once('C:\\xampp\\htdocs\\sipbs\\public\\index.php')
INFO - 2024-10-22 02:52:29 --> Session: Class initialized using 'CodeIgniter\Session\Handlers\FileHandler' driver.
CRITICAL - 2024-10-22 02:52:29 --> ErrorException: Undefined property: CodeIgniter\View\View::$session
[Method: GET, Route: backend/dashboard]
in APPPATH\Views\Backend\v_dashboard.php on line 292.
 1 APPPATH\Views\Backend\v_dashboard.php(292): CodeIgniter\Debug\Exceptions->errorHandler(2, 'Undefined property: CodeIgniter\\View\\View::$session', 'C:\\xampp\\htdocs\\sipbs\\app\\Views\\Backend\\v_dashboard.php', 292)
 2 SYSTEMPATH\View\View.php(234): include('C:\\xampp\\htdocs\\sipbs\\app\\Views\\Backend\\v_dashboard.php')
 3 SYSTEMPATH\View\View.php(237): CodeIgniter\View\View->CodeIgniter\View\{closure}()
 4 SYSTEMPATH\Common.php(1171): CodeIgniter\View\View->render('Backend/v_dashboard', [], true)
 5 APPPATH\Controllers\Backend\Dashboard.php(31): view('Backend/v_dashboard', [...])
 6 SYSTEMPATH\CodeIgniter.php(933): App\Controllers\Backend\Dashboard->index()
 7 SYSTEMPATH\CodeIgniter.php(509): CodeIgniter\CodeIgniter->runController(Object(App\Controllers\Backend\Dashboard))
 8 SYSTEMPATH\CodeIgniter.php(355): CodeIgniter\CodeIgniter->handleRequest(null, Object(Config\Cache), false)
 9 SYSTEMPATH\Boot.php(325): CodeIgniter\CodeIgniter->run()
10 SYSTEMPATH\Boot.php(67): CodeIgniter\Boot::runCodeIgniter(Object(CodeIgniter\CodeIgniter))
11 FCPATH\index.php(56): CodeIgniter\Boot::bootWeb(Object(Config\Paths))
12 SYSTEMPATH\rewrite.php(44): require_once('C:\\xampp\\htdocs\\sipbs\\public\\index.php')
INFO - 2024-10-22 02:52:30 --> Session: Class initialized using 'CodeIgniter\Session\Handlers\FileHandler' driver.
CRITICAL - 2024-10-22 02:52:31 --> ErrorException: Undefined property: CodeIgniter\View\View::$session
[Method: GET, Route: backend/dashboard]
in APPPATH\Views\Backend\v_dashboard.php on line 292.
 1 APPPATH\Views\Backend\v_dashboard.php(292): CodeIgniter\Debug\Exceptions->errorHandler(2, 'Undefined property: CodeIgniter\\View\\View::$session', 'C:\\xampp\\htdocs\\sipbs\\app\\Views\\Backend\\v_dashboard.php', 292)
 2 SYSTEMPATH\View\View.php(234): include('C:\\xampp\\htdocs\\sipbs\\app\\Views\\Backend\\v_dashboard.php')
 3 SYSTEMPATH\View\View.php(237): CodeIgniter\View\View->CodeIgniter\View\{closure}()
 4 SYSTEMPATH\Common.php(1171): CodeIgniter\View\View->render('Backend/v_dashboard', [], true)
 5 APPPATH\Controllers\Backend\Dashboard.php(31): view('Backend/v_dashboard', [...])
 6 SYSTEMPATH\CodeIgniter.php(933): App\Controllers\Backend\Dashboard->index()
 7 SYSTEMPATH\CodeIgniter.php(509): CodeIgniter\CodeIgniter->runController(Object(App\Controllers\Backend\Dashboard))
 8 SYSTEMPATH\CodeIgniter.php(355): CodeIgniter\CodeIgniter->handleRequest(null, Object(Config\Cache), false)
 9 SYSTEMPATH\Boot.php(325): CodeIgniter\CodeIgniter->run()
10 SYSTEMPATH\Boot.php(67): CodeIgniter\Boot::runCodeIgniter(Object(CodeIgniter\CodeIgniter))
11 FCPATH\index.php(56): CodeIgniter\Boot::bootWeb(Object(Config\Paths))
12 SYSTEMPATH\rewrite.php(44): require_once('C:\\xampp\\htdocs\\sipbs\\public\\index.php')
INFO - 2024-10-22 02:52:53 --> Session: Class initialized using 'CodeIgniter\Session\Handlers\FileHandler' driver.
CRITICAL - 2024-10-22 02:52:53 --> ErrorException: Undefined property: CodeIgniter\View\View::$input
[Method: GET, Route: backend/dashboard]
in APPPATH\Views\Backend\v_dashboard.php on line 293.
 1 APPPATH\Views\Backend\v_dashboard.php(293): CodeIgniter\Debug\Exceptions->errorHandler(2, 'Undefined property: CodeIgniter\\View\\View::$input', 'C:\\xampp\\htdocs\\sipbs\\app\\Views\\Backend\\v_dashboard.php', 293)
 2 SYSTEMPATH\View\View.php(234): include('C:\\xampp\\htdocs\\sipbs\\app\\Views\\Backend\\v_dashboard.php')
 3 SYSTEMPATH\View\View.php(237): CodeIgniter\View\View->CodeIgniter\View\{closure}()
 4 SYSTEMPATH\Common.php(1171): CodeIgniter\View\View->render('Backend/v_dashboard', [], true)
 5 APPPATH\Controllers\Backend\Dashboard.php(31): view('Backend/v_dashboard', [...])
 6 SYSTEMPATH\CodeIgniter.php(933): App\Controllers\Backend\Dashboard->index()
 7 SYSTEMPATH\CodeIgniter.php(509): CodeIgniter\CodeIgniter->runController(Object(App\Controllers\Backend\Dashboard))
 8 SYSTEMPATH\CodeIgniter.php(355): CodeIgniter\CodeIgniter->handleRequest(null, Object(Config\Cache), false)
 9 SYSTEMPATH\Boot.php(325): CodeIgniter\CodeIgniter->run()
10 SYSTEMPATH\Boot.php(67): CodeIgniter\Boot::runCodeIgniter(Object(CodeIgniter\CodeIgniter))
11 FCPATH\index.php(56): CodeIgniter\Boot::bootWeb(Object(Config\Paths))
12 SYSTEMPATH\rewrite.php(44): require_once('C:\\xampp\\htdocs\\sipbs\\public\\index.php')
INFO - 2024-10-22 02:53:14 --> Session: Class initialized using 'CodeIgniter\Session\Handlers\FileHandler' driver.
CRITICAL - 2024-10-22 02:53:14 --> ErrorException: Undefined property: CodeIgniter\View\View::$input
[Method: GET, Route: backend/dashboard]
in APPPATH\Views\Backend\v_dashboard.php on line 294.
 1 APPPATH\Views\Backend\v_dashboard.php(294): CodeIgniter\Debug\Exceptions->errorHandler(2, 'Undefined property: CodeIgniter\\View\\View::$input', 'C:\\xampp\\htdocs\\sipbs\\app\\Views\\Backend\\v_dashboard.php', 294)
 2 SYSTEMPATH\View\View.php(234): include('C:\\xampp\\htdocs\\sipbs\\app\\Views\\Backend\\v_dashboard.php')
 3 SYSTEMPATH\View\View.php(237): CodeIgniter\View\View->CodeIgniter\View\{closure}()
 4 SYSTEMPATH\Common.php(1171): CodeIgniter\View\View->render('Backend/v_dashboard', [], true)
 5 APPPATH\Controllers\Backend\Dashboard.php(31): view('Backend/v_dashboard', [...])
 6 SYSTEMPATH\CodeIgniter.php(933): App\Controllers\Backend\Dashboard->index()
 7 SYSTEMPATH\CodeIgniter.php(509): CodeIgniter\CodeIgniter->runController(Object(App\Controllers\Backend\Dashboard))
 8 SYSTEMPATH\CodeIgniter.php(355): CodeIgniter\CodeIgniter->handleRequest(null, Object(Config\Cache), false)
 9 SYSTEMPATH\Boot.php(325): CodeIgniter\CodeIgniter->run()
10 SYSTEMPATH\Boot.php(67): CodeIgniter\Boot::runCodeIgniter(Object(CodeIgniter\CodeIgniter))
11 FCPATH\index.php(56): CodeIgniter\Boot::bootWeb(Object(Config\Paths))
12 SYSTEMPATH\rewrite.php(44): require_once('C:\\xampp\\htdocs\\sipbs\\public\\index.php')
INFO - 2024-10-22 02:53:15 --> Session: Class initialized using 'CodeIgniter\Session\Handlers\FileHandler' driver.
CRITICAL - 2024-10-22 02:53:16 --> ErrorException: Undefined property: CodeIgniter\View\View::$input
[Method: GET, Route: backend/dashboard]
in APPPATH\Views\Backend\v_dashboard.php on line 294.
 1 APPPATH\Views\Backend\v_dashboard.php(294): CodeIgniter\Debug\Exceptions->errorHandler(2, 'Undefined property: CodeIgniter\\View\\View::$input', 'C:\\xampp\\htdocs\\sipbs\\app\\Views\\Backend\\v_dashboard.php', 294)
 2 SYSTEMPATH\View\View.php(234): include('C:\\xampp\\htdocs\\sipbs\\app\\Views\\Backend\\v_dashboard.php')
 3 SYSTEMPATH\View\View.php(237): CodeIgniter\View\View->CodeIgniter\View\{closure}()
 4 SYSTEMPATH\Common.php(1171): CodeIgniter\View\View->render('Backend/v_dashboard', [], true)
 5 APPPATH\Controllers\Backend\Dashboard.php(31): view('Backend/v_dashboard', [...])
 6 SYSTEMPATH\CodeIgniter.php(933): App\Controllers\Backend\Dashboard->index()
 7 SYSTEMPATH\CodeIgniter.php(509): CodeIgniter\CodeIgniter->runController(Object(App\Controllers\Backend\Dashboard))
 8 SYSTEMPATH\CodeIgniter.php(355): CodeIgniter\CodeIgniter->handleRequest(null, Object(Config\Cache), false)
 9 SYSTEMPATH\Boot.php(325): CodeIgniter\CodeIgniter->run()
10 SYSTEMPATH\Boot.php(67): CodeIgniter\Boot::runCodeIgniter(Object(CodeIgniter\CodeIgniter))
11 FCPATH\index.php(56): CodeIgniter\Boot::bootWeb(Object(Config\Paths))
12 SYSTEMPATH\rewrite.php(44): require_once('C:\\xampp\\htdocs\\sipbs\\public\\index.php')
INFO - 2024-10-22 03:23:36 --> Session: Class initialized using 'CodeIgniter\Session\Handlers\FileHandler' driver.
CRITICAL - 2024-10-22 03:23:37 --> ErrorException: Undefined property: CodeIgniter\View\View::$input
[Method: GET, Route: backend/dashboard]
in APPPATH\Views\Backend\v_dashboard.php on line 294.
 1 APPPATH\Views\Backend\v_dashboard.php(294): CodeIgniter\Debug\Exceptions->errorHandler(2, 'Undefined property: CodeIgniter\\View\\View::$input', 'C:\\xampp\\htdocs\\sipbs\\app\\Views\\Backend\\v_dashboard.php', 294)
 2 SYSTEMPATH\View\View.php(234): include('C:\\xampp\\htdocs\\sipbs\\app\\Views\\Backend\\v_dashboard.php')
 3 SYSTEMPATH\View\View.php(237): CodeIgniter\View\View->CodeIgniter\View\{closure}()
 4 SYSTEMPATH\Common.php(1171): CodeIgniter\View\View->render('Backend/v_dashboard', [], true)
 5 APPPATH\Controllers\Backend\Dashboard.php(31): view('Backend/v_dashboard', [...])
 6 SYSTEMPATH\CodeIgniter.php(933): App\Controllers\Backend\Dashboard->index()
 7 SYSTEMPATH\CodeIgniter.php(509): CodeIgniter\CodeIgniter->runController(Object(App\Controllers\Backend\Dashboard))
 8 SYSTEMPATH\CodeIgniter.php(355): CodeIgniter\CodeIgniter->handleRequest(null, Object(Config\Cache), false)
 9 SYSTEMPATH\Boot.php(325): CodeIgniter\CodeIgniter->run()
10 SYSTEMPATH\Boot.php(67): CodeIgniter\Boot::runCodeIgniter(Object(CodeIgniter\CodeIgniter))
11 FCPATH\index.php(56): CodeIgniter\Boot::bootWeb(Object(Config\Paths))
12 SYSTEMPATH\rewrite.php(44): require_once('C:\\xampp\\htdocs\\sipbs\\public\\index.php')
INFO - 2024-10-22 03:25:22 --> Session: Class initialized using 'CodeIgniter\Session\Handlers\FileHandler' driver.
CRITICAL - 2024-10-22 03:25:22 --> Error: Call to undefined method CodeIgniter\HTTP\IncomingRequest::get()
[Method: GET, Route: backend/dashboard]
in APPPATH\Views\Backend\v_dashboard.php on line 294.
 1 SYSTEMPATH\View\View.php(234): include()
 2 SYSTEMPATH\View\View.php(237): CodeIgniter\View\View->CodeIgniter\View\{closure}()
 3 SYSTEMPATH\Common.php(1171): CodeIgniter\View\View->render('Backend/v_dashboard', [], true)
 4 APPPATH\Controllers\Backend\Dashboard.php(31): view('Backend/v_dashboard', [...])
 5 SYSTEMPATH\CodeIgniter.php(933): App\Controllers\Backend\Dashboard->index()
 6 SYSTEMPATH\CodeIgniter.php(509): CodeIgniter\CodeIgniter->runController(Object(App\Controllers\Backend\Dashboard))
 7 SYSTEMPATH\CodeIgniter.php(355): CodeIgniter\CodeIgniter->handleRequest(null, Object(Config\Cache), false)
 8 SYSTEMPATH\Boot.php(325): CodeIgniter\CodeIgniter->run()
 9 SYSTEMPATH\Boot.php(67): CodeIgniter\Boot::runCodeIgniter(Object(CodeIgniter\CodeIgniter))
10 FCPATH\index.php(56): CodeIgniter\Boot::bootWeb(Object(Config\Paths))
11 SYSTEMPATH\rewrite.php(44): require_once('C:\\xampp\\htdocs\\sipbs\\public\\index.php')
INFO - 2024-10-22 03:26:22 --> Session: Class initialized using 'CodeIgniter\Session\Handlers\FileHandler' driver.
INFO - 2024-10-22 03:26:26 --> Session: Class initialized using 'CodeIgniter\Session\Handlers\FileHandler' driver.
INFO - 2024-10-22 03:26:27 --> Session: Class initialized using 'CodeIgniter\Session\Handlers\FileHandler' driver.
INFO - 2024-10-22 03:26:27 --> Session: Class initialized using 'CodeIgniter\Session\Handlers\FileHandler' driver.
INFO - 2024-10-22 03:28:42 --> Session: Class initialized using 'CodeIgniter\Session\Handlers\FileHandler' driver.
INFO - 2024-10-22 03:28:43 --> Session: Class initialized using 'CodeIgniter\Session\Handlers\FileHandler' driver.
INFO - 2024-10-22 03:28:43 --> Session: Class initialized using 'CodeIgniter\Session\Handlers\FileHandler' driver.
INFO - 2024-10-22 03:28:43 --> Session: Class initialized using 'CodeIgniter\Session\Handlers\FileHandler' driver.
INFO - 2024-10-22 03:28:45 --> Session: Class initialized using 'CodeIgniter\Session\Handlers\FileHandler' driver.
INFO - 2024-10-22 03:28:45 --> Session: Class initialized using 'CodeIgniter\Session\Handlers\FileHandler' driver.
INFO - 2024-10-22 03:28:46 --> Session: Class initialized using 'CodeIgniter\Session\Handlers\FileHandler' driver.
INFO - 2024-10-22 03:28:46 --> Session: Class initialized using 'CodeIgniter\Session\Handlers\FileHandler' driver.
INFO - 2024-10-22 03:31:42 --> Session: Class initialized using 'CodeIgniter\Session\Handlers\FileHandler' driver.
CRITICAL - 2024-10-22 12:20:28 --> ErrorException: Attempt to read property "kode_alternative" on array
[Method: GET, Route: /]
in APPPATH\Views\HomeView.php on line 118.
 1 APPPATH\Views\HomeView.php(118): CodeIgniter\Debug\Exceptions->errorHandler(2, 'Attempt to read property "kode_alternative" on array', 'C:\\xampp\\htdocs\\sipbs\\app\\Views\\HomeView.php', 118)
 2 SYSTEMPATH\View\View.php(234): include('C:\\xampp\\htdocs\\sipbs\\app\\Views\\HomeView.php')
 3 SYSTEMPATH\View\View.php(237): CodeIgniter\View\View->CodeIgniter\View\{closure}()
 4 SYSTEMPATH\Common.php(1171): CodeIgniter\View\View->render('HomeView', [], true)
 5 APPPATH\Controllers\Home.php(80): view('HomeView', [...])
 6 SYSTEMPATH\CodeIgniter.php(933): App\Controllers\Home->index()
 7 SYSTEMPATH\CodeIgniter.php(509): CodeIgniter\CodeIgniter->runController(Object(App\Controllers\Home))
 8 SYSTEMPATH\CodeIgniter.php(355): CodeIgniter\CodeIgniter->handleRequest(null, Object(Config\Cache), false)
 9 SYSTEMPATH\Boot.php(325): CodeIgniter\CodeIgniter->run()
10 SYSTEMPATH\Boot.php(67): CodeIgniter\Boot::runCodeIgniter(Object(CodeIgniter\CodeIgniter))
11 FCPATH\index.php(56): CodeIgniter\Boot::bootWeb(Object(Config\Paths))
12 SYSTEMPATH\rewrite.php(44): require_once('C:\\xampp\\htdocs\\sipbs\\public\\index.php')
CRITICAL - 2024-10-22 12:20:28 --> ErrorException: Attempt to read property "kode_alternative" on array
[Method: GET, Route: /]
in APPPATH\Views\HomeView.php on line 118.
 1 APPPATH\Views\HomeView.php(118): CodeIgniter\Debug\Exceptions->errorHandler(2, 'Attempt to read property "kode_alternative" on array', 'C:\\xampp\\htdocs\\sipbs\\app\\Views\\HomeView.php', 118)
 2 SYSTEMPATH\View\View.php(234): include('C:\\xampp\\htdocs\\sipbs\\app\\Views\\HomeView.php')
 3 SYSTEMPATH\View\View.php(237): CodeIgniter\View\View->CodeIgniter\View\{closure}()
 4 SYSTEMPATH\Common.php(1171): CodeIgniter\View\View->render('HomeView', [], true)
 5 APPPATH\Controllers\Home.php(80): view('HomeView', [...])
 6 SYSTEMPATH\CodeIgniter.php(933): App\Controllers\Home->index()
 7 SYSTEMPATH\CodeIgniter.php(509): CodeIgniter\CodeIgniter->runController(Object(App\Controllers\Home))
 8 SYSTEMPATH\CodeIgniter.php(355): CodeIgniter\CodeIgniter->handleRequest(null, Object(Config\Cache), false)
 9 SYSTEMPATH\Boot.php(325): CodeIgniter\CodeIgniter->run()
10 SYSTEMPATH\Boot.php(67): CodeIgniter\Boot::runCodeIgniter(Object(CodeIgniter\CodeIgniter))
11 FCPATH\index.php(56): CodeIgniter\Boot::bootWeb(Object(Config\Paths))
12 SYSTEMPATH\rewrite.php(44): require_once('C:\\xampp\\htdocs\\sipbs\\public\\index.php')
CRITICAL - 2024-10-22 12:20:29 --> ErrorException: Attempt to read property "kode_alternative" on array
[Method: GET, Route: /]
in APPPATH\Views\HomeView.php on line 118.
 1 APPPATH\Views\HomeView.php(118): CodeIgniter\Debug\Exceptions->errorHandler(2, 'Attempt to read property "kode_alternative" on array', 'C:\\xampp\\htdocs\\sipbs\\app\\Views\\HomeView.php', 118)
 2 SYSTEMPATH\View\View.php(234): include('C:\\xampp\\htdocs\\sipbs\\app\\Views\\HomeView.php')
 3 SYSTEMPATH\View\View.php(237): CodeIgniter\View\View->CodeIgniter\View\{closure}()
 4 SYSTEMPATH\Common.php(1171): CodeIgniter\View\View->render('HomeView', [], true)
 5 APPPATH\Controllers\Home.php(80): view('HomeView', [...])
 6 SYSTEMPATH\CodeIgniter.php(933): App\Controllers\Home->index()
 7 SYSTEMPATH\CodeIgniter.php(509): CodeIgniter\CodeIgniter->runController(Object(App\Controllers\Home))
 8 SYSTEMPATH\CodeIgniter.php(355): CodeIgniter\CodeIgniter->handleRequest(null, Object(Config\Cache), false)
 9 SYSTEMPATH\Boot.php(325): CodeIgniter\CodeIgniter->run()
10 SYSTEMPATH\Boot.php(67): CodeIgniter\Boot::runCodeIgniter(Object(CodeIgniter\CodeIgniter))
11 FCPATH\index.php(56): CodeIgniter\Boot::bootWeb(Object(Config\Paths))
12 SYSTEMPATH\rewrite.php(44): require_once('C:\\xampp\\htdocs\\sipbs\\public\\index.php')
INFO - 2024-10-22 12:23:27 --> Session: Class initialized using 'CodeIgniter\Session\Handlers\FileHandler' driver.
INFO - 2024-10-22 12:23:34 --> Session: Class initialized using 'CodeIgniter\Session\Handlers\FileHandler' driver.
INFO - 2024-10-22 12:23:34 --> Session: Class initialized using 'CodeIgniter\Session\Handlers\FileHandler' driver.
INFO - 2024-10-22 12:23:36 --> Session: Class initialized using 'CodeIgniter\Session\Handlers\FileHandler' driver.
INFO - 2024-10-22 12:23:36 --> Session: Class initialized using 'CodeIgniter\Session\Handlers\FileHandler' driver.
INFO - 2024-10-22 12:23:36 --> Session: Class initialized using 'CodeIgniter\Session\Handlers\FileHandler' driver.
INFO - 2024-10-22 12:23:42 --> Session: Class initialized using 'CodeIgniter\Session\Handlers\FileHandler' driver.
CRITICAL - 2024-10-22 12:23:42 --> ErrorException: Undefined property: CodeIgniter\View\View::$session
[Method: GET, Route: backend/alternative]
in APPPATH\Views\Backend\alternative\v_read.php on line 68.
 1 APPPATH\Views\Backend\alternative\v_read.php(68): CodeIgniter\Debug\Exceptions->errorHandler(2, 'Undefined property: CodeIgniter\\View\\View::$session', 'C:\\xampp\\htdocs\\sipbs\\app\\Views\\Backend\\alternative\\v_read.php', 68)
 2 SYSTEMPATH\View\View.php(234): include('C:\\xampp\\htdocs\\sipbs\\app\\Views\\Backend\\alternative\\v_read.php')
 3 SYSTEMPATH\View\View.php(237): CodeIgniter\View\View->CodeIgniter\View\{closure}()
 4 SYSTEMPATH\Common.php(1171): CodeIgniter\View\View->render('backend/alternative/v_read', [], true)
 5 APPPATH\Controllers\Backend\Alternative.php(27): view('backend/alternative/v_read', [...])
 6 SYSTEMPATH\CodeIgniter.php(933): App\Controllers\Backend\Alternative->index()
 7 SYSTEMPATH\CodeIgniter.php(509): CodeIgniter\CodeIgniter->runController(Object(App\Controllers\Backend\Alternative))
 8 SYSTEMPATH\CodeIgniter.php(355): CodeIgniter\CodeIgniter->handleRequest(null, Object(Config\Cache), false)
 9 SYSTEMPATH\Boot.php(325): CodeIgniter\CodeIgniter->run()
10 SYSTEMPATH\Boot.php(67): CodeIgniter\Boot::runCodeIgniter(Object(CodeIgniter\CodeIgniter))
11 FCPATH\index.php(56): CodeIgniter\Boot::bootWeb(Object(Config\Paths))
12 SYSTEMPATH\rewrite.php(44): require_once('C:\\xampp\\htdocs\\sipbs\\public\\index.php')
INFO - 2024-10-22 12:23:47 --> Session: Class initialized using 'CodeIgniter\Session\Handlers\FileHandler' driver.
INFO - 2024-10-22 12:23:48 --> Session: Class initialized using 'CodeIgniter\Session\Handlers\FileHandler' driver.
INFO - 2024-10-22 12:23:48 --> Session: Class initialized using 'CodeIgniter\Session\Handlers\FileHandler' driver.
INFO - 2024-10-22 12:23:48 --> Session: Class initialized using 'CodeIgniter\Session\Handlers\FileHandler' driver.
INFO - 2024-10-22 12:24:38 --> Session: Class initialized using 'CodeIgniter\Session\Handlers\FileHandler' driver.
CRITICAL - 2024-10-22 12:24:38 --> ErrorException: Undefined property: CodeIgniter\View\View::$session
[Method: GET, Route: backend/alternative]
in APPPATH\Views\Backend\alternative\v_read.php on line 68.
 1 APPPATH\Views\Backend\alternative\v_read.php(68): CodeIgniter\Debug\Exceptions->errorHandler(2, 'Undefined property: CodeIgniter\\View\\View::$session', 'C:\\xampp\\htdocs\\sipbs\\app\\Views\\Backend\\alternative\\v_read.php', 68)
 2 SYSTEMPATH\View\View.php(234): include('C:\\xampp\\htdocs\\sipbs\\app\\Views\\Backend\\alternative\\v_read.php')
 3 SYSTEMPATH\View\View.php(237): CodeIgniter\View\View->CodeIgniter\View\{closure}()
 4 SYSTEMPATH\Common.php(1171): CodeIgniter\View\View->render('backend/alternative/v_read', [], true)
 5 APPPATH\Controllers\Backend\Alternative.php(27): view('backend/alternative/v_read', [...])
 6 SYSTEMPATH\CodeIgniter.php(933): App\Controllers\Backend\Alternative->index()
 7 SYSTEMPATH\CodeIgniter.php(509): CodeIgniter\CodeIgniter->runController(Object(App\Controllers\Backend\Alternative))
 8 SYSTEMPATH\CodeIgniter.php(355): CodeIgniter\CodeIgniter->handleRequest(null, Object(Config\Cache), false)
 9 SYSTEMPATH\Boot.php(325): CodeIgniter\CodeIgniter->run()
10 SYSTEMPATH\Boot.php(67): CodeIgniter\Boot::runCodeIgniter(Object(CodeIgniter\CodeIgniter))
11 FCPATH\index.php(56): CodeIgniter\Boot::bootWeb(Object(Config\Paths))
12 SYSTEMPATH\rewrite.php(44): require_once('C:\\xampp\\htdocs\\sipbs\\public\\index.php')
INFO - 2024-10-22 12:29:08 --> Session: Class initialized using 'CodeIgniter\Session\Handlers\FileHandler' driver.
CRITICAL - 2024-10-22 12:29:08 --> ErrorException: Undefined property: CodeIgniter\View\View::$db
[Method: GET, Route: backend/alternative]
in APPPATH\Views\Backend\alternative\v_read.php on line 72.
 1 APPPATH\Views\Backend\alternative\v_read.php(72): CodeIgniter\Debug\Exceptions->errorHandler(2, 'Undefined property: CodeIgniter\\View\\View::$db', 'C:\\xampp\\htdocs\\sipbs\\app\\Views\\Backend\\alternative\\v_read.php', 72)
 2 SYSTEMPATH\View\View.php(234): include('C:\\xampp\\htdocs\\sipbs\\app\\Views\\Backend\\alternative\\v_read.php')
 3 SYSTEMPATH\View\View.php(237): CodeIgniter\View\View->CodeIgniter\View\{closure}()
 4 SYSTEMPATH\Common.php(1171): CodeIgniter\View\View->render('backend/alternative/v_read', [], true)
 5 APPPATH\Controllers\Backend\Alternative.php(27): view('backend/alternative/v_read', [...])
 6 SYSTEMPATH\CodeIgniter.php(933): App\Controllers\Backend\Alternative->index()
 7 SYSTEMPATH\CodeIgniter.php(509): CodeIgniter\CodeIgniter->runController(Object(App\Controllers\Backend\Alternative))
 8 SYSTEMPATH\CodeIgniter.php(355): CodeIgniter\CodeIgniter->handleRequest(null, Object(Config\Cache), false)
 9 SYSTEMPATH\Boot.php(325): CodeIgniter\CodeIgniter->run()
10 SYSTEMPATH\Boot.php(67): CodeIgniter\Boot::runCodeIgniter(Object(CodeIgniter\CodeIgniter))
11 FCPATH\index.php(56): CodeIgniter\Boot::bootWeb(Object(Config\Paths))
12 SYSTEMPATH\rewrite.php(44): require_once('C:\\xampp\\htdocs\\sipbs\\public\\index.php')
INFO - 2024-10-22 12:29:09 --> Session: Class initialized using 'CodeIgniter\Session\Handlers\FileHandler' driver.
CRITICAL - 2024-10-22 12:29:09 --> ErrorException: Undefined property: CodeIgniter\View\View::$db
[Method: GET, Route: backend/alternative]
in APPPATH\Views\Backend\alternative\v_read.php on line 72.
 1 APPPATH\Views\Backend\alternative\v_read.php(72): CodeIgniter\Debug\Exceptions->errorHandler(2, 'Undefined property: CodeIgniter\\View\\View::$db', 'C:\\xampp\\htdocs\\sipbs\\app\\Views\\Backend\\alternative\\v_read.php', 72)
 2 SYSTEMPATH\View\View.php(234): include('C:\\xampp\\htdocs\\sipbs\\app\\Views\\Backend\\alternative\\v_read.php')
 3 SYSTEMPATH\View\View.php(237): CodeIgniter\View\View->CodeIgniter\View\{closure}()
 4 SYSTEMPATH\Common.php(1171): CodeIgniter\View\View->render('backend/alternative/v_read', [], true)
 5 APPPATH\Controllers\Backend\Alternative.php(27): view('backend/alternative/v_read', [...])
 6 SYSTEMPATH\CodeIgniter.php(933): App\Controllers\Backend\Alternative->index()
 7 SYSTEMPATH\CodeIgniter.php(509): CodeIgniter\CodeIgniter->runController(Object(App\Controllers\Backend\Alternative))
 8 SYSTEMPATH\CodeIgniter.php(355): CodeIgniter\CodeIgniter->handleRequest(null, Object(Config\Cache), false)
 9 SYSTEMPATH\Boot.php(325): CodeIgniter\CodeIgniter->run()
10 SYSTEMPATH\Boot.php(67): CodeIgniter\Boot::runCodeIgniter(Object(CodeIgniter\CodeIgniter))
11 FCPATH\index.php(56): CodeIgniter\Boot::bootWeb(Object(Config\Paths))
12 SYSTEMPATH\rewrite.php(44): require_once('C:\\xampp\\htdocs\\sipbs\\public\\index.php')
INFO - 2024-10-22 12:29:10 --> Session: Class initialized using 'CodeIgniter\Session\Handlers\FileHandler' driver.
CRITICAL - 2024-10-22 12:29:10 --> ErrorException: Undefined property: CodeIgniter\View\View::$db
[Method: GET, Route: backend/alternative]
in APPPATH\Views\Backend\alternative\v_read.php on line 72.
 1 APPPATH\Views\Backend\alternative\v_read.php(72): CodeIgniter\Debug\Exceptions->errorHandler(2, 'Undefined property: CodeIgniter\\View\\View::$db', 'C:\\xampp\\htdocs\\sipbs\\app\\Views\\Backend\\alternative\\v_read.php', 72)
 2 SYSTEMPATH\View\View.php(234): include('C:\\xampp\\htdocs\\sipbs\\app\\Views\\Backend\\alternative\\v_read.php')
 3 SYSTEMPATH\View\View.php(237): CodeIgniter\View\View->CodeIgniter\View\{closure}()
 4 SYSTEMPATH\Common.php(1171): CodeIgniter\View\View->render('backend/alternative/v_read', [], true)
 5 APPPATH\Controllers\Backend\Alternative.php(27): view('backend/alternative/v_read', [...])
 6 SYSTEMPATH\CodeIgniter.php(933): App\Controllers\Backend\Alternative->index()
 7 SYSTEMPATH\CodeIgniter.php(509): CodeIgniter\CodeIgniter->runController(Object(App\Controllers\Backend\Alternative))
 8 SYSTEMPATH\CodeIgniter.php(355): CodeIgniter\CodeIgniter->handleRequest(null, Object(Config\Cache), false)
 9 SYSTEMPATH\Boot.php(325): CodeIgniter\CodeIgniter->run()
10 SYSTEMPATH\Boot.php(67): CodeIgniter\Boot::runCodeIgniter(Object(CodeIgniter\CodeIgniter))
11 FCPATH\index.php(56): CodeIgniter\Boot::bootWeb(Object(Config\Paths))
12 SYSTEMPATH\rewrite.php(44): require_once('C:\\xampp\\htdocs\\sipbs\\public\\index.php')
INFO - 2024-10-22 12:29:10 --> Session: Class initialized using 'CodeIgniter\Session\Handlers\FileHandler' driver.
CRITICAL - 2024-10-22 12:29:10 --> ErrorException: Undefined property: CodeIgniter\View\View::$db
[Method: GET, Route: backend/alternative]
in APPPATH\Views\Backend\alternative\v_read.php on line 72.
 1 APPPATH\Views\Backend\alternative\v_read.php(72): CodeIgniter\Debug\Exceptions->errorHandler(2, 'Undefined property: CodeIgniter\\View\\View::$db', 'C:\\xampp\\htdocs\\sipbs\\app\\Views\\Backend\\alternative\\v_read.php', 72)
 2 SYSTEMPATH\View\View.php(234): include('C:\\xampp\\htdocs\\sipbs\\app\\Views\\Backend\\alternative\\v_read.php')
 3 SYSTEMPATH\View\View.php(237): CodeIgniter\View\View->CodeIgniter\View\{closure}()
 4 SYSTEMPATH\Common.php(1171): CodeIgniter\View\View->render('backend/alternative/v_read', [], true)
 5 APPPATH\Controllers\Backend\Alternative.php(27): view('backend/alternative/v_read', [...])
 6 SYSTEMPATH\CodeIgniter.php(933): App\Controllers\Backend\Alternative->index()
 7 SYSTEMPATH\CodeIgniter.php(509): CodeIgniter\CodeIgniter->runController(Object(App\Controllers\Backend\Alternative))
 8 SYSTEMPATH\CodeIgniter.php(355): CodeIgniter\CodeIgniter->handleRequest(null, Object(Config\Cache), false)
 9 SYSTEMPATH\Boot.php(325): CodeIgniter\CodeIgniter->run()
10 SYSTEMPATH\Boot.php(67): CodeIgniter\Boot::runCodeIgniter(Object(CodeIgniter\CodeIgniter))
11 FCPATH\index.php(56): CodeIgniter\Boot::bootWeb(Object(Config\Paths))
12 SYSTEMPATH\rewrite.php(44): require_once('C:\\xampp\\htdocs\\sipbs\\public\\index.php')
INFO - 2024-10-22 12:29:11 --> Session: Class initialized using 'CodeIgniter\Session\Handlers\FileHandler' driver.
CRITICAL - 2024-10-22 12:29:11 --> ErrorException: Undefined property: CodeIgniter\View\View::$db
[Method: GET, Route: backend/alternative]
in APPPATH\Views\Backend\alternative\v_read.php on line 72.
 1 APPPATH\Views\Backend\alternative\v_read.php(72): CodeIgniter\Debug\Exceptions->errorHandler(2, 'Undefined property: CodeIgniter\\View\\View::$db', 'C:\\xampp\\htdocs\\sipbs\\app\\Views\\Backend\\alternative\\v_read.php', 72)
 2 SYSTEMPATH\View\View.php(234): include('C:\\xampp\\htdocs\\sipbs\\app\\Views\\Backend\\alternative\\v_read.php')
 3 SYSTEMPATH\View\View.php(237): CodeIgniter\View\View->CodeIgniter\View\{closure}()
 4 SYSTEMPATH\Common.php(1171): CodeIgniter\View\View->render('backend/alternative/v_read', [], true)
 5 APPPATH\Controllers\Backend\Alternative.php(27): view('backend/alternative/v_read', [...])
 6 SYSTEMPATH\CodeIgniter.php(933): App\Controllers\Backend\Alternative->index()
 7 SYSTEMPATH\CodeIgniter.php(509): CodeIgniter\CodeIgniter->runController(Object(App\Controllers\Backend\Alternative))
 8 SYSTEMPATH\CodeIgniter.php(355): CodeIgniter\CodeIgniter->handleRequest(null, Object(Config\Cache), false)
 9 SYSTEMPATH\Boot.php(325): CodeIgniter\CodeIgniter->run()
10 SYSTEMPATH\Boot.php(67): CodeIgniter\Boot::runCodeIgniter(Object(CodeIgniter\CodeIgniter))
11 FCPATH\index.php(56): CodeIgniter\Boot::bootWeb(Object(Config\Paths))
12 SYSTEMPATH\rewrite.php(44): require_once('C:\\xampp\\htdocs\\sipbs\\public\\index.php')
INFO - 2024-10-22 12:30:41 --> Session: Class initialized using 'CodeIgniter\Session\Handlers\FileHandler' driver.
CRITICAL - 2024-10-22 12:30:41 --> Error: Cannot use object of type stdClass as array
[Method: GET, Route: backend/alternative]
in APPPATH\Views\Backend\alternative\v_read.php on line 243.
 1 SYSTEMPATH\View\View.php(234): include()
 2 SYSTEMPATH\View\View.php(237): CodeIgniter\View\View->CodeIgniter\View\{closure}()
 3 SYSTEMPATH\Common.php(1171): CodeIgniter\View\View->render('backend/alternative/v_read', [], true)
 4 APPPATH\Controllers\Backend\Alternative.php(27): view('backend/alternative/v_read', [...])
 5 SYSTEMPATH\CodeIgniter.php(933): App\Controllers\Backend\Alternative->index()
 6 SYSTEMPATH\CodeIgniter.php(509): CodeIgniter\CodeIgniter->runController(Object(App\Controllers\Backend\Alternative))
 7 SYSTEMPATH\CodeIgniter.php(355): CodeIgniter\CodeIgniter->handleRequest(null, Object(Config\Cache), false)
 8 SYSTEMPATH\Boot.php(325): CodeIgniter\CodeIgniter->run()
 9 SYSTEMPATH\Boot.php(67): CodeIgniter\Boot::runCodeIgniter(Object(CodeIgniter\CodeIgniter))
10 FCPATH\index.php(56): CodeIgniter\Boot::bootWeb(Object(Config\Paths))
11 SYSTEMPATH\rewrite.php(44): require_once('C:\\xampp\\htdocs\\sipbs\\public\\index.php')
INFO - 2024-10-22 12:32:03 --> Session: Class initialized using 'CodeIgniter\Session\Handlers\FileHandler' driver.
CRITICAL - 2024-10-22 12:32:03 --> Error: Cannot use object of type stdClass as array
[Method: GET, Route: backend/alternative]
in APPPATH\Views\Backend\alternative\v_read.php on line 243.
 1 SYSTEMPATH\View\View.php(234): include()
 2 SYSTEMPATH\View\View.php(237): CodeIgniter\View\View->CodeIgniter\View\{closure}()
 3 SYSTEMPATH\Common.php(1171): CodeIgniter\View\View->render('backend/alternative/v_read', [], true)
 4 APPPATH\Controllers\Backend\Alternative.php(27): view('backend/alternative/v_read', [...])
 5 SYSTEMPATH\CodeIgniter.php(933): App\Controllers\Backend\Alternative->index()
 6 SYSTEMPATH\CodeIgniter.php(509): CodeIgniter\CodeIgniter->runController(Object(App\Controllers\Backend\Alternative))
 7 SYSTEMPATH\CodeIgniter.php(355): CodeIgniter\CodeIgniter->handleRequest(null, Object(Config\Cache), false)
 8 SYSTEMPATH\Boot.php(325): CodeIgniter\CodeIgniter->run()
 9 SYSTEMPATH\Boot.php(67): CodeIgniter\Boot::runCodeIgniter(Object(CodeIgniter\CodeIgniter))
10 FCPATH\index.php(56): CodeIgniter\Boot::bootWeb(Object(Config\Paths))
11 SYSTEMPATH\rewrite.php(44): require_once('C:\\xampp\\htdocs\\sipbs\\public\\index.php')
INFO - 2024-10-22 12:32:04 --> Session: Class initialized using 'CodeIgniter\Session\Handlers\FileHandler' driver.
CRITICAL - 2024-10-22 12:32:04 --> Error: Cannot use object of type stdClass as array
[Method: GET, Route: backend/alternative]
in APPPATH\Views\Backend\alternative\v_read.php on line 243.
 1 SYSTEMPATH\View\View.php(234): include()
 2 SYSTEMPATH\View\View.php(237): CodeIgniter\View\View->CodeIgniter\View\{closure}()
 3 SYSTEMPATH\Common.php(1171): CodeIgniter\View\View->render('backend/alternative/v_read', [], true)
 4 APPPATH\Controllers\Backend\Alternative.php(27): view('backend/alternative/v_read', [...])
 5 SYSTEMPATH\CodeIgniter.php(933): App\Controllers\Backend\Alternative->index()
 6 SYSTEMPATH\CodeIgniter.php(509): CodeIgniter\CodeIgniter->runController(Object(App\Controllers\Backend\Alternative))
 7 SYSTEMPATH\CodeIgniter.php(355): CodeIgniter\CodeIgniter->handleRequest(null, Object(Config\Cache), false)
 8 SYSTEMPATH\Boot.php(325): CodeIgniter\CodeIgniter->run()
 9 SYSTEMPATH\Boot.php(67): CodeIgniter\Boot::runCodeIgniter(Object(CodeIgniter\CodeIgniter))
10 FCPATH\index.php(56): CodeIgniter\Boot::bootWeb(Object(Config\Paths))
11 SYSTEMPATH\rewrite.php(44): require_once('C:\\xampp\\htdocs\\sipbs\\public\\index.php')
INFO - 2024-10-22 12:32:05 --> Session: Class initialized using 'CodeIgniter\Session\Handlers\FileHandler' driver.
CRITICAL - 2024-10-22 12:32:05 --> Error: Cannot use object of type stdClass as array
[Method: GET, Route: backend/alternative]
in APPPATH\Views\Backend\alternative\v_read.php on line 243.
 1 SYSTEMPATH\View\View.php(234): include()
 2 SYSTEMPATH\View\View.php(237): CodeIgniter\View\View->CodeIgniter\View\{closure}()
 3 SYSTEMPATH\Common.php(1171): CodeIgniter\View\View->render('backend/alternative/v_read', [], true)
 4 APPPATH\Controllers\Backend\Alternative.php(27): view('backend/alternative/v_read', [...])
 5 SYSTEMPATH\CodeIgniter.php(933): App\Controllers\Backend\Alternative->index()
 6 SYSTEMPATH\CodeIgniter.php(509): CodeIgniter\CodeIgniter->runController(Object(App\Controllers\Backend\Alternative))
 7 SYSTEMPATH\CodeIgniter.php(355): CodeIgniter\CodeIgniter->handleRequest(null, Object(Config\Cache), false)
 8 SYSTEMPATH\Boot.php(325): CodeIgniter\CodeIgniter->run()
 9 SYSTEMPATH\Boot.php(67): CodeIgniter\Boot::runCodeIgniter(Object(CodeIgniter\CodeIgniter))
10 FCPATH\index.php(56): CodeIgniter\Boot::bootWeb(Object(Config\Paths))
11 SYSTEMPATH\rewrite.php(44): require_once('C:\\xampp\\htdocs\\sipbs\\public\\index.php')
INFO - 2024-10-22 12:32:06 --> Session: Class initialized using 'CodeIgniter\Session\Handlers\FileHandler' driver.
CRITICAL - 2024-10-22 12:32:06 --> Error: Cannot use object of type stdClass as array
[Method: GET, Route: backend/alternative]
in APPPATH\Views\Backend\alternative\v_read.php on line 243.
 1 SYSTEMPATH\View\View.php(234): include()
 2 SYSTEMPATH\View\View.php(237): CodeIgniter\View\View->CodeIgniter\View\{closure}()
 3 SYSTEMPATH\Common.php(1171): CodeIgniter\View\View->render('backend/alternative/v_read', [], true)
 4 APPPATH\Controllers\Backend\Alternative.php(27): view('backend/alternative/v_read', [...])
 5 SYSTEMPATH\CodeIgniter.php(933): App\Controllers\Backend\Alternative->index()
 6 SYSTEMPATH\CodeIgniter.php(509): CodeIgniter\CodeIgniter->runController(Object(App\Controllers\Backend\Alternative))
 7 SYSTEMPATH\CodeIgniter.php(355): CodeIgniter\CodeIgniter->handleRequest(null, Object(Config\Cache), false)
 8 SYSTEMPATH\Boot.php(325): CodeIgniter\CodeIgniter->run()
 9 SYSTEMPATH\Boot.php(67): CodeIgniter\Boot::runCodeIgniter(Object(CodeIgniter\CodeIgniter))
10 FCPATH\index.php(56): CodeIgniter\Boot::bootWeb(Object(Config\Paths))
11 SYSTEMPATH\rewrite.php(44): require_once('C:\\xampp\\htdocs\\sipbs\\public\\index.php')
INFO - 2024-10-22 12:32:06 --> Session: Class initialized using 'CodeIgniter\Session\Handlers\FileHandler' driver.
CRITICAL - 2024-10-22 12:32:06 --> Error: Cannot use object of type stdClass as array
[Method: GET, Route: backend/alternative]
in APPPATH\Views\Backend\alternative\v_read.php on line 243.
 1 SYSTEMPATH\View\View.php(234): include()
 2 SYSTEMPATH\View\View.php(237): CodeIgniter\View\View->CodeIgniter\View\{closure}()
 3 SYSTEMPATH\Common.php(1171): CodeIgniter\View\View->render('backend/alternative/v_read', [], true)
 4 APPPATH\Controllers\Backend\Alternative.php(27): view('backend/alternative/v_read', [...])
 5 SYSTEMPATH\CodeIgniter.php(933): App\Controllers\Backend\Alternative->index()
 6 SYSTEMPATH\CodeIgniter.php(509): CodeIgniter\CodeIgniter->runController(Object(App\Controllers\Backend\Alternative))
 7 SYSTEMPATH\CodeIgniter.php(355): CodeIgniter\CodeIgniter->handleRequest(null, Object(Config\Cache), false)
 8 SYSTEMPATH\Boot.php(325): CodeIgniter\CodeIgniter->run()
 9 SYSTEMPATH\Boot.php(67): CodeIgniter\Boot::runCodeIgniter(Object(CodeIgniter\CodeIgniter))
10 FCPATH\index.php(56): CodeIgniter\Boot::bootWeb(Object(Config\Paths))
11 SYSTEMPATH\rewrite.php(44): require_once('C:\\xampp\\htdocs\\sipbs\\public\\index.php')
INFO - 2024-10-22 12:32:59 --> Session: Class initialized using 'CodeIgniter\Session\Handlers\FileHandler' driver.
CRITICAL - 2024-10-22 12:32:59 --> Error: Cannot use object of type stdClass as array
[Method: GET, Route: backend/alternative]
in APPPATH\Views\Backend\alternative\v_read.php on line 265.
 1 SYSTEMPATH\View\View.php(234): include()
 2 SYSTEMPATH\View\View.php(237): CodeIgniter\View\View->CodeIgniter\View\{closure}()
 3 SYSTEMPATH\Common.php(1171): CodeIgniter\View\View->render('backend/alternative/v_read', [], true)
 4 APPPATH\Controllers\Backend\Alternative.php(27): view('backend/alternative/v_read', [...])
 5 SYSTEMPATH\CodeIgniter.php(933): App\Controllers\Backend\Alternative->index()
 6 SYSTEMPATH\CodeIgniter.php(509): CodeIgniter\CodeIgniter->runController(Object(App\Controllers\Backend\Alternative))
 7 SYSTEMPATH\CodeIgniter.php(355): CodeIgniter\CodeIgniter->handleRequest(null, Object(Config\Cache), false)
 8 SYSTEMPATH\Boot.php(325): CodeIgniter\CodeIgniter->run()
 9 SYSTEMPATH\Boot.php(67): CodeIgniter\Boot::runCodeIgniter(Object(CodeIgniter\CodeIgniter))
10 FCPATH\index.php(56): CodeIgniter\Boot::bootWeb(Object(Config\Paths))
11 SYSTEMPATH\rewrite.php(44): require_once('C:\\xampp\\htdocs\\sipbs\\public\\index.php')
INFO - 2024-10-22 12:33:00 --> Session: Class initialized using 'CodeIgniter\Session\Handlers\FileHandler' driver.
CRITICAL - 2024-10-22 12:33:00 --> Error: Cannot use object of type stdClass as array
[Method: GET, Route: backend/alternative]
in APPPATH\Views\Backend\alternative\v_read.php on line 265.
 1 SYSTEMPATH\View\View.php(234): include()
 2 SYSTEMPATH\View\View.php(237): CodeIgniter\View\View->CodeIgniter\View\{closure}()
 3 SYSTEMPATH\Common.php(1171): CodeIgniter\View\View->render('backend/alternative/v_read', [], true)
 4 APPPATH\Controllers\Backend\Alternative.php(27): view('backend/alternative/v_read', [...])
 5 SYSTEMPATH\CodeIgniter.php(933): App\Controllers\Backend\Alternative->index()
 6 SYSTEMPATH\CodeIgniter.php(509): CodeIgniter\CodeIgniter->runController(Object(App\Controllers\Backend\Alternative))
 7 SYSTEMPATH\CodeIgniter.php(355): CodeIgniter\CodeIgniter->handleRequest(null, Object(Config\Cache), false)
 8 SYSTEMPATH\Boot.php(325): CodeIgniter\CodeIgniter->run()
 9 SYSTEMPATH\Boot.php(67): CodeIgniter\Boot::runCodeIgniter(Object(CodeIgniter\CodeIgniter))
10 FCPATH\index.php(56): CodeIgniter\Boot::bootWeb(Object(Config\Paths))
11 SYSTEMPATH\rewrite.php(44): require_once('C:\\xampp\\htdocs\\sipbs\\public\\index.php')
INFO - 2024-10-22 12:33:00 --> Session: Class initialized using 'CodeIgniter\Session\Handlers\FileHandler' driver.
CRITICAL - 2024-10-22 12:33:00 --> Error: Cannot use object of type stdClass as array
[Method: GET, Route: backend/alternative]
in APPPATH\Views\Backend\alternative\v_read.php on line 265.
 1 SYSTEMPATH\View\View.php(234): include()
 2 SYSTEMPATH\View\View.php(237): CodeIgniter\View\View->CodeIgniter\View\{closure}()
 3 SYSTEMPATH\Common.php(1171): CodeIgniter\View\View->render('backend/alternative/v_read', [], true)
 4 APPPATH\Controllers\Backend\Alternative.php(27): view('backend/alternative/v_read', [...])
 5 SYSTEMPATH\CodeIgniter.php(933): App\Controllers\Backend\Alternative->index()
 6 SYSTEMPATH\CodeIgniter.php(509): CodeIgniter\CodeIgniter->runController(Object(App\Controllers\Backend\Alternative))
 7 SYSTEMPATH\CodeIgniter.php(355): CodeIgniter\CodeIgniter->handleRequest(null, Object(Config\Cache), false)
 8 SYSTEMPATH\Boot.php(325): CodeIgniter\CodeIgniter->run()
 9 SYSTEMPATH\Boot.php(67): CodeIgniter\Boot::runCodeIgniter(Object(CodeIgniter\CodeIgniter))
10 FCPATH\index.php(56): CodeIgniter\Boot::bootWeb(Object(Config\Paths))
11 SYSTEMPATH\rewrite.php(44): require_once('C:\\xampp\\htdocs\\sipbs\\public\\index.php')
INFO - 2024-10-22 12:33:01 --> Session: Class initialized using 'CodeIgniter\Session\Handlers\FileHandler' driver.
CRITICAL - 2024-10-22 12:33:01 --> Error: Cannot use object of type stdClass as array
[Method: GET, Route: backend/alternative]
in APPPATH\Views\Backend\alternative\v_read.php on line 265.
 1 SYSTEMPATH\View\View.php(234): include()
 2 SYSTEMPATH\View\View.php(237): CodeIgniter\View\View->CodeIgniter\View\{closure}()
 3 SYSTEMPATH\Common.php(1171): CodeIgniter\View\View->render('backend/alternative/v_read', [], true)
 4 APPPATH\Controllers\Backend\Alternative.php(27): view('backend/alternative/v_read', [...])
 5 SYSTEMPATH\CodeIgniter.php(933): App\Controllers\Backend\Alternative->index()
 6 SYSTEMPATH\CodeIgniter.php(509): CodeIgniter\CodeIgniter->runController(Object(App\Controllers\Backend\Alternative))
 7 SYSTEMPATH\CodeIgniter.php(355): CodeIgniter\CodeIgniter->handleRequest(null, Object(Config\Cache), false)
 8 SYSTEMPATH\Boot.php(325): CodeIgniter\CodeIgniter->run()
 9 SYSTEMPATH\Boot.php(67): CodeIgniter\Boot::runCodeIgniter(Object(CodeIgniter\CodeIgniter))
10 FCPATH\index.php(56): CodeIgniter\Boot::bootWeb(Object(Config\Paths))
11 SYSTEMPATH\rewrite.php(44): require_once('C:\\xampp\\htdocs\\sipbs\\public\\index.php')
INFO - 2024-10-22 12:33:55 --> Session: Class initialized using 'CodeIgniter\Session\Handlers\FileHandler' driver.
CRITICAL - 2024-10-22 12:33:55 --> Error: Cannot use object of type stdClass as array
[Method: GET, Route: backend/alternative]
in APPPATH\Views\Backend\alternative\v_read.php on line 243.
 1 SYSTEMPATH\View\View.php(234): include()
 2 SYSTEMPATH\View\View.php(237): CodeIgniter\View\View->CodeIgniter\View\{closure}()
 3 SYSTEMPATH\Common.php(1171): CodeIgniter\View\View->render('backend/alternative/v_read', [], true)
 4 APPPATH\Controllers\Backend\Alternative.php(27): view('backend/alternative/v_read', [...])
 5 SYSTEMPATH\CodeIgniter.php(933): App\Controllers\Backend\Alternative->index()
 6 SYSTEMPATH\CodeIgniter.php(509): CodeIgniter\CodeIgniter->runController(Object(App\Controllers\Backend\Alternative))
 7 SYSTEMPATH\CodeIgniter.php(355): CodeIgniter\CodeIgniter->handleRequest(null, Object(Config\Cache), false)
 8 SYSTEMPATH\Boot.php(325): CodeIgniter\CodeIgniter->run()
 9 SYSTEMPATH\Boot.php(67): CodeIgniter\Boot::runCodeIgniter(Object(CodeIgniter\CodeIgniter))
10 FCPATH\index.php(56): CodeIgniter\Boot::bootWeb(Object(Config\Paths))
11 SYSTEMPATH\rewrite.php(44): require_once('C:\\xampp\\htdocs\\sipbs\\public\\index.php')
INFO - 2024-10-22 12:33:56 --> Session: Class initialized using 'CodeIgniter\Session\Handlers\FileHandler' driver.
CRITICAL - 2024-10-22 12:33:56 --> Error: Cannot use object of type stdClass as array
[Method: GET, Route: backend/alternative]
in APPPATH\Views\Backend\alternative\v_read.php on line 243.
 1 SYSTEMPATH\View\View.php(234): include()
 2 SYSTEMPATH\View\View.php(237): CodeIgniter\View\View->CodeIgniter\View\{closure}()
 3 SYSTEMPATH\Common.php(1171): CodeIgniter\View\View->render('backend/alternative/v_read', [], true)
 4 APPPATH\Controllers\Backend\Alternative.php(27): view('backend/alternative/v_read', [...])
 5 SYSTEMPATH\CodeIgniter.php(933): App\Controllers\Backend\Alternative->index()
 6 SYSTEMPATH\CodeIgniter.php(509): CodeIgniter\CodeIgniter->runController(Object(App\Controllers\Backend\Alternative))
 7 SYSTEMPATH\CodeIgniter.php(355): CodeIgniter\CodeIgniter->handleRequest(null, Object(Config\Cache), false)
 8 SYSTEMPATH\Boot.php(325): CodeIgniter\CodeIgniter->run()
 9 SYSTEMPATH\Boot.php(67): CodeIgniter\Boot::runCodeIgniter(Object(CodeIgniter\CodeIgniter))
10 FCPATH\index.php(56): CodeIgniter\Boot::bootWeb(Object(Config\Paths))
11 SYSTEMPATH\rewrite.php(44): require_once('C:\\xampp\\htdocs\\sipbs\\public\\index.php')
INFO - 2024-10-22 12:33:57 --> Session: Class initialized using 'CodeIgniter\Session\Handlers\FileHandler' driver.
CRITICAL - 2024-10-22 12:33:57 --> Error: Cannot use object of type stdClass as array
[Method: GET, Route: backend/alternative]
in APPPATH\Views\Backend\alternative\v_read.php on line 243.
 1 SYSTEMPATH\View\View.php(234): include()
 2 SYSTEMPATH\View\View.php(237): CodeIgniter\View\View->CodeIgniter\View\{closure}()
 3 SYSTEMPATH\Common.php(1171): CodeIgniter\View\View->render('backend/alternative/v_read', [], true)
 4 APPPATH\Controllers\Backend\Alternative.php(27): view('backend/alternative/v_read', [...])
 5 SYSTEMPATH\CodeIgniter.php(933): App\Controllers\Backend\Alternative->index()
 6 SYSTEMPATH\CodeIgniter.php(509): CodeIgniter\CodeIgniter->runController(Object(App\Controllers\Backend\Alternative))
 7 SYSTEMPATH\CodeIgniter.php(355): CodeIgniter\CodeIgniter->handleRequest(null, Object(Config\Cache), false)
 8 SYSTEMPATH\Boot.php(325): CodeIgniter\CodeIgniter->run()
 9 SYSTEMPATH\Boot.php(67): CodeIgniter\Boot::runCodeIgniter(Object(CodeIgniter\CodeIgniter))
10 FCPATH\index.php(56): CodeIgniter\Boot::bootWeb(Object(Config\Paths))
11 SYSTEMPATH\rewrite.php(44): require_once('C:\\xampp\\htdocs\\sipbs\\public\\index.php')
INFO - 2024-10-22 12:33:57 --> Session: Class initialized using 'CodeIgniter\Session\Handlers\FileHandler' driver.
CRITICAL - 2024-10-22 12:33:57 --> Error: Cannot use object of type stdClass as array
[Method: GET, Route: backend/alternative]
in APPPATH\Views\Backend\alternative\v_read.php on line 243.
 1 SYSTEMPATH\View\View.php(234): include()
 2 SYSTEMPATH\View\View.php(237): CodeIgniter\View\View->CodeIgniter\View\{closure}()
 3 SYSTEMPATH\Common.php(1171): CodeIgniter\View\View->render('backend/alternative/v_read', [], true)
 4 APPPATH\Controllers\Backend\Alternative.php(27): view('backend/alternative/v_read', [...])
 5 SYSTEMPATH\CodeIgniter.php(933): App\Controllers\Backend\Alternative->index()
 6 SYSTEMPATH\CodeIgniter.php(509): CodeIgniter\CodeIgniter->runController(Object(App\Controllers\Backend\Alternative))
 7 SYSTEMPATH\CodeIgniter.php(355): CodeIgniter\CodeIgniter->handleRequest(null, Object(Config\Cache), false)
 8 SYSTEMPATH\Boot.php(325): CodeIgniter\CodeIgniter->run()
 9 SYSTEMPATH\Boot.php(67): CodeIgniter\Boot::runCodeIgniter(Object(CodeIgniter\CodeIgniter))
10 FCPATH\index.php(56): CodeIgniter\Boot::bootWeb(Object(Config\Paths))
11 SYSTEMPATH\rewrite.php(44): require_once('C:\\xampp\\htdocs\\sipbs\\public\\index.php')
INFO - 2024-10-22 12:33:57 --> Session: Class initialized using 'CodeIgniter\Session\Handlers\FileHandler' driver.
CRITICAL - 2024-10-22 12:33:57 --> Error: Cannot use object of type stdClass as array
[Method: GET, Route: backend/alternative]
in APPPATH\Views\Backend\alternative\v_read.php on line 243.
 1 SYSTEMPATH\View\View.php(234): include()
 2 SYSTEMPATH\View\View.php(237): CodeIgniter\View\View->CodeIgniter\View\{closure}()
 3 SYSTEMPATH\Common.php(1171): CodeIgniter\View\View->render('backend/alternative/v_read', [], true)
 4 APPPATH\Controllers\Backend\Alternative.php(27): view('backend/alternative/v_read', [...])
 5 SYSTEMPATH\CodeIgniter.php(933): App\Controllers\Backend\Alternative->index()
 6 SYSTEMPATH\CodeIgniter.php(509): CodeIgniter\CodeIgniter->runController(Object(App\Controllers\Backend\Alternative))
 7 SYSTEMPATH\CodeIgniter.php(355): CodeIgniter\CodeIgniter->handleRequest(null, Object(Config\Cache), false)
 8 SYSTEMPATH\Boot.php(325): CodeIgniter\CodeIgniter->run()
 9 SYSTEMPATH\Boot.php(67): CodeIgniter\Boot::runCodeIgniter(Object(CodeIgniter\CodeIgniter))
10 FCPATH\index.php(56): CodeIgniter\Boot::bootWeb(Object(Config\Paths))
11 SYSTEMPATH\rewrite.php(44): require_once('C:\\xampp\\htdocs\\sipbs\\public\\index.php')
INFO - 2024-10-22 12:34:11 --> Session: Class initialized using 'CodeIgniter\Session\Handlers\FileHandler' driver.
CRITICAL - 2024-10-22 12:34:11 --> ErrorException: Undefined variable $s
[Method: GET, Route: backend/alternative]
in APPPATH\Views\Backend\alternative\v_read.php on line 243.
 1 APPPATH\Views\Backend\alternative\v_read.php(243): CodeIgniter\Debug\Exceptions->errorHandler(2, 'Undefined variable $s', 'C:\\xampp\\htdocs\\sipbs\\app\\Views\\Backend\\alternative\\v_read.php', 243)
 2 SYSTEMPATH\View\View.php(234): include('C:\\xampp\\htdocs\\sipbs\\app\\Views\\Backend\\alternative\\v_read.php')
 3 SYSTEMPATH\View\View.php(237): CodeIgniter\View\View->CodeIgniter\View\{closure}()
 4 SYSTEMPATH\Common.php(1171): CodeIgniter\View\View->render('backend/alternative/v_read', [], true)
 5 APPPATH\Controllers\Backend\Alternative.php(27): view('backend/alternative/v_read', [...])
 6 SYSTEMPATH\CodeIgniter.php(933): App\Controllers\Backend\Alternative->index()
 7 SYSTEMPATH\CodeIgniter.php(509): CodeIgniter\CodeIgniter->runController(Object(App\Controllers\Backend\Alternative))
 8 SYSTEMPATH\CodeIgniter.php(355): CodeIgniter\CodeIgniter->handleRequest(null, Object(Config\Cache), false)
 9 SYSTEMPATH\Boot.php(325): CodeIgniter\CodeIgniter->run()
10 SYSTEMPATH\Boot.php(67): CodeIgniter\Boot::runCodeIgniter(Object(CodeIgniter\CodeIgniter))
11 FCPATH\index.php(56): CodeIgniter\Boot::bootWeb(Object(Config\Paths))
12 SYSTEMPATH\rewrite.php(44): require_once('C:\\xampp\\htdocs\\sipbs\\public\\index.php')
INFO - 2024-10-22 12:34:12 --> Session: Class initialized using 'CodeIgniter\Session\Handlers\FileHandler' driver.
CRITICAL - 2024-10-22 12:34:12 --> ErrorException: Undefined variable $s
[Method: GET, Route: backend/alternative]
in APPPATH\Views\Backend\alternative\v_read.php on line 243.
 1 APPPATH\Views\Backend\alternative\v_read.php(243): CodeIgniter\Debug\Exceptions->errorHandler(2, 'Undefined variable $s', 'C:\\xampp\\htdocs\\sipbs\\app\\Views\\Backend\\alternative\\v_read.php', 243)
 2 SYSTEMPATH\View\View.php(234): include('C:\\xampp\\htdocs\\sipbs\\app\\Views\\Backend\\alternative\\v_read.php')
 3 SYSTEMPATH\View\View.php(237): CodeIgniter\View\View->CodeIgniter\View\{closure}()
 4 SYSTEMPATH\Common.php(1171): CodeIgniter\View\View->render('backend/alternative/v_read', [], true)
 5 APPPATH\Controllers\Backend\Alternative.php(27): view('backend/alternative/v_read', [...])
 6 SYSTEMPATH\CodeIgniter.php(933): App\Controllers\Backend\Alternative->index()
 7 SYSTEMPATH\CodeIgniter.php(509): CodeIgniter\CodeIgniter->runController(Object(App\Controllers\Backend\Alternative))
 8 SYSTEMPATH\CodeIgniter.php(355): CodeIgniter\CodeIgniter->handleRequest(null, Object(Config\Cache), false)
 9 SYSTEMPATH\Boot.php(325): CodeIgniter\CodeIgniter->run()
10 SYSTEMPATH\Boot.php(67): CodeIgniter\Boot::runCodeIgniter(Object(CodeIgniter\CodeIgniter))
11 FCPATH\index.php(56): CodeIgniter\Boot::bootWeb(Object(Config\Paths))
12 SYSTEMPATH\rewrite.php(44): require_once('C:\\xampp\\htdocs\\sipbs\\public\\index.php')
INFO - 2024-10-22 12:36:48 --> Session: Class initialized using 'CodeIgniter\Session\Handlers\FileHandler' driver.
CRITICAL - 2024-10-22 12:36:48 --> ErrorException: Undefined property: CodeIgniter\View\View::$input
[Method: GET, Route: backend/alternative]
in APPPATH\Views\Backend\alternative\v_read.php on line 273.
 1 APPPATH\Views\Backend\alternative\v_read.php(273): CodeIgniter\Debug\Exceptions->errorHandler(2, 'Undefined property: CodeIgniter\\View\\View::$input', 'C:\\xampp\\htdocs\\sipbs\\app\\Views\\Backend\\alternative\\v_read.php', 273)
 2 SYSTEMPATH\View\View.php(234): include('C:\\xampp\\htdocs\\sipbs\\app\\Views\\Backend\\alternative\\v_read.php')
 3 SYSTEMPATH\View\View.php(237): CodeIgniter\View\View->CodeIgniter\View\{closure}()
 4 SYSTEMPATH\Common.php(1171): CodeIgniter\View\View->render('backend/alternative/v_read', [], true)
 5 APPPATH\Controllers\Backend\Alternative.php(27): view('backend/alternative/v_read', [...])
 6 SYSTEMPATH\CodeIgniter.php(933): App\Controllers\Backend\Alternative->index()
 7 SYSTEMPATH\CodeIgniter.php(509): CodeIgniter\CodeIgniter->runController(Object(App\Controllers\Backend\Alternative))
 8 SYSTEMPATH\CodeIgniter.php(355): CodeIgniter\CodeIgniter->handleRequest(null, Object(Config\Cache), false)
 9 SYSTEMPATH\Boot.php(325): CodeIgniter\CodeIgniter->run()
10 SYSTEMPATH\Boot.php(67): CodeIgniter\Boot::runCodeIgniter(Object(CodeIgniter\CodeIgniter))
11 FCPATH\index.php(56): CodeIgniter\Boot::bootWeb(Object(Config\Paths))
12 SYSTEMPATH\rewrite.php(44): require_once('C:\\xampp\\htdocs\\sipbs\\public\\index.php')
INFO - 2024-10-22 12:36:49 --> Session: Class initialized using 'CodeIgniter\Session\Handlers\FileHandler' driver.
CRITICAL - 2024-10-22 12:36:49 --> ErrorException: Undefined property: CodeIgniter\View\View::$input
[Method: GET, Route: backend/alternative]
in APPPATH\Views\Backend\alternative\v_read.php on line 273.
 1 APPPATH\Views\Backend\alternative\v_read.php(273): CodeIgniter\Debug\Exceptions->errorHandler(2, 'Undefined property: CodeIgniter\\View\\View::$input', 'C:\\xampp\\htdocs\\sipbs\\app\\Views\\Backend\\alternative\\v_read.php', 273)
 2 SYSTEMPATH\View\View.php(234): include('C:\\xampp\\htdocs\\sipbs\\app\\Views\\Backend\\alternative\\v_read.php')
 3 SYSTEMPATH\View\View.php(237): CodeIgniter\View\View->CodeIgniter\View\{closure}()
 4 SYSTEMPATH\Common.php(1171): CodeIgniter\View\View->render('backend/alternative/v_read', [], true)
 5 APPPATH\Controllers\Backend\Alternative.php(27): view('backend/alternative/v_read', [...])
 6 SYSTEMPATH\CodeIgniter.php(933): App\Controllers\Backend\Alternative->index()
 7 SYSTEMPATH\CodeIgniter.php(509): CodeIgniter\CodeIgniter->runController(Object(App\Controllers\Backend\Alternative))
 8 SYSTEMPATH\CodeIgniter.php(355): CodeIgniter\CodeIgniter->handleRequest(null, Object(Config\Cache), false)
 9 SYSTEMPATH\Boot.php(325): CodeIgniter\CodeIgniter->run()
10 SYSTEMPATH\Boot.php(67): CodeIgniter\Boot::runCodeIgniter(Object(CodeIgniter\CodeIgniter))
11 FCPATH\index.php(56): CodeIgniter\Boot::bootWeb(Object(Config\Paths))
12 SYSTEMPATH\rewrite.php(44): require_once('C:\\xampp\\htdocs\\sipbs\\public\\index.php')
INFO - 2024-10-22 12:37:49 --> Session: Class initialized using 'CodeIgniter\Session\Handlers\FileHandler' driver.
CRITICAL - 2024-10-22 12:37:49 --> ErrorException: Undefined property: CodeIgniter\View\View::$session
[Method: GET, Route: backend/alternative]
in APPPATH\Views\Backend\alternative\v_read.php on line 324.
 1 APPPATH\Views\Backend\alternative\v_read.php(324): CodeIgniter\Debug\Exceptions->errorHandler(2, 'Undefined property: CodeIgniter\\View\\View::$session', 'C:\\xampp\\htdocs\\sipbs\\app\\Views\\Backend\\alternative\\v_read.php', 324)
 2 SYSTEMPATH\View\View.php(234): include('C:\\xampp\\htdocs\\sipbs\\app\\Views\\Backend\\alternative\\v_read.php')
 3 SYSTEMPATH\View\View.php(237): CodeIgniter\View\View->CodeIgniter\View\{closure}()
 4 SYSTEMPATH\Common.php(1171): CodeIgniter\View\View->render('backend/alternative/v_read', [], true)
 5 APPPATH\Controllers\Backend\Alternative.php(27): view('backend/alternative/v_read', [...])
 6 SYSTEMPATH\CodeIgniter.php(933): App\Controllers\Backend\Alternative->index()
 7 SYSTEMPATH\CodeIgniter.php(509): CodeIgniter\CodeIgniter->runController(Object(App\Controllers\Backend\Alternative))
 8 SYSTEMPATH\CodeIgniter.php(355): CodeIgniter\CodeIgniter->handleRequest(null, Object(Config\Cache), false)
 9 SYSTEMPATH\Boot.php(325): CodeIgniter\CodeIgniter->run()
10 SYSTEMPATH\Boot.php(67): CodeIgniter\Boot::runCodeIgniter(Object(CodeIgniter\CodeIgniter))
11 FCPATH\index.php(56): CodeIgniter\Boot::bootWeb(Object(Config\Paths))
12 SYSTEMPATH\rewrite.php(44): require_once('C:\\xampp\\htdocs\\sipbs\\public\\index.php')
INFO - 2024-10-22 12:37:50 --> Session: Class initialized using 'CodeIgniter\Session\Handlers\FileHandler' driver.
CRITICAL - 2024-10-22 12:37:50 --> ErrorException: Undefined property: CodeIgniter\View\View::$session
[Method: GET, Route: backend/alternative]
in APPPATH\Views\Backend\alternative\v_read.php on line 324.
 1 APPPATH\Views\Backend\alternative\v_read.php(324): CodeIgniter\Debug\Exceptions->errorHandler(2, 'Undefined property: CodeIgniter\\View\\View::$session', 'C:\\xampp\\htdocs\\sipbs\\app\\Views\\Backend\\alternative\\v_read.php', 324)
 2 SYSTEMPATH\View\View.php(234): include('C:\\xampp\\htdocs\\sipbs\\app\\Views\\Backend\\alternative\\v_read.php')
 3 SYSTEMPATH\View\View.php(237): CodeIgniter\View\View->CodeIgniter\View\{closure}()
 4 SYSTEMPATH\Common.php(1171): CodeIgniter\View\View->render('backend/alternative/v_read', [], true)
 5 APPPATH\Controllers\Backend\Alternative.php(27): view('backend/alternative/v_read', [...])
 6 SYSTEMPATH\CodeIgniter.php(933): App\Controllers\Backend\Alternative->index()
 7 SYSTEMPATH\CodeIgniter.php(509): CodeIgniter\CodeIgniter->runController(Object(App\Controllers\Backend\Alternative))
 8 SYSTEMPATH\CodeIgniter.php(355): CodeIgniter\CodeIgniter->handleRequest(null, Object(Config\Cache), false)
 9 SYSTEMPATH\Boot.php(325): CodeIgniter\CodeIgniter->run()
10 SYSTEMPATH\Boot.php(67): CodeIgniter\Boot::runCodeIgniter(Object(CodeIgniter\CodeIgniter))
11 FCPATH\index.php(56): CodeIgniter\Boot::bootWeb(Object(Config\Paths))
12 SYSTEMPATH\rewrite.php(44): require_once('C:\\xampp\\htdocs\\sipbs\\public\\index.php')
INFO - 2024-10-22 12:38:22 --> Session: Class initialized using 'CodeIgniter\Session\Handlers\FileHandler' driver.
INFO - 2024-10-22 16:08:26 --> Session: Class initialized using 'CodeIgniter\Session\Handlers\FileHandler' driver.
INFO - 2024-10-22 16:08:36 --> Session: Class initialized using 'CodeIgniter\Session\Handlers\FileHandler' driver.
INFO - 2024-10-22 16:08:37 --> Session: Class initialized using 'CodeIgniter\Session\Handlers\FileHandler' driver.
INFO - 2024-10-22 16:08:37 --> Session: Class initialized using 'CodeIgniter\Session\Handlers\FileHandler' driver.
INFO - 2024-10-22 16:08:38 --> Session: Class initialized using 'CodeIgniter\Session\Handlers\FileHandler' driver.
INFO - 2024-10-22 16:08:38 --> Session: Class initialized using 'CodeIgniter\Session\Handlers\FileHandler' driver.
INFO - 2024-10-22 16:08:41 --> Session: Class initialized using 'CodeIgniter\Session\Handlers\FileHandler' driver.
CRITICAL - 2024-10-22 16:08:41 --> ErrorException: Undefined property: CodeIgniter\View\View::$session
[Method: GET, Route: backend/alternative]
in APPPATH\Views\Backend\alternative\v_read.php on line 324.
 1 APPPATH\Views\Backend\alternative\v_read.php(324): CodeIgniter\Debug\Exceptions->errorHandler(2, 'Undefined property: CodeIgniter\\View\\View::$session', 'C:\\xampp\\htdocs\\sipbs\\app\\Views\\Backend\\alternative\\v_read.php', 324)
 2 SYSTEMPATH\View\View.php(234): include('C:\\xampp\\htdocs\\sipbs\\app\\Views\\Backend\\alternative\\v_read.php')
 3 SYSTEMPATH\View\View.php(237): CodeIgniter\View\View->CodeIgniter\View\{closure}()
 4 SYSTEMPATH\Common.php(1171): CodeIgniter\View\View->render('backend/alternative/v_read', [], true)
 5 APPPATH\Controllers\Backend\Alternative.php(27): view('backend/alternative/v_read', [...])
 6 SYSTEMPATH\CodeIgniter.php(933): App\Controllers\Backend\Alternative->index()
 7 SYSTEMPATH\CodeIgniter.php(509): CodeIgniter\CodeIgniter->runController(Object(App\Controllers\Backend\Alternative))
 8 SYSTEMPATH\CodeIgniter.php(355): CodeIgniter\CodeIgniter->handleRequest(null, Object(Config\Cache), false)
 9 SYSTEMPATH\Boot.php(325): CodeIgniter\CodeIgniter->run()
10 SYSTEMPATH\Boot.php(67): CodeIgniter\Boot::runCodeIgniter(Object(CodeIgniter\CodeIgniter))
11 FCPATH\index.php(56): CodeIgniter\Boot::bootWeb(Object(Config\Paths))
12 SYSTEMPATH\rewrite.php(44): require_once('C:\\xampp\\htdocs\\sipbs\\public\\index.php')
INFO - 2024-10-22 16:10:37 --> Session: Class initialized using 'CodeIgniter\Session\Handlers\FileHandler' driver.
